<?xml version="1.0" encoding="UTF-8"?>
<coverage generated="1594613745293" clover="3.2.0">
  <project timestamp="1594613745293" name="All files">
    <metrics statements="291" coveredstatements="256" conditionals="162" coveredconditionals="71" methods="79" coveredmethods="76" elements="532" coveredelements="403" complexity="0" loc="291" ncloc="291" packages="25" files="64" classes="64"/>
    <package name="src">
      <metrics statements="8" coveredstatements="8" conditionals="0" coveredconditionals="0" methods="3" coveredmethods="3"/>
      <file name="Context.js" path="C:\Users\Erick Daniel\Desktop\Platzi_Master\Proyecto_Final_C2\frontend\src\Context.js">
        <metrics statements="8" coveredstatements="8" conditionals="0" coveredconditionals="0" methods="3" coveredmethods="3"/>
        <line num="2" count="3" type="stmt"/>
        <line num="4" count="3" type="stmt"/>
        <line num="5" count="8" type="stmt"/>
        <line num="6" count="8" type="stmt"/>
        <line num="7" count="8" type="stmt"/>
        <line num="10" count="1" type="stmt"/>
        <line num="14" count="1" type="stmt"/>
        <line num="18" count="8" type="stmt"/>
      </file>
    </package>
    <package name="src.assets.static">
      <metrics statements="36" coveredstatements="34" conditionals="2" coveredconditionals="0" methods="18" coveredmethods="16"/>
      <file name="icon-accountCircle.js" path="C:\Users\Erick Daniel\Desktop\Platzi_Master\Proyecto_Final_C2\frontend\src\assets\static\icon-accountCircle.js">
        <metrics statements="2" coveredstatements="2" conditionals="0" coveredconditionals="0" methods="1" coveredmethods="1"/>
        <line num="3" count="7" type="stmt"/>
        <line num="4" count="92" type="stmt"/>
      </file>
      <file name="icon-add.js" path="C:\Users\Erick Daniel\Desktop\Platzi_Master\Proyecto_Final_C2\frontend\src\assets\static\icon-add.js">
        <metrics statements="2" coveredstatements="2" conditionals="0" coveredconditionals="0" methods="1" coveredmethods="1"/>
        <line num="3" count="1" type="stmt"/>
        <line num="4" count="1" type="stmt"/>
      </file>
      <file name="icon-arrow-back.js" path="C:\Users\Erick Daniel\Desktop\Platzi_Master\Proyecto_Final_C2\frontend\src\assets\static\icon-arrow-back.js">
        <metrics statements="2" coveredstatements="2" conditionals="2" coveredconditionals="0" methods="1" coveredmethods="1"/>
        <line num="3" count="1" type="cond" truecount="0" falsecount="2"/>
        <line num="4" count="1" type="stmt"/>
      </file>
      <file name="icon-avatar.js" path="C:\Users\Erick Daniel\Desktop\Platzi_Master\Proyecto_Final_C2\frontend\src\assets\static\icon-avatar.js">
        <metrics statements="2" coveredstatements="1" conditionals="0" coveredconditionals="0" methods="1" coveredmethods="0"/>
        <line num="3" count="1" type="stmt"/>
        <line num="4" count="0" type="stmt"/>
      </file>
      <file name="icon-checkbox-false.js" path="C:\Users\Erick Daniel\Desktop\Platzi_Master\Proyecto_Final_C2\frontend\src\assets\static\icon-checkbox-false.js">
        <metrics statements="2" coveredstatements="2" conditionals="0" coveredconditionals="0" methods="1" coveredmethods="1"/>
        <line num="3" count="1" type="stmt"/>
        <line num="4" count="3" type="stmt"/>
      </file>
      <file name="icon-delete.js" path="C:\Users\Erick Daniel\Desktop\Platzi_Master\Proyecto_Final_C2\frontend\src\assets\static\icon-delete.js">
        <metrics statements="2" coveredstatements="2" conditionals="0" coveredconditionals="0" methods="1" coveredmethods="1"/>
        <line num="3" count="1" type="stmt"/>
        <line num="4" count="1" type="stmt"/>
      </file>
      <file name="icon-duration.js" path="C:\Users\Erick Daniel\Desktop\Platzi_Master\Proyecto_Final_C2\frontend\src\assets\static\icon-duration.js">
        <metrics statements="2" coveredstatements="2" conditionals="0" coveredconditionals="0" methods="1" coveredmethods="1"/>
        <line num="3" count="1" type="stmt"/>
        <line num="4" count="2" type="stmt"/>
      </file>
      <file name="icon-edit.js" path="C:\Users\Erick Daniel\Desktop\Platzi_Master\Proyecto_Final_C2\frontend\src\assets\static\icon-edit.js">
        <metrics statements="2" coveredstatements="2" conditionals="0" coveredconditionals="0" methods="1" coveredmethods="1"/>
        <line num="3" count="2" type="stmt"/>
        <line num="4" count="2" type="stmt"/>
      </file>
      <file name="icon-email.js" path="C:\Users\Erick Daniel\Desktop\Platzi_Master\Proyecto_Final_C2\frontend\src\assets\static\icon-email.js">
        <metrics statements="2" coveredstatements="2" conditionals="0" coveredconditionals="0" methods="1" coveredmethods="1"/>
        <line num="3" count="1" type="stmt"/>
        <line num="4" count="1" type="stmt"/>
      </file>
      <file name="icon-github.js" path="C:\Users\Erick Daniel\Desktop\Platzi_Master\Proyecto_Final_C2\frontend\src\assets\static\icon-github.js">
        <metrics statements="2" coveredstatements="2" conditionals="0" coveredconditionals="0" methods="1" coveredmethods="1"/>
        <line num="3" count="2" type="stmt"/>
        <line num="4" count="2" type="stmt"/>
      </file>
      <file name="icon-linkedin.js" path="C:\Users\Erick Daniel\Desktop\Platzi_Master\Proyecto_Final_C2\frontend\src\assets\static\icon-linkedin.js">
        <metrics statements="2" coveredstatements="2" conditionals="0" coveredconditionals="0" methods="1" coveredmethods="1"/>
        <line num="3" count="1" type="stmt"/>
        <line num="4" count="1" type="stmt"/>
      </file>
      <file name="icon-menu.js" path="C:\Users\Erick Daniel\Desktop\Platzi_Master\Proyecto_Final_C2\frontend\src\assets\static\icon-menu.js">
        <metrics statements="2" coveredstatements="2" conditionals="0" coveredconditionals="0" methods="1" coveredmethods="1"/>
        <line num="3" count="1" type="stmt"/>
        <line num="4" count="2" type="stmt"/>
      </file>
      <file name="icon-password.js" path="C:\Users\Erick Daniel\Desktop\Platzi_Master\Proyecto_Final_C2\frontend\src\assets\static\icon-password.js">
        <metrics statements="2" coveredstatements="2" conditionals="0" coveredconditionals="0" methods="1" coveredmethods="1"/>
        <line num="3" count="1" type="stmt"/>
        <line num="4" count="1" type="stmt"/>
      </file>
      <file name="icon-price.js" path="C:\Users\Erick Daniel\Desktop\Platzi_Master\Proyecto_Final_C2\frontend\src\assets\static\icon-price.js">
        <metrics statements="2" coveredstatements="2" conditionals="0" coveredconditionals="0" methods="1" coveredmethods="1"/>
        <line num="3" count="1" type="stmt"/>
        <line num="4" count="2" type="stmt"/>
      </file>
      <file name="icon-twitter.js" path="C:\Users\Erick Daniel\Desktop\Platzi_Master\Proyecto_Final_C2\frontend\src\assets\static\icon-twitter.js">
        <metrics statements="2" coveredstatements="2" conditionals="0" coveredconditionals="0" methods="1" coveredmethods="1"/>
        <line num="3" count="1" type="stmt"/>
        <line num="4" count="1" type="stmt"/>
      </file>
      <file name="icon-type.js" path="C:\Users\Erick Daniel\Desktop\Platzi_Master\Proyecto_Final_C2\frontend\src\assets\static\icon-type.js">
        <metrics statements="2" coveredstatements="2" conditionals="0" coveredconditionals="0" methods="1" coveredmethods="1"/>
        <line num="3" count="1" type="stmt"/>
        <line num="4" count="1" type="stmt"/>
      </file>
      <file name="logo-ocs-f.js" path="C:\Users\Erick Daniel\Desktop\Platzi_Master\Proyecto_Final_C2\frontend\src\assets\static\logo-ocs-f.js">
        <metrics statements="2" coveredstatements="1" conditionals="0" coveredconditionals="0" methods="1" coveredmethods="0"/>
        <line num="3" count="1" type="stmt"/>
        <line num="4" count="0" type="stmt"/>
      </file>
      <file name="logo-ocs.js" path="C:\Users\Erick Daniel\Desktop\Platzi_Master\Proyecto_Final_C2\frontend\src\assets\static\logo-ocs.js">
        <metrics statements="2" coveredstatements="2" conditionals="0" coveredconditionals="0" methods="1" coveredmethods="1"/>
        <line num="3" count="1" type="stmt"/>
        <line num="4" count="2" type="stmt"/>
      </file>
    </package>
    <package name="src.components.AdminForms">
      <metrics statements="14" coveredstatements="13" conditionals="12" coveredconditionals="2" methods="2" coveredmethods="2"/>
      <file name="index.js" path="C:\Users\Erick Daniel\Desktop\Platzi_Master\Proyecto_Final_C2\frontend\src\components\AdminForms\index.js">
        <metrics statements="7" coveredstatements="6" conditionals="12" coveredconditionals="2" methods="2" coveredmethods="2"/>
        <line num="24" count="1" type="stmt"/>
        <line num="31" count="1" type="stmt"/>
        <line num="32" count="1" type="stmt"/>
        <line num="37" count="1" type="cond" truecount="1" falsecount="1"/>
        <line num="116" count="1" type="cond" truecount="1" falsecount="1"/>
        <line num="117" count="0" type="stmt"/>
        <line num="144" count="1" type="stmt"/>
      </file>
      <file name="styles.js" path="C:\Users\Erick Daniel\Desktop\Platzi_Master\Proyecto_Final_C2\frontend\src\components\AdminForms\styles.js">
        <metrics statements="7" coveredstatements="7" conditionals="0" coveredconditionals="0" methods="0" coveredmethods="0"/>
        <line num="3" count="1" type="stmt"/>
        <line num="21" count="1" type="stmt"/>
        <line num="34" count="1" type="stmt"/>
        <line num="159" count="1" type="stmt"/>
        <line num="170" count="1" type="stmt"/>
        <line num="203" count="1" type="stmt"/>
        <line num="213" count="1" type="stmt"/>
      </file>
    </package>
    <package name="src.components.Buttons">
      <metrics statements="8" coveredstatements="8" conditionals="8" coveredconditionals="4" methods="5" coveredmethods="5"/>
      <file name="index.js" path="C:\Users\Erick Daniel\Desktop\Platzi_Master\Proyecto_Final_C2\frontend\src\components\Buttons\index.js">
        <metrics statements="3" coveredstatements="3" conditionals="2" coveredconditionals="1" methods="1" coveredmethods="1"/>
        <line num="6" count="3" type="stmt"/>
        <line num="8" count="5" type="cond" truecount="1" falsecount="1"/>
        <line num="10" count="5" type="stmt"/>
      </file>
      <file name="styles.js" path="C:\Users\Erick Daniel\Desktop\Platzi_Master\Proyecto_Final_C2\frontend\src\components\Buttons\styles.js">
        <metrics statements="5" coveredstatements="5" conditionals="6" coveredconditionals="3" methods="4" coveredmethods="4"/>
        <line num="3" count="3" type="stmt"/>
        <line num="15" count="5" type="stmt"/>
        <line num="23" count="5" type="cond" truecount="1" falsecount="1"/>
        <line num="24" count="5" type="cond" truecount="1" falsecount="1"/>
        <line num="26" count="5" type="cond" truecount="1" falsecount="1"/>
      </file>
    </package>
    <package name="src.components.CardInformation">
      <metrics statements="3" coveredstatements="3" conditionals="0" coveredconditionals="0" methods="1" coveredmethods="1"/>
      <file name="index.js" path="C:\Users\Erick Daniel\Desktop\Platzi_Master\Proyecto_Final_C2\frontend\src\components\CardInformation\index.js">
        <metrics statements="2" coveredstatements="2" conditionals="0" coveredconditionals="0" methods="1" coveredmethods="1"/>
        <line num="6" count="1" type="stmt"/>
        <line num="7" count="1" type="stmt"/>
      </file>
      <file name="styles.js" path="C:\Users\Erick Daniel\Desktop\Platzi_Master\Proyecto_Final_C2\frontend\src\components\CardInformation\styles.js">
        <metrics statements="1" coveredstatements="1" conditionals="0" coveredconditionals="0" methods="0" coveredmethods="0"/>
        <line num="3" count="1" type="stmt"/>
      </file>
    </package>
    <package name="src.components.CardMembers">
      <metrics statements="4" coveredstatements="4" conditionals="8" coveredconditionals="4" methods="1" coveredmethods="1"/>
      <file name="index.js" path="C:\Users\Erick Daniel\Desktop\Platzi_Master\Proyecto_Final_C2\frontend\src\components\CardMembers\index.js">
        <metrics statements="2" coveredstatements="2" conditionals="8" coveredconditionals="4" methods="1" coveredmethods="1"/>
        <line num="12" count="1" type="stmt"/>
        <line num="20" count="1" type="stmt"/>
      </file>
      <file name="styles.js" path="C:\Users\Erick Daniel\Desktop\Platzi_Master\Proyecto_Final_C2\frontend\src\components\CardMembers\styles.js">
        <metrics statements="2" coveredstatements="2" conditionals="0" coveredconditionals="0" methods="0" coveredmethods="0"/>
        <line num="3" count="1" type="stmt"/>
        <line num="55" count="1" type="stmt"/>
      </file>
    </package>
    <package name="src.components.CardPerson">
      <metrics statements="6" coveredstatements="6" conditionals="8" coveredconditionals="4" methods="1" coveredmethods="1"/>
      <file name="index.js" path="C:\Users\Erick Daniel\Desktop\Platzi_Master\Proyecto_Final_C2\frontend\src\components\CardPerson\index.js">
        <metrics statements="2" coveredstatements="2" conditionals="8" coveredconditionals="4" methods="1" coveredmethods="1"/>
        <line num="14" count="1" type="stmt"/>
        <line num="15" count="1" type="stmt"/>
      </file>
      <file name="styles.js" path="C:\Users\Erick Daniel\Desktop\Platzi_Master\Proyecto_Final_C2\frontend\src\components\CardPerson\styles.js">
        <metrics statements="4" coveredstatements="4" conditionals="0" coveredconditionals="0" methods="0" coveredmethods="0"/>
        <line num="4" count="1" type="stmt"/>
        <line num="44" count="1" type="stmt"/>
        <line num="115" count="1" type="stmt"/>
        <line num="195" count="1" type="stmt"/>
      </file>
    </package>
    <package name="src.components.Footer">
      <metrics statements="4" coveredstatements="4" conditionals="0" coveredconditionals="0" methods="1" coveredmethods="1"/>
      <file name="index.js" path="C:\Users\Erick Daniel\Desktop\Platzi_Master\Proyecto_Final_C2\frontend\src\components\Footer\index.js">
        <metrics statements="2" coveredstatements="2" conditionals="0" coveredconditionals="0" methods="1" coveredmethods="1"/>
        <line num="9" count="1" type="stmt"/>
        <line num="10" count="1" type="stmt"/>
      </file>
      <file name="styles.js" path="C:\Users\Erick Daniel\Desktop\Platzi_Master\Proyecto_Final_C2\frontend\src\components\Footer\styles.js">
        <metrics statements="2" coveredstatements="2" conditionals="0" coveredconditionals="0" methods="0" coveredmethods="0"/>
        <line num="3" count="1" type="stmt"/>
        <line num="24" count="1" type="stmt"/>
      </file>
    </package>
    <package name="src.components.Footer.NavBar">
      <metrics statements="5" coveredstatements="5" conditionals="0" coveredconditionals="0" methods="1" coveredmethods="1"/>
      <file name="index.js" path="C:\Users\Erick Daniel\Desktop\Platzi_Master\Proyecto_Final_C2\frontend\src\components\Footer\NavBar\index.js">
        <metrics statements="2" coveredstatements="2" conditionals="0" coveredconditionals="0" methods="1" coveredmethods="1"/>
        <line num="6" count="1" type="stmt"/>
        <line num="7" count="2" type="stmt"/>
      </file>
      <file name="styles.js" path="C:\Users\Erick Daniel\Desktop\Platzi_Master\Proyecto_Final_C2\frontend\src\components\Footer\NavBar\styles.js">
        <metrics statements="3" coveredstatements="3" conditionals="0" coveredconditionals="0" methods="0" coveredmethods="0"/>
        <line num="4" count="1" type="stmt"/>
        <line num="19" count="1" type="stmt"/>
        <line num="60" count="1" type="stmt"/>
      </file>
    </package>
    <package name="src.components.Footer.Social">
      <metrics statements="5" coveredstatements="5" conditionals="0" coveredconditionals="0" methods="1" coveredmethods="1"/>
      <file name="index.js" path="C:\Users\Erick Daniel\Desktop\Platzi_Master\Proyecto_Final_C2\frontend\src\components\Footer\Social\index.js">
        <metrics statements="2" coveredstatements="2" conditionals="0" coveredconditionals="0" methods="1" coveredmethods="1"/>
        <line num="9" count="1" type="stmt"/>
        <line num="10" count="1" type="stmt"/>
      </file>
      <file name="styles.js" path="C:\Users\Erick Daniel\Desktop\Platzi_Master\Proyecto_Final_C2\frontend\src\components\Footer\Social\styles.js">
        <metrics statements="3" coveredstatements="3" conditionals="0" coveredconditionals="0" methods="0" coveredmethods="0"/>
        <line num="3" count="1" type="stmt"/>
        <line num="16" count="1" type="stmt"/>
        <line num="25" count="1" type="stmt"/>
      </file>
    </package>
    <package name="src.components.Header">
      <metrics statements="14" coveredstatements="14" conditionals="12" coveredconditionals="6" methods="2" coveredmethods="2"/>
      <file name="index.js" path="C:\Users\Erick Daniel\Desktop\Platzi_Master\Proyecto_Final_C2\frontend\src\components\Header\index.js">
        <metrics statements="12" coveredstatements="12" conditionals="12" coveredconditionals="6" methods="2" coveredmethods="2"/>
        <line num="15" count="1" type="stmt"/>
        <line num="16" count="2" type="stmt"/>
        <line num="19" count="2" type="cond" truecount="1" falsecount="1"/>
        <line num="20" count="2" type="cond" truecount="1" falsecount="1"/>
        <line num="21" count="2" type="cond" truecount="1" falsecount="1"/>
        <line num="22" count="2" type="cond" truecount="1" falsecount="1"/>
        <line num="23" count="2" type="stmt"/>
        <line num="25" count="2" type="cond" truecount="1" falsecount="1"/>
        <line num="26" count="2" type="stmt"/>
        <line num="28" count="2" type="cond" truecount="1" falsecount="1"/>
        <line num="29" count="2" type="stmt"/>
        <line num="31" count="2" type="stmt"/>
      </file>
      <file name="styles.js" path="C:\Users\Erick Daniel\Desktop\Platzi_Master\Proyecto_Final_C2\frontend\src\components\Header\styles.js">
        <metrics statements="2" coveredstatements="2" conditionals="0" coveredconditionals="0" methods="0" coveredmethods="0"/>
        <line num="3" count="1" type="stmt"/>
        <line num="34" count="1" type="stmt"/>
      </file>
    </package>
    <package name="src.components.Header.NavBar">
      <metrics statements="19" coveredstatements="9" conditionals="12" coveredconditionals="2" methods="2" coveredmethods="2"/>
      <file name="index.js" path="C:\Users\Erick Daniel\Desktop\Platzi_Master\Proyecto_Final_C2\frontend\src\components\Header\NavBar\index.js">
        <metrics statements="15" coveredstatements="5" conditionals="12" coveredconditionals="2" methods="2" coveredmethods="2"/>
        <line num="11" count="1" type="stmt"/>
        <line num="12" count="2" type="stmt"/>
        <line num="14" count="2" type="cond" truecount="1" falsecount="3"/>
        <line num="16" count="2" type="cond" truecount="1" falsecount="1"/>
        <line num="17" count="2" type="stmt"/>
        <line num="25" count="0" type="stmt"/>
        <line num="35" count="0" type="cond" truecount="0" falsecount="2"/>
        <line num="36" count="0" type="stmt"/>
        <line num="47" count="0" type="stmt"/>
        <line num="60" count="0" type="cond" truecount="0" falsecount="2"/>
        <line num="61" count="0" type="stmt"/>
        <line num="72" count="0" type="stmt"/>
        <line num="85" count="0" type="cond" truecount="0" falsecount="2"/>
        <line num="86" count="0" type="stmt"/>
        <line num="94" count="0" type="stmt"/>
      </file>
      <file name="styles.js" path="C:\Users\Erick Daniel\Desktop\Platzi_Master\Proyecto_Final_C2\frontend\src\components\Header\NavBar\styles.js">
        <metrics statements="4" coveredstatements="4" conditionals="0" coveredconditionals="0" methods="0" coveredmethods="0"/>
        <line num="4" count="1" type="stmt"/>
        <line num="24" count="1" type="stmt"/>
        <line num="96" count="1" type="stmt"/>
        <line num="106" count="1" type="stmt"/>
      </file>
    </package>
    <package name="src.components.HeaderImages">
      <metrics statements="4" coveredstatements="4" conditionals="8" coveredconditionals="4" methods="2" coveredmethods="2"/>
      <file name="index.js" path="C:\Users\Erick Daniel\Desktop\Platzi_Master\Proyecto_Final_C2\frontend\src\components\HeaderImages\index.js">
        <metrics statements="2" coveredstatements="2" conditionals="0" coveredconditionals="0" methods="1" coveredmethods="1"/>
        <line num="6" count="1" type="stmt"/>
        <line num="7" count="1" type="stmt"/>
      </file>
      <file name="styles.js" path="C:\Users\Erick Daniel\Desktop\Platzi_Master\Proyecto_Final_C2\frontend\src\components\HeaderImages\styles.js">
        <metrics statements="2" coveredstatements="2" conditionals="8" coveredconditionals="4" methods="1" coveredmethods="1"/>
        <line num="8" count="1" type="stmt"/>
        <line num="16" count="1" type="cond" truecount="4" falsecount="4"/>
      </file>
    </package>
    <package name="src.components.ImagesWithProcess">
      <metrics statements="17" coveredstatements="17" conditionals="14" coveredconditionals="7" methods="7" coveredmethods="7"/>
      <file name="index.js" path="C:\Users\Erick Daniel\Desktop\Platzi_Master\Proyecto_Final_C2\frontend\src\components\ImagesWithProcess\index.js">
        <metrics statements="7" coveredstatements="7" conditionals="10" coveredconditionals="5" methods="1" coveredmethods="1"/>
        <line num="13" count="1" type="stmt"/>
        <line num="25" count="1" type="cond" truecount="1" falsecount="1"/>
        <line num="26" count="1" type="cond" truecount="1" falsecount="1"/>
        <line num="27" count="1" type="cond" truecount="1" falsecount="1"/>
        <line num="28" count="1" type="cond" truecount="1" falsecount="1"/>
        <line num="29" count="1" type="cond" truecount="1" falsecount="1"/>
        <line num="30" count="1" type="stmt"/>
      </file>
      <file name="styles.js" path="C:\Users\Erick Daniel\Desktop\Platzi_Master\Proyecto_Final_C2\frontend\src\components\ImagesWithProcess\styles.js">
        <metrics statements="10" coveredstatements="10" conditionals="4" coveredconditionals="2" methods="6" coveredmethods="6"/>
        <line num="4" count="1" type="stmt"/>
        <line num="11" count="1" type="cond" truecount="1" falsecount="1"/>
        <line num="12" count="1" type="cond" truecount="1" falsecount="1"/>
        <line num="17" count="1" type="stmt"/>
        <line num="32" count="1" type="stmt"/>
        <line num="42" count="1" type="stmt"/>
        <line num="43" count="1" type="stmt"/>
        <line num="60" count="1" type="stmt"/>
        <line num="73" count="1" type="stmt"/>
        <line num="87" count="1" type="stmt"/>
      </file>
    </package>
    <package name="src.components.List">
      <metrics statements="8" coveredstatements="8" conditionals="2" coveredconditionals="1" methods="3" coveredmethods="3"/>
      <file name="index.js" path="C:\Users\Erick Daniel\Desktop\Platzi_Master\Proyecto_Final_C2\frontend\src\components\List\index.js">
        <metrics statements="3" coveredstatements="3" conditionals="0" coveredconditionals="0" methods="2" coveredmethods="2"/>
        <line num="9" count="1" type="stmt"/>
        <line num="10" count="1" type="stmt"/>
        <line num="13" count="3" type="stmt"/>
      </file>
      <file name="styles.js" path="C:\Users\Erick Daniel\Desktop\Platzi_Master\Proyecto_Final_C2\frontend\src\components\List\styles.js">
        <metrics statements="5" coveredstatements="5" conditionals="2" coveredconditionals="1" methods="1" coveredmethods="1"/>
        <line num="3" count="1" type="stmt"/>
        <line num="37" count="1" type="stmt"/>
        <line num="43" count="3" type="cond" truecount="1" falsecount="1"/>
        <line num="58" count="1" type="stmt"/>
        <line num="68" count="1" type="stmt"/>
      </file>
    </package>
    <package name="src.components.Logout">
      <metrics statements="6" coveredstatements="5" conditionals="0" coveredconditionals="0" methods="3" coveredmethods="2"/>
      <file name="index.js" path="C:\Users\Erick Daniel\Desktop\Platzi_Master\Proyecto_Final_C2\frontend\src\components\Logout\index.js">
        <metrics statements="6" coveredstatements="5" conditionals="0" coveredconditionals="0" methods="3" coveredmethods="2"/>
        <line num="6" count="1" type="stmt"/>
        <line num="7" count="1" type="stmt"/>
        <line num="9" count="1" type="stmt"/>
        <line num="10" count="1" type="stmt"/>
        <line num="11" count="1" type="stmt"/>
        <line num="17" count="0" type="stmt"/>
      </file>
    </package>
    <package name="src.components.MenuMobile">
      <metrics statements="9" coveredstatements="6" conditionals="4" coveredconditionals="1" methods="2" coveredmethods="2"/>
      <file name="index.js" path="C:\Users\Erick Daniel\Desktop\Platzi_Master\Proyecto_Final_C2\frontend\src\components\MenuMobile\index.js">
        <metrics statements="7" coveredstatements="4" conditionals="4" coveredconditionals="1" methods="2" coveredmethods="2"/>
        <line num="7" count="1" type="stmt"/>
        <line num="8" count="5" type="stmt"/>
        <line num="11" count="5" type="cond" truecount="1" falsecount="3"/>
        <line num="13" count="5" type="stmt"/>
        <line num="22" count="0" type="stmt"/>
        <line num="31" count="0" type="stmt"/>
        <line num="40" count="0" type="stmt"/>
      </file>
      <file name="styles.js" path="C:\Users\Erick Daniel\Desktop\Platzi_Master\Proyecto_Final_C2\frontend\src\components\MenuMobile\styles.js">
        <metrics statements="2" coveredstatements="2" conditionals="0" coveredconditionals="0" methods="0" coveredmethods="0"/>
        <line num="4" count="1" type="stmt"/>
        <line num="19" count="1" type="stmt"/>
      </file>
    </package>
    <package name="src.components.MobileDiary">
      <metrics statements="6" coveredstatements="6" conditionals="0" coveredconditionals="0" methods="1" coveredmethods="1"/>
      <file name="index.js" path="C:\Users\Erick Daniel\Desktop\Platzi_Master\Proyecto_Final_C2\frontend\src\components\MobileDiary\index.js">
        <metrics statements="2" coveredstatements="2" conditionals="0" coveredconditionals="0" methods="1" coveredmethods="1"/>
        <line num="14" count="1" type="stmt"/>
        <line num="15" count="1" type="stmt"/>
      </file>
      <file name="styles.js" path="C:\Users\Erick Daniel\Desktop\Platzi_Master\Proyecto_Final_C2\frontend\src\components\MobileDiary\styles.js">
        <metrics statements="4" coveredstatements="4" conditionals="0" coveredconditionals="0" methods="0" coveredmethods="0"/>
        <line num="3" count="1" type="stmt"/>
        <line num="17" count="1" type="stmt"/>
        <line num="28" count="1" type="stmt"/>
        <line num="39" count="1" type="stmt"/>
      </file>
    </package>
    <package name="src.components.MobileProcedure">
      <metrics statements="3" coveredstatements="3" conditionals="0" coveredconditionals="0" methods="1" coveredmethods="1"/>
      <file name="index.js" path="C:\Users\Erick Daniel\Desktop\Platzi_Master\Proyecto_Final_C2\frontend\src\components\MobileProcedure\index.js">
        <metrics statements="2" coveredstatements="2" conditionals="0" coveredconditionals="0" methods="1" coveredmethods="1"/>
        <line num="9" count="1" type="stmt"/>
        <line num="10" count="1" type="stmt"/>
      </file>
      <file name="styles.js" path="C:\Users\Erick Daniel\Desktop\Platzi_Master\Proyecto_Final_C2\frontend\src\components\MobileProcedure\styles.js">
        <metrics statements="1" coveredstatements="1" conditionals="0" coveredconditionals="0" methods="0" coveredmethods="0"/>
        <line num="3" count="1" type="stmt"/>
      </file>
    </package>
    <package name="src.components.NameStatus">
      <metrics statements="4" coveredstatements="4" conditionals="0" coveredconditionals="0" methods="1" coveredmethods="1"/>
      <file name="index.js" path="C:\Users\Erick Daniel\Desktop\Platzi_Master\Proyecto_Final_C2\frontend\src\components\NameStatus\index.js">
        <metrics statements="2" coveredstatements="2" conditionals="0" coveredconditionals="0" methods="1" coveredmethods="1"/>
        <line num="9" count="1" type="stmt"/>
        <line num="10" count="1" type="stmt"/>
      </file>
      <file name="styles.js" path="C:\Users\Erick Daniel\Desktop\Platzi_Master\Proyecto_Final_C2\frontend\src\components\NameStatus\styles.js">
        <metrics statements="2" coveredstatements="2" conditionals="0" coveredconditionals="0" methods="0" coveredmethods="0"/>
        <line num="4" count="1" type="stmt"/>
        <line num="46" count="1" type="stmt"/>
      </file>
    </package>
    <package name="src.components.Schedule">
      <metrics statements="60" coveredstatements="49" conditionals="55" coveredconditionals="27" methods="9" coveredmethods="9"/>
      <file name="index.js" path="C:\Users\Erick Daniel\Desktop\Platzi_Master\Proyecto_Final_C2\frontend\src\components\Schedule\index.js">
        <metrics statements="55" coveredstatements="44" conditionals="55" coveredconditionals="27" methods="7" coveredmethods="7"/>
        <line num="17" count="1" type="stmt"/>
        <line num="18" count="7" type="cond" truecount="7" falsecount="0"/>
        <line num="20" count="1" type="cond" truecount="1" falsecount="1"/>
        <line num="22" count="1" type="cond" truecount="1" falsecount="1"/>
        <line num="24" count="1" type="cond" truecount="1" falsecount="1"/>
        <line num="26" count="1" type="cond" truecount="1" falsecount="1"/>
        <line num="28" count="1" type="cond" truecount="1" falsecount="1"/>
        <line num="30" count="1" type="cond" truecount="1" falsecount="1"/>
        <line num="32" count="1" type="cond" truecount="1" falsecount="1"/>
        <line num="37" count="1" type="stmt"/>
        <line num="38" count="1" type="cond" truecount="1" falsecount="11"/>
        <line num="40" count="0" type="stmt"/>
        <line num="42" count="0" type="stmt"/>
        <line num="44" count="0" type="stmt"/>
        <line num="46" count="0" type="stmt"/>
        <line num="48" count="0" type="stmt"/>
        <line num="50" count="0" type="stmt"/>
        <line num="52" count="1" type="stmt"/>
        <line num="54" count="0" type="stmt"/>
        <line num="56" count="0" type="stmt"/>
        <line num="58" count="0" type="stmt"/>
        <line num="60" count="0" type="stmt"/>
        <line num="62" count="0" type="stmt"/>
        <line num="66" count="1" type="stmt"/>
        <line num="74" count="1" type="stmt"/>
        <line num="75" count="1" type="stmt"/>
        <line num="76" count="1" type="stmt"/>
        <line num="77" count="1" type="stmt"/>
        <line num="78" count="1" type="stmt"/>
        <line num="81" count="1" type="stmt"/>
        <line num="84" count="1" type="cond" truecount="1" falsecount="1"/>
        <line num="87" count="1" type="stmt"/>
        <line num="88" count="1" type="cond" truecount="1" falsecount="1"/>
        <line num="89" count="1" type="stmt"/>
        <line num="93" count="1" type="cond" truecount="2" falsecount="2"/>
        <line num="97" count="1" type="stmt"/>
        <line num="98" count="7" type="stmt"/>
        <line num="99" count="7" type="stmt"/>
        <line num="101" count="7" type="cond" truecount="2" falsecount="0"/>
        <line num="103" count="7" type="stmt"/>
        <line num="104" count="7" type="stmt"/>
        <line num="108" count="1" type="stmt"/>
        <line num="109" count="1" type="stmt"/>
        <line num="110" count="1" type="stmt"/>
        <line num="111" count="1" type="stmt"/>
        <line num="112" count="12" type="stmt"/>
        <line num="115" count="1" type="stmt"/>
        <line num="116" count="1" type="stmt"/>
        <line num="117" count="7" type="stmt"/>
        <line num="121" count="1" type="stmt"/>
        <line num="122" count="1" type="stmt"/>
        <line num="127" count="8" type="stmt"/>
        <line num="130" count="8" type="cond" truecount="4" falsecount="0"/>
        <line num="139" count="12" type="stmt"/>
        <line num="143" count="84" type="stmt"/>
      </file>
      <file name="styles.js" path="C:\Users\Erick Daniel\Desktop\Platzi_Master\Proyecto_Final_C2\frontend\src\components\Schedule\styles.js">
        <metrics statements="5" coveredstatements="5" conditionals="0" coveredconditionals="0" methods="2" coveredmethods="2"/>
        <line num="3" count="1" type="stmt"/>
        <line num="7" count="1" type="stmt"/>
        <line num="8" count="1" type="stmt"/>
        <line num="39" count="1" type="stmt"/>
        <line num="49" count="1" type="stmt"/>
      </file>
    </package>
    <package name="src.components.Schedule.Components">
      <metrics statements="19" coveredstatements="19" conditionals="0" coveredconditionals="0" methods="7" coveredmethods="7"/>
      <file name="index.js" path="C:\Users\Erick Daniel\Desktop\Platzi_Master\Proyecto_Final_C2\frontend\src\components\Schedule\Components\index.js">
        <metrics statements="11" coveredstatements="11" conditionals="0" coveredconditionals="0" methods="6" coveredmethods="6"/>
        <line num="18" count="1" type="stmt"/>
        <line num="19" count="8" type="stmt"/>
        <line num="23" count="1" type="stmt"/>
        <line num="24" count="7" type="stmt"/>
        <line num="28" count="1" type="stmt"/>
        <line num="29" count="1" type="stmt"/>
        <line num="33" count="12" type="stmt"/>
        <line num="36" count="1" type="stmt"/>
        <line num="37" count="84" type="stmt"/>
        <line num="44" count="1" type="stmt"/>
        <line num="45" count="1" type="stmt"/>
      </file>
      <file name="styles.js" path="C:\Users\Erick Daniel\Desktop\Platzi_Master\Proyecto_Final_C2\frontend\src\components\Schedule\Components\styles.js">
        <metrics statements="8" coveredstatements="8" conditionals="0" coveredconditionals="0" methods="1" coveredmethods="1"/>
        <line num="3" count="1" type="stmt"/>
        <line num="17" count="1" type="stmt"/>
        <line num="33" count="1" type="stmt"/>
        <line num="52" count="1" type="stmt"/>
        <line num="67" count="1" type="stmt"/>
        <line num="95" count="1" type="stmt"/>
        <line num="115" count="1" type="stmt"/>
        <line num="121" count="1" type="stmt"/>
      </file>
    </package>
    <package name="src.components.ShowAppointmentHistory">
      <metrics statements="5" coveredstatements="5" conditionals="0" coveredconditionals="0" methods="1" coveredmethods="1"/>
      <file name="index.js" path="C:\Users\Erick Daniel\Desktop\Platzi_Master\Proyecto_Final_C2\frontend\src\components\ShowAppointmentHistory\index.js">
        <metrics statements="2" coveredstatements="2" conditionals="0" coveredconditionals="0" methods="1" coveredmethods="1"/>
        <line num="9" count="1" type="stmt"/>
        <line num="16" count="1" type="stmt"/>
      </file>
      <file name="styles.js" path="C:\Users\Erick Daniel\Desktop\Platzi_Master\Proyecto_Final_C2\frontend\src\components\ShowAppointmentHistory\styles.js">
        <metrics statements="3" coveredstatements="3" conditionals="0" coveredconditionals="0" methods="0" coveredmethods="0"/>
        <line num="3" count="1" type="stmt"/>
        <line num="34" count="1" type="stmt"/>
        <line num="56" count="1" type="stmt"/>
      </file>
    </package>
    <package name="src.components.ShowMyProfile">
      <metrics statements="6" coveredstatements="6" conditionals="0" coveredconditionals="0" methods="1" coveredmethods="1"/>
      <file name="index.js" path="C:\Users\Erick Daniel\Desktop\Platzi_Master\Proyecto_Final_C2\frontend\src\components\ShowMyProfile\index.js">
        <metrics statements="2" coveredstatements="2" conditionals="0" coveredconditionals="0" methods="1" coveredmethods="1"/>
        <line num="9" count="1" type="stmt"/>
        <line num="10" count="1" type="stmt"/>
      </file>
      <file name="styles.js" path="C:\Users\Erick Daniel\Desktop\Platzi_Master\Proyecto_Final_C2\frontend\src\components\ShowMyProfile\styles.js">
        <metrics statements="4" coveredstatements="4" conditionals="0" coveredconditionals="0" methods="0" coveredmethods="0"/>
        <line num="3" count="1" type="stmt"/>
        <line num="36" count="1" type="stmt"/>
        <line num="67" count="1" type="stmt"/>
        <line num="129" count="1" type="stmt"/>
      </file>
    </package>
    <package name="src.components.Table">
      <metrics statements="18" coveredstatements="11" conditionals="17" coveredconditionals="9" methods="3" coveredmethods="3"/>
      <file name="index.js" path="C:\Users\Erick Daniel\Desktop\Platzi_Master\Proyecto_Final_C2\frontend\src\components\Table\index.js">
        <metrics statements="17" coveredstatements="10" conditionals="17" coveredconditionals="9" methods="3" coveredmethods="3"/>
        <line num="8" count="1" type="stmt"/>
        <line num="20" count="1" type="stmt"/>
        <line num="21" count="1" type="stmt"/>
        <line num="24" count="1" type="stmt"/>
        <line num="25" count="1" type="stmt"/>
        <line num="29" count="1" type="stmt"/>
        <line num="30" count="1" type="stmt"/>
        <line num="32" count="1" type="stmt"/>
        <line num="33" count="0" type="stmt"/>
        <line num="34" count="0" type="stmt"/>
        <line num="35" count="0" type="stmt"/>
        <line num="36" count="0" type="stmt"/>
        <line num="37" count="0" type="stmt"/>
        <line num="38" count="0" type="stmt"/>
        <line num="45" count="0" type="stmt"/>
        <line num="47" count="1" type="stmt"/>
        <line num="50" count="1" type="stmt"/>
      </file>
      <file name="styles.js" path="C:\Users\Erick Daniel\Desktop\Platzi_Master\Proyecto_Final_C2\frontend\src\components\Table\styles.js">
        <metrics statements="1" coveredstatements="1" conditionals="0" coveredconditionals="0" methods="0" coveredmethods="0"/>
        <line num="3" count="1" type="stmt"/>
      </file>
    </package>
  </project>
</coverage>
