{"C:\\Users\\Erick Daniel\\Desktop\\Platzi_Master\\Proyecto_Final_C2\\frontend\\src\\Context.js": {"path":"C:\\Users\\Erick Daniel\\Desktop\\Platzi_Master\\Proyecto_Final_C2\\frontend\\src\\Context.js","statementMap":{"0":{"start":{"line":2,"column":16},"end":{"line":2,"column":31}},"1":{"start":{"line":4,"column":17},"end":{"line":19,"column":1}},"2":{"start":{"line":5,"column":34},"end":{"line":5,"column":52}},"3":{"start":{"line":6,"column":28},"end":{"line":6,"column":40}},"4":{"start":{"line":7,"column":16},"end":{"line":16,"column":3}},"5":{"start":{"line":10,"column":6},"end":{"line":10,"column":24}},"6":{"start":{"line":14,"column":6},"end":{"line":14,"column":22}},"7":{"start":{"line":18,"column":2},"end":{"line":18,"column":71}}},"fnMap":{"0":{"name":"(anonymous_0)","decl":{"start":{"line":4,"column":17},"end":{"line":4,"column":18}},"loc":{"start":{"line":4,"column":35},"end":{"line":19,"column":1}},"line":4},"1":{"name":"(anonymous_1)","decl":{"start":{"line":9,"column":16},"end":{"line":9,"column":17}},"loc":{"start":{"line":9,"column":26},"end":{"line":11,"column":5}},"line":9},"2":{"name":"(anonymous_2)","decl":{"start":{"line":13,"column":17},"end":{"line":13,"column":18}},"loc":{"start":{"line":13,"column":28},"end":{"line":15,"column":5}},"line":13}},"branchMap":{},"s":{"0":3,"1":3,"2":8,"3":8,"4":8,"5":1,"6":1,"7":8},"f":{"0":8,"1":1,"2":1},"b":{},"_coverageSchema":"1a1c01bbd47fc00a2c39e90264f33305004495a9","hash":"0c4de16dd70a2163d7d5cf24836d7faad0e33a3d"}
,"C:\\Users\\Erick Daniel\\Desktop\\Platzi_Master\\Proyecto_Final_C2\\frontend\\src\\assets\\static\\icon-accountCircle.js": {"path":"C:\\Users\\Erick Daniel\\Desktop\\Platzi_Master\\Proyecto_Final_C2\\frontend\\src\\assets\\static\\icon-accountCircle.js","statementMap":{"0":{"start":{"line":3,"column":33},"end":{"line":8,"column":1}},"1":{"start":{"line":4,"column":2},"end":{"line":7,"column":8}}},"fnMap":{"0":{"name":"(anonymous_0)","decl":{"start":{"line":3,"column":33},"end":{"line":3,"column":34}},"loc":{"start":{"line":4,"column":2},"end":{"line":7,"column":8}},"line":4}},"branchMap":{},"s":{"0":7,"1":92},"f":{"0":92},"b":{},"_coverageSchema":"1a1c01bbd47fc00a2c39e90264f33305004495a9","hash":"71ee34304cf4b9ab563f43a2376d2623e2fbf882"}
,"C:\\Users\\Erick Daniel\\Desktop\\Platzi_Master\\Proyecto_Final_C2\\frontend\\src\\assets\\static\\icon-add.js": {"path":"C:\\Users\\Erick Daniel\\Desktop\\Platzi_Master\\Proyecto_Final_C2\\frontend\\src\\assets\\static\\icon-add.js","statementMap":{"0":{"start":{"line":3,"column":23},"end":{"line":14,"column":1}},"1":{"start":{"line":4,"column":2},"end":{"line":13,"column":8}}},"fnMap":{"0":{"name":"(anonymous_0)","decl":{"start":{"line":3,"column":23},"end":{"line":3,"column":24}},"loc":{"start":{"line":4,"column":2},"end":{"line":13,"column":8}},"line":4}},"branchMap":{},"s":{"0":1,"1":1},"f":{"0":1},"b":{},"_coverageSchema":"1a1c01bbd47fc00a2c39e90264f33305004495a9","hash":"052ac1cb6f4564b362f8baf661cf6ed21d108478"}
,"C:\\Users\\Erick Daniel\\Desktop\\Platzi_Master\\Proyecto_Final_C2\\frontend\\src\\assets\\static\\icon-arrow-back.js": {"path":"C:\\Users\\Erick Daniel\\Desktop\\Platzi_Master\\Proyecto_Final_C2\\frontend\\src\\assets\\static\\icon-arrow-back.js","statementMap":{"0":{"start":{"line":3,"column":29},"end":{"line":11,"column":1}},"1":{"start":{"line":4,"column":2},"end":{"line":10,"column":8}}},"fnMap":{"0":{"name":"(anonymous_0)","decl":{"start":{"line":3,"column":29},"end":{"line":3,"column":30}},"loc":{"start":{"line":4,"column":2},"end":{"line":10,"column":8}},"line":4}},"branchMap":{"0":{"loc":{"start":{"line":3,"column":38},"end":{"line":3,"column":52}},"type":"default-arg","locations":[{"start":{"line":3,"column":46},"end":{"line":3,"column":52}}],"line":3},"1":{"loc":{"start":{"line":3,"column":54},"end":{"line":3,"column":69}},"type":"default-arg","locations":[{"start":{"line":3,"column":63},"end":{"line":3,"column":69}}],"line":3}},"s":{"0":1,"1":1},"f":{"0":1},"b":{"0":[0],"1":[0]},"_coverageSchema":"1a1c01bbd47fc00a2c39e90264f33305004495a9","hash":"96d801e8e5e235a2e61f8149c2a43e2eb7409e42"}
,"C:\\Users\\Erick Daniel\\Desktop\\Platzi_Master\\Proyecto_Final_C2\\frontend\\src\\assets\\static\\icon-avatar.js": {"path":"C:\\Users\\Erick Daniel\\Desktop\\Platzi_Master\\Proyecto_Final_C2\\frontend\\src\\assets\\static\\icon-avatar.js","statementMap":{"0":{"start":{"line":3,"column":26},"end":{"line":8,"column":1}},"1":{"start":{"line":4,"column":2},"end":{"line":7,"column":8}}},"fnMap":{"0":{"name":"(anonymous_0)","decl":{"start":{"line":3,"column":26},"end":{"line":3,"column":27}},"loc":{"start":{"line":4,"column":2},"end":{"line":7,"column":8}},"line":4}},"branchMap":{},"s":{"0":1,"1":0},"f":{"0":0},"b":{},"_coverageSchema":"1a1c01bbd47fc00a2c39e90264f33305004495a9","hash":"654f1eb9df5324a2195c29f5ad94b971305c2188"}
,"C:\\Users\\Erick Daniel\\Desktop\\Platzi_Master\\Proyecto_Final_C2\\frontend\\src\\assets\\static\\icon-checkbox-false.js": {"path":"C:\\Users\\Erick Daniel\\Desktop\\Platzi_Master\\Proyecto_Final_C2\\frontend\\src\\assets\\static\\icon-checkbox-false.js","statementMap":{"0":{"start":{"line":3,"column":33},"end":{"line":13,"column":1}},"1":{"start":{"line":4,"column":2},"end":{"line":12,"column":8}}},"fnMap":{"0":{"name":"(anonymous_0)","decl":{"start":{"line":3,"column":33},"end":{"line":3,"column":34}},"loc":{"start":{"line":4,"column":2},"end":{"line":12,"column":8}},"line":4}},"branchMap":{},"s":{"0":1,"1":3},"f":{"0":3},"b":{},"_coverageSchema":"1a1c01bbd47fc00a2c39e90264f33305004495a9","hash":"0fa85d62608aa0fb25a24899bf3894723669e86f"}
,"C:\\Users\\Erick Daniel\\Desktop\\Platzi_Master\\Proyecto_Final_C2\\frontend\\src\\assets\\static\\icon-delete.js": {"path":"C:\\Users\\Erick Daniel\\Desktop\\Platzi_Master\\Proyecto_Final_C2\\frontend\\src\\assets\\static\\icon-delete.js","statementMap":{"0":{"start":{"line":3,"column":26},"end":{"line":14,"column":1}},"1":{"start":{"line":4,"column":2},"end":{"line":13,"column":8}}},"fnMap":{"0":{"name":"(anonymous_0)","decl":{"start":{"line":3,"column":26},"end":{"line":3,"column":27}},"loc":{"start":{"line":4,"column":2},"end":{"line":13,"column":8}},"line":4}},"branchMap":{},"s":{"0":1,"1":1},"f":{"0":1},"b":{},"_coverageSchema":"1a1c01bbd47fc00a2c39e90264f33305004495a9","hash":"0422aae08419aa590297ddf58a9ddeadac9621a3"}
,"C:\\Users\\Erick Daniel\\Desktop\\Platzi_Master\\Proyecto_Final_C2\\frontend\\src\\assets\\static\\icon-duration.js": {"path":"C:\\Users\\Erick Daniel\\Desktop\\Platzi_Master\\Proyecto_Final_C2\\frontend\\src\\assets\\static\\icon-duration.js","statementMap":{"0":{"start":{"line":3,"column":28},"end":{"line":14,"column":1}},"1":{"start":{"line":4,"column":2},"end":{"line":13,"column":8}}},"fnMap":{"0":{"name":"(anonymous_0)","decl":{"start":{"line":3,"column":28},"end":{"line":3,"column":29}},"loc":{"start":{"line":4,"column":2},"end":{"line":13,"column":8}},"line":4}},"branchMap":{},"s":{"0":1,"1":2},"f":{"0":2},"b":{},"_coverageSchema":"1a1c01bbd47fc00a2c39e90264f33305004495a9","hash":"aacc846a6b5ba3d6e393434a2b41ac36ab36f667"}
,"C:\\Users\\Erick Daniel\\Desktop\\Platzi_Master\\Proyecto_Final_C2\\frontend\\src\\assets\\static\\icon-edit.js": {"path":"C:\\Users\\Erick Daniel\\Desktop\\Platzi_Master\\Proyecto_Final_C2\\frontend\\src\\assets\\static\\icon-edit.js","statementMap":{"0":{"start":{"line":3,"column":24},"end":{"line":14,"column":1}},"1":{"start":{"line":4,"column":2},"end":{"line":13,"column":8}}},"fnMap":{"0":{"name":"(anonymous_0)","decl":{"start":{"line":3,"column":24},"end":{"line":3,"column":25}},"loc":{"start":{"line":4,"column":2},"end":{"line":13,"column":8}},"line":4}},"branchMap":{},"s":{"0":2,"1":2},"f":{"0":2},"b":{},"_coverageSchema":"1a1c01bbd47fc00a2c39e90264f33305004495a9","hash":"2fa41e765caa799dd51ac349de4e5c40f7445e8e"}
,"C:\\Users\\Erick Daniel\\Desktop\\Platzi_Master\\Proyecto_Final_C2\\frontend\\src\\assets\\static\\icon-email.js": {"path":"C:\\Users\\Erick Daniel\\Desktop\\Platzi_Master\\Proyecto_Final_C2\\frontend\\src\\assets\\static\\icon-email.js","statementMap":{"0":{"start":{"line":3,"column":25},"end":{"line":8,"column":1}},"1":{"start":{"line":4,"column":2},"end":{"line":7,"column":8}}},"fnMap":{"0":{"name":"(anonymous_0)","decl":{"start":{"line":3,"column":25},"end":{"line":3,"column":26}},"loc":{"start":{"line":4,"column":2},"end":{"line":7,"column":8}},"line":4}},"branchMap":{},"s":{"0":1,"1":1},"f":{"0":1},"b":{},"_coverageSchema":"1a1c01bbd47fc00a2c39e90264f33305004495a9","hash":"414465dd94bdd9f841a44b3ef8535cf376bf1b38"}
,"C:\\Users\\Erick Daniel\\Desktop\\Platzi_Master\\Proyecto_Final_C2\\frontend\\src\\assets\\static\\icon-github.js": {"path":"C:\\Users\\Erick Daniel\\Desktop\\Platzi_Master\\Proyecto_Final_C2\\frontend\\src\\assets\\static\\icon-github.js","statementMap":{"0":{"start":{"line":3,"column":26},"end":{"line":7,"column":1}},"1":{"start":{"line":4,"column":2},"end":{"line":6,"column":8}}},"fnMap":{"0":{"name":"(anonymous_0)","decl":{"start":{"line":3,"column":26},"end":{"line":3,"column":27}},"loc":{"start":{"line":4,"column":2},"end":{"line":6,"column":8}},"line":4}},"branchMap":{},"s":{"0":2,"1":2},"f":{"0":2},"b":{},"_coverageSchema":"1a1c01bbd47fc00a2c39e90264f33305004495a9","hash":"01e4725616c278d20a6ccc449a2c6fa7d2da3ce6"}
,"C:\\Users\\Erick Daniel\\Desktop\\Platzi_Master\\Proyecto_Final_C2\\frontend\\src\\assets\\static\\icon-linkedin.js": {"path":"C:\\Users\\Erick Daniel\\Desktop\\Platzi_Master\\Proyecto_Final_C2\\frontend\\src\\assets\\static\\icon-linkedin.js","statementMap":{"0":{"start":{"line":3,"column":28},"end":{"line":20,"column":1}},"1":{"start":{"line":4,"column":2},"end":{"line":19,"column":8}}},"fnMap":{"0":{"name":"(anonymous_0)","decl":{"start":{"line":3,"column":28},"end":{"line":3,"column":29}},"loc":{"start":{"line":4,"column":2},"end":{"line":19,"column":8}},"line":4}},"branchMap":{},"s":{"0":1,"1":1},"f":{"0":1},"b":{},"_coverageSchema":"1a1c01bbd47fc00a2c39e90264f33305004495a9","hash":"f308cad37562cd840c82a290709508c719a3b150"}
,"C:\\Users\\Erick Daniel\\Desktop\\Platzi_Master\\Proyecto_Final_C2\\frontend\\src\\assets\\static\\icon-menu.js": {"path":"C:\\Users\\Erick Daniel\\Desktop\\Platzi_Master\\Proyecto_Final_C2\\frontend\\src\\assets\\static\\icon-menu.js","statementMap":{"0":{"start":{"line":3,"column":24},"end":{"line":14,"column":1}},"1":{"start":{"line":4,"column":2},"end":{"line":13,"column":8}}},"fnMap":{"0":{"name":"(anonymous_0)","decl":{"start":{"line":3,"column":24},"end":{"line":3,"column":25}},"loc":{"start":{"line":4,"column":2},"end":{"line":13,"column":8}},"line":4}},"branchMap":{},"s":{"0":1,"1":2},"f":{"0":2},"b":{},"_coverageSchema":"1a1c01bbd47fc00a2c39e90264f33305004495a9","hash":"c938028028e8d1565dd2c3df8f84606bd06f44de"}
,"C:\\Users\\Erick Daniel\\Desktop\\Platzi_Master\\Proyecto_Final_C2\\frontend\\src\\assets\\static\\icon-password.js": {"path":"C:\\Users\\Erick Daniel\\Desktop\\Platzi_Master\\Proyecto_Final_C2\\frontend\\src\\assets\\static\\icon-password.js","statementMap":{"0":{"start":{"line":3,"column":28},"end":{"line":8,"column":1}},"1":{"start":{"line":4,"column":2},"end":{"line":7,"column":8}}},"fnMap":{"0":{"name":"(anonymous_0)","decl":{"start":{"line":3,"column":28},"end":{"line":3,"column":29}},"loc":{"start":{"line":4,"column":2},"end":{"line":7,"column":8}},"line":4}},"branchMap":{},"s":{"0":1,"1":1},"f":{"0":1},"b":{},"_coverageSchema":"1a1c01bbd47fc00a2c39e90264f33305004495a9","hash":"aeab765428fa5e94cac1398aa86153eaa5536f00"}
,"C:\\Users\\Erick Daniel\\Desktop\\Platzi_Master\\Proyecto_Final_C2\\frontend\\src\\assets\\static\\icon-price.js": {"path":"C:\\Users\\Erick Daniel\\Desktop\\Platzi_Master\\Proyecto_Final_C2\\frontend\\src\\assets\\static\\icon-price.js","statementMap":{"0":{"start":{"line":3,"column":25},"end":{"line":14,"column":1}},"1":{"start":{"line":4,"column":2},"end":{"line":13,"column":8}}},"fnMap":{"0":{"name":"(anonymous_0)","decl":{"start":{"line":3,"column":25},"end":{"line":3,"column":26}},"loc":{"start":{"line":4,"column":2},"end":{"line":13,"column":8}},"line":4}},"branchMap":{},"s":{"0":1,"1":2},"f":{"0":2},"b":{},"_coverageSchema":"1a1c01bbd47fc00a2c39e90264f33305004495a9","hash":"445b45ca1022b64b5fdd5e6ff9309c690508caf3"}
,"C:\\Users\\Erick Daniel\\Desktop\\Platzi_Master\\Proyecto_Final_C2\\frontend\\src\\assets\\static\\icon-twitter.js": {"path":"C:\\Users\\Erick Daniel\\Desktop\\Platzi_Master\\Proyecto_Final_C2\\frontend\\src\\assets\\static\\icon-twitter.js","statementMap":{"0":{"start":{"line":3,"column":27},"end":{"line":20,"column":1}},"1":{"start":{"line":4,"column":2},"end":{"line":19,"column":8}}},"fnMap":{"0":{"name":"(anonymous_0)","decl":{"start":{"line":3,"column":27},"end":{"line":3,"column":28}},"loc":{"start":{"line":4,"column":2},"end":{"line":19,"column":8}},"line":4}},"branchMap":{},"s":{"0":1,"1":1},"f":{"0":1},"b":{},"_coverageSchema":"1a1c01bbd47fc00a2c39e90264f33305004495a9","hash":"dd1d14065e0fcf3806f08b6533396b52979d99f6"}
,"C:\\Users\\Erick Daniel\\Desktop\\Platzi_Master\\Proyecto_Final_C2\\frontend\\src\\assets\\static\\icon-type.js": {"path":"C:\\Users\\Erick Daniel\\Desktop\\Platzi_Master\\Proyecto_Final_C2\\frontend\\src\\assets\\static\\icon-type.js","statementMap":{"0":{"start":{"line":3,"column":24},"end":{"line":14,"column":1}},"1":{"start":{"line":4,"column":2},"end":{"line":13,"column":8}}},"fnMap":{"0":{"name":"(anonymous_0)","decl":{"start":{"line":3,"column":24},"end":{"line":3,"column":25}},"loc":{"start":{"line":4,"column":2},"end":{"line":13,"column":8}},"line":4}},"branchMap":{},"s":{"0":1,"1":1},"f":{"0":1},"b":{},"_coverageSchema":"1a1c01bbd47fc00a2c39e90264f33305004495a9","hash":"461c56ef6296bfec06c79fb4f579d9414d3181e0"}
,"C:\\Users\\Erick Daniel\\Desktop\\Platzi_Master\\Proyecto_Final_C2\\frontend\\src\\assets\\static\\logo-ocs-f.js": {"path":"C:\\Users\\Erick Daniel\\Desktop\\Platzi_Master\\Proyecto_Final_C2\\frontend\\src\\assets\\static\\logo-ocs-f.js","statementMap":{"0":{"start":{"line":3,"column":24},"end":{"line":69,"column":1}},"1":{"start":{"line":4,"column":2},"end":{"line":68,"column":8}}},"fnMap":{"0":{"name":"(anonymous_0)","decl":{"start":{"line":3,"column":24},"end":{"line":3,"column":25}},"loc":{"start":{"line":4,"column":2},"end":{"line":68,"column":8}},"line":4}},"branchMap":{},"s":{"0":1,"1":0},"f":{"0":0},"b":{},"_coverageSchema":"1a1c01bbd47fc00a2c39e90264f33305004495a9","hash":"22b7b1c03e8d24e877036c2b9a8632723b8c8fd3"}
,"C:\\Users\\Erick Daniel\\Desktop\\Platzi_Master\\Proyecto_Final_C2\\frontend\\src\\assets\\static\\logo-ocs.js": {"path":"C:\\Users\\Erick Daniel\\Desktop\\Platzi_Master\\Proyecto_Final_C2\\frontend\\src\\assets\\static\\logo-ocs.js","statementMap":{"0":{"start":{"line":3,"column":23},"end":{"line":34,"column":1}},"1":{"start":{"line":4,"column":2},"end":{"line":33,"column":8}}},"fnMap":{"0":{"name":"(anonymous_0)","decl":{"start":{"line":3,"column":23},"end":{"line":3,"column":24}},"loc":{"start":{"line":4,"column":2},"end":{"line":33,"column":8}},"line":4}},"branchMap":{},"s":{"0":1,"1":2},"f":{"0":2},"b":{},"_coverageSchema":"1a1c01bbd47fc00a2c39e90264f33305004495a9","hash":"7d65d0709c0914347aa91c164504d6bec08fa9bc"}
,"C:\\Users\\Erick Daniel\\Desktop\\Platzi_Master\\Proyecto_Final_C2\\frontend\\src\\components\\AdminForms\\index.js": {"path":"C:\\Users\\Erick Daniel\\Desktop\\Platzi_Master\\Proyecto_Final_C2\\frontend\\src\\components\\AdminForms\\index.js","statementMap":{"0":{"start":{"line":24,"column":26},"end":{"line":158,"column":1}},"1":{"start":{"line":31,"column":2},"end":{"line":33,"column":5}},"2":{"start":{"line":32,"column":4},"end":{"line":32,"column":24}},"3":{"start":{"line":37,"column":4},"end":{"line":115,"column":5}},"4":{"start":{"line":116,"column":2},"end":{"line":142,"column":3}},"5":{"start":{"line":117,"column":4},"end":{"line":141,"column":6}},"6":{"start":{"line":144,"column":2},"end":{"line":157,"column":4}}},"fnMap":{"0":{"name":"(anonymous_0)","decl":{"start":{"line":24,"column":26},"end":{"line":24,"column":27}},"loc":{"start":{"line":30,"column":6},"end":{"line":158,"column":1}},"line":30},"1":{"name":"(anonymous_1)","decl":{"start":{"line":31,"column":12},"end":{"line":31,"column":13}},"loc":{"start":{"line":31,"column":18},"end":{"line":33,"column":3}},"line":31}},"branchMap":{"0":{"loc":{"start":{"line":37,"column":4},"end":{"line":115,"column":5}},"type":"cond-expr","locations":[{"start":{"line":38,"column":6},"end":{"line":90,"column":23}},{"start":{"line":92,"column":6},"end":{"line":114,"column":23}}],"line":37},"1":{"loc":{"start":{"line":48,"column":26},"end":{"line":48,"column":50}},"type":"cond-expr","locations":[{"start":{"line":48,"column":33},"end":{"line":48,"column":45}},{"start":{"line":48,"column":48},"end":{"line":48,"column":50}}],"line":48},"2":{"loc":{"start":{"line":60,"column":26},"end":{"line":60,"column":51}},"type":"cond-expr","locations":[{"start":{"line":60,"column":33},"end":{"line":60,"column":46}},{"start":{"line":60,"column":49},"end":{"line":60,"column":51}}],"line":60},"3":{"loc":{"start":{"line":72,"column":26},"end":{"line":72,"column":46}},"type":"cond-expr","locations":[{"start":{"line":72,"column":33},"end":{"line":72,"column":41}},{"start":{"line":72,"column":44},"end":{"line":72,"column":46}}],"line":72},"4":{"loc":{"start":{"line":75,"column":9},"end":{"line":89,"column":9}},"type":"cond-expr","locations":[{"start":{"line":76,"column":10},"end":{"line":86,"column":16}},{"start":{"line":88,"column":10},"end":{"line":88,"column":12}}],"line":75},"5":{"loc":{"start":{"line":116,"column":2},"end":{"line":142,"column":3}},"type":"if","locations":[{"start":{"line":116,"column":2},"end":{"line":142,"column":3}},{"start":{"line":116,"column":2},"end":{"line":142,"column":3}}],"line":116}},"s":{"0":1,"1":1,"2":1,"3":1,"4":1,"5":0,"6":1},"f":{"0":1,"1":1},"b":{"0":[0,1],"1":[0,0],"2":[0,0],"3":[0,0],"4":[0,0],"5":[0,1]},"_coverageSchema":"1a1c01bbd47fc00a2c39e90264f33305004495a9","hash":"76e58a78e0a37d193fe9be9dea033338b6a135cb"}
,"C:\\Users\\Erick Daniel\\Desktop\\Platzi_Master\\Proyecto_Final_C2\\frontend\\src\\components\\AdminForms\\styles.js": {"path":"C:\\Users\\Erick Daniel\\Desktop\\Platzi_Master\\Proyecto_Final_C2\\frontend\\src\\components\\AdminForms\\styles.js","statementMap":{"0":{"start":{"line":3,"column":20},"end":{"line":20,"column":1}},"1":{"start":{"line":21,"column":20},"end":{"line":33,"column":1}},"2":{"start":{"line":34,"column":27},"end":{"line":157,"column":1}},"3":{"start":{"line":159,"column":30},"end":{"line":168,"column":1}},"4":{"start":{"line":170,"column":21},"end":{"line":201,"column":1}},"5":{"start":{"line":203,"column":28},"end":{"line":212,"column":1}},"6":{"start":{"line":213,"column":28},"end":{"line":222,"column":1}}},"fnMap":{},"branchMap":{},"s":{"0":1,"1":1,"2":1,"3":1,"4":1,"5":1,"6":1},"f":{},"b":{},"_coverageSchema":"1a1c01bbd47fc00a2c39e90264f33305004495a9","hash":"e619072f22bbb7207d91b76f2e8db99adae4e89f"}
,"C:\\Users\\Erick Daniel\\Desktop\\Platzi_Master\\Proyecto_Final_C2\\frontend\\src\\components\\Buttons\\index.js": {"path":"C:\\Users\\Erick Daniel\\Desktop\\Platzi_Master\\Proyecto_Final_C2\\frontend\\src\\components\\Buttons\\index.js","statementMap":{"0":{"start":{"line":6,"column":23},"end":{"line":16,"column":1}},"1":{"start":{"line":8,"column":2},"end":{"line":8,"column":53}},"2":{"start":{"line":8,"column":27},"end":{"line":8,"column":53}},"3":{"start":{"line":10,"column":2},"end":{"line":15,"column":4}}},"fnMap":{"0":{"name":"(anonymous_0)","decl":{"start":{"line":6,"column":23},"end":{"line":6,"column":24}},"loc":{"start":{"line":6,"column":72},"end":{"line":16,"column":1}},"line":6}},"branchMap":{"0":{"loc":{"start":{"line":8,"column":2},"end":{"line":8,"column":53}},"type":"if","locations":[{"start":{"line":8,"column":2},"end":{"line":8,"column":53}},{"start":{"line":8,"column":2},"end":{"line":8,"column":53}}],"line":8}},"s":{"0":3,"1":5,"2":5,"3":5},"f":{"0":5},"b":{"0":[5,0]},"_coverageSchema":"1a1c01bbd47fc00a2c39e90264f33305004495a9","hash":"5e5ac535efb7e36e06c48875d542861461ec0d87"}
,"C:\\Users\\Erick Daniel\\Desktop\\Platzi_Master\\Proyecto_Final_C2\\frontend\\src\\components\\Buttons\\styles.js": {"path":"C:\\Users\\Erick Daniel\\Desktop\\Platzi_Master\\Proyecto_Final_C2\\frontend\\src\\components\\Buttons\\styles.js","statementMap":{"0":{"start":{"line":3,"column":22},"end":{"line":48,"column":1}},"1":{"start":{"line":15,"column":33},"end":{"line":15,"column":44}},"2":{"start":{"line":23,"column":25},"end":{"line":23,"column":62}},"3":{"start":{"line":24,"column":35},"end":{"line":24,"column":73}},"4":{"start":{"line":26,"column":29},"end":{"line":26,"column":64}}},"fnMap":{"0":{"name":"(anonymous_0)","decl":{"start":{"line":15,"column":22},"end":{"line":15,"column":23}},"loc":{"start":{"line":15,"column":33},"end":{"line":15,"column":44}},"line":15},"1":{"name":"(anonymous_1)","decl":{"start":{"line":23,"column":13},"end":{"line":23,"column":14}},"loc":{"start":{"line":23,"column":25},"end":{"line":23,"column":62}},"line":23},"2":{"name":"(anonymous_2)","decl":{"start":{"line":24,"column":23},"end":{"line":24,"column":24}},"loc":{"start":{"line":24,"column":35},"end":{"line":24,"column":73}},"line":24},"3":{"name":"(anonymous_3)","decl":{"start":{"line":26,"column":17},"end":{"line":26,"column":18}},"loc":{"start":{"line":26,"column":29},"end":{"line":26,"column":64}},"line":26}},"branchMap":{"0":{"loc":{"start":{"line":23,"column":25},"end":{"line":23,"column":62}},"type":"cond-expr","locations":[{"start":{"line":23,"column":50},"end":{"line":23,"column":57}},{"start":{"line":23,"column":60},"end":{"line":23,"column":62}}],"line":23},"1":{"loc":{"start":{"line":24,"column":35},"end":{"line":24,"column":73}},"type":"cond-expr","locations":[{"start":{"line":24,"column":60},"end":{"line":24,"column":68}},{"start":{"line":24,"column":71},"end":{"line":24,"column":73}}],"line":24},"2":{"loc":{"start":{"line":26,"column":29},"end":{"line":26,"column":64}},"type":"cond-expr","locations":[{"start":{"line":26,"column":54},"end":{"line":26,"column":59}},{"start":{"line":26,"column":62},"end":{"line":26,"column":64}}],"line":26}},"s":{"0":3,"1":5,"2":5,"3":5,"4":5},"f":{"0":5,"1":5,"2":5,"3":5},"b":{"0":[5,0],"1":[5,0],"2":[5,0]},"_coverageSchema":"1a1c01bbd47fc00a2c39e90264f33305004495a9","hash":"504f133cf87f694b03fdd00271c533469f91832f"}
,"C:\\Users\\Erick Daniel\\Desktop\\Platzi_Master\\Proyecto_Final_C2\\frontend\\src\\components\\CardInformation\\index.js": {"path":"C:\\Users\\Erick Daniel\\Desktop\\Platzi_Master\\Proyecto_Final_C2\\frontend\\src\\components\\CardInformation\\index.js","statementMap":{"0":{"start":{"line":6,"column":31},"end":{"line":16,"column":1}},"1":{"start":{"line":7,"column":2},"end":{"line":15,"column":4}}},"fnMap":{"0":{"name":"(anonymous_0)","decl":{"start":{"line":6,"column":31},"end":{"line":6,"column":32}},"loc":{"start":{"line":6,"column":45},"end":{"line":16,"column":1}},"line":6}},"branchMap":{},"s":{"0":1,"1":1},"f":{"0":1},"b":{},"_coverageSchema":"1a1c01bbd47fc00a2c39e90264f33305004495a9","hash":"c443bc86203a78843b266016e4f248c77c783fbf"}
,"C:\\Users\\Erick Daniel\\Desktop\\Platzi_Master\\Proyecto_Final_C2\\frontend\\src\\components\\CardInformation\\styles.js": {"path":"C:\\Users\\Erick Daniel\\Desktop\\Platzi_Master\\Proyecto_Final_C2\\frontend\\src\\components\\CardInformation\\styles.js","statementMap":{"0":{"start":{"line":3,"column":25},"end":{"line":16,"column":1}}},"fnMap":{},"branchMap":{},"s":{"0":1},"f":{},"b":{},"_coverageSchema":"1a1c01bbd47fc00a2c39e90264f33305004495a9","hash":"d430443d225e8e065ba92cb3be19cc31bb06a50e"}
,"C:\\Users\\Erick Daniel\\Desktop\\Platzi_Master\\Proyecto_Final_C2\\frontend\\src\\components\\CardMembers\\index.js": {"path":"C:\\Users\\Erick Daniel\\Desktop\\Platzi_Master\\Proyecto_Final_C2\\frontend\\src\\components\\CardMembers\\index.js","statementMap":{"0":{"start":{"line":12,"column":27},"end":{"line":63,"column":1}},"1":{"start":{"line":20,"column":2},"end":{"line":62,"column":4}}},"fnMap":{"0":{"name":"(anonymous_0)","decl":{"start":{"line":12,"column":27},"end":{"line":12,"column":28}},"loc":{"start":{"line":19,"column":6},"end":{"line":63,"column":1}},"line":19}},"branchMap":{"0":{"loc":{"start":{"line":26,"column":11},"end":{"line":30,"column":11}},"type":"cond-expr","locations":[{"start":{"line":27,"column":12},"end":{"line":27,"column":31}},{"start":{"line":29,"column":12},"end":{"line":29,"column":77}}],"line":26},"1":{"loc":{"start":{"line":35,"column":11},"end":{"line":41,"column":11}},"type":"cond-expr","locations":[{"start":{"line":36,"column":12},"end":{"line":38,"column":16}},{"start":{"line":40,"column":12},"end":{"line":40,"column":14}}],"line":35},"2":{"loc":{"start":{"line":43,"column":11},"end":{"line":49,"column":11}},"type":"cond-expr","locations":[{"start":{"line":44,"column":12},"end":{"line":46,"column":16}},{"start":{"line":48,"column":12},"end":{"line":48,"column":14}}],"line":43},"3":{"loc":{"start":{"line":51,"column":11},"end":{"line":57,"column":11}},"type":"cond-expr","locations":[{"start":{"line":52,"column":12},"end":{"line":54,"column":16}},{"start":{"line":56,"column":12},"end":{"line":56,"column":14}}],"line":51}},"s":{"0":1,"1":1},"f":{"0":1},"b":{"0":[0,1],"1":[0,1],"2":[0,1],"3":[0,1]},"_coverageSchema":"1a1c01bbd47fc00a2c39e90264f33305004495a9","hash":"28c4bc714f8fdd1159f2b56156c84751ad04cad4"}
,"C:\\Users\\Erick Daniel\\Desktop\\Platzi_Master\\Proyecto_Final_C2\\frontend\\src\\components\\CardMembers\\styles.js": {"path":"C:\\Users\\Erick Daniel\\Desktop\\Platzi_Master\\Proyecto_Final_C2\\frontend\\src\\components\\CardMembers\\styles.js","statementMap":{"0":{"start":{"line":3,"column":23},"end":{"line":53,"column":1}},"1":{"start":{"line":55,"column":21},"end":{"line":67,"column":1}}},"fnMap":{},"branchMap":{},"s":{"0":1,"1":1},"f":{},"b":{},"_coverageSchema":"1a1c01bbd47fc00a2c39e90264f33305004495a9","hash":"5e8235bd1e2cf01abbc92a404b8b5f2147681830"}
,"C:\\Users\\Erick Daniel\\Desktop\\Platzi_Master\\Proyecto_Final_C2\\frontend\\src\\components\\CardPerson\\index.js": {"path":"C:\\Users\\Erick Daniel\\Desktop\\Platzi_Master\\Proyecto_Final_C2\\frontend\\src\\components\\CardPerson\\index.js","statementMap":{"0":{"start":{"line":14,"column":26},"end":{"line":43,"column":1}},"1":{"start":{"line":15,"column":2},"end":{"line":42,"column":4}}},"fnMap":{"0":{"name":"(anonymous_0)","decl":{"start":{"line":14,"column":26},"end":{"line":14,"column":27}},"loc":{"start":{"line":14,"column":74},"end":{"line":43,"column":1}},"line":14}},"branchMap":{"0":{"loc":{"start":{"line":21,"column":11},"end":{"line":21,"column":36}},"type":"cond-expr","locations":[{"start":{"line":21,"column":18},"end":{"line":21,"column":31}},{"start":{"line":21,"column":34},"end":{"line":21,"column":36}}],"line":21},"1":{"loc":{"start":{"line":27,"column":11},"end":{"line":27,"column":53}},"type":"cond-expr","locations":[{"start":{"line":27,"column":22},"end":{"line":27,"column":48}},{"start":{"line":27,"column":51},"end":{"line":27,"column":53}}],"line":27},"2":{"loc":{"start":{"line":31,"column":9},"end":{"line":39,"column":9}},"type":"cond-expr","locations":[{"start":{"line":32,"column":10},"end":{"line":36,"column":11}},{"start":{"line":38,"column":10},"end":{"line":38,"column":51}}],"line":31},"3":{"loc":{"start":{"line":32,"column":10},"end":{"line":36,"column":11}},"type":"cond-expr","locations":[{"start":{"line":33,"column":12},"end":{"line":33,"column":66}},{"start":{"line":35,"column":12},"end":{"line":35,"column":65}}],"line":32}},"s":{"0":1,"1":1},"f":{"0":1},"b":{"0":[1,0],"1":[1,0],"2":[1,0],"3":[1,0]},"_coverageSchema":"1a1c01bbd47fc00a2c39e90264f33305004495a9","hash":"a5fc7b158ce8309924125b162ee4ebf9369a4198"}
,"C:\\Users\\Erick Daniel\\Desktop\\Platzi_Master\\Proyecto_Final_C2\\frontend\\src\\components\\CardPerson\\styles.js": {"path":"C:\\Users\\Erick Daniel\\Desktop\\Platzi_Master\\Proyecto_Final_C2\\frontend\\src\\components\\CardPerson\\styles.js","statementMap":{"0":{"start":{"line":4,"column":22},"end":{"line":42,"column":1}},"1":{"start":{"line":44,"column":26},"end":{"line":113,"column":1}},"2":{"start":{"line":115,"column":27},"end":{"line":193,"column":1}},"3":{"start":{"line":195,"column":20},"end":{"line":209,"column":1}}},"fnMap":{},"branchMap":{},"s":{"0":1,"1":1,"2":1,"3":1},"f":{},"b":{},"_coverageSchema":"1a1c01bbd47fc00a2c39e90264f33305004495a9","hash":"925a4b1ac6fad08985bf70382140371396cd5af3"}
,"C:\\Users\\Erick Daniel\\Desktop\\Platzi_Master\\Proyecto_Final_C2\\frontend\\src\\components\\Footer\\index.js": {"path":"C:\\Users\\Erick Daniel\\Desktop\\Platzi_Master\\Proyecto_Final_C2\\frontend\\src\\components\\Footer\\index.js","statementMap":{"0":{"start":{"line":9,"column":22},"end":{"line":15,"column":1}},"1":{"start":{"line":10,"column":2},"end":{"line":14,"column":16}}},"fnMap":{"0":{"name":"(anonymous_0)","decl":{"start":{"line":9,"column":22},"end":{"line":9,"column":23}},"loc":{"start":{"line":10,"column":2},"end":{"line":14,"column":16}},"line":10}},"branchMap":{},"s":{"0":1,"1":1},"f":{"0":1},"b":{},"_coverageSchema":"1a1c01bbd47fc00a2c39e90264f33305004495a9","hash":"7e343e610e9dc79be674088b8005e07e9d5e6a82"}
,"C:\\Users\\Erick Daniel\\Desktop\\Platzi_Master\\Proyecto_Final_C2\\frontend\\src\\components\\Footer\\styles.js": {"path":"C:\\Users\\Erick Daniel\\Desktop\\Platzi_Master\\Proyecto_Final_C2\\frontend\\src\\components\\Footer\\styles.js","statementMap":{"0":{"start":{"line":3,"column":27},"end":{"line":22,"column":1}},"1":{"start":{"line":24,"column":20},"end":{"line":58,"column":1}}},"fnMap":{},"branchMap":{},"s":{"0":1,"1":1},"f":{},"b":{},"_coverageSchema":"1a1c01bbd47fc00a2c39e90264f33305004495a9","hash":"e9edcc608f0a42546c38637be26306f37ef4e447"}
,"C:\\Users\\Erick Daniel\\Desktop\\Platzi_Master\\Proyecto_Final_C2\\frontend\\src\\components\\Footer\\NavBar\\index.js": {"path":"C:\\Users\\Erick Daniel\\Desktop\\Platzi_Master\\Proyecto_Final_C2\\frontend\\src\\components\\Footer\\NavBar\\index.js","statementMap":{"0":{"start":{"line":6,"column":28},"end":{"line":14,"column":1}},"1":{"start":{"line":7,"column":2},"end":{"line":13,"column":4}}},"fnMap":{"0":{"name":"(anonymous_0)","decl":{"start":{"line":6,"column":28},"end":{"line":6,"column":29}},"loc":{"start":{"line":6,"column":34},"end":{"line":14,"column":1}},"line":6}},"branchMap":{},"s":{"0":1,"1":2},"f":{"0":2},"b":{},"_coverageSchema":"1a1c01bbd47fc00a2c39e90264f33305004495a9","hash":"5cc4b9a735ec688ab23384e02c77c5ee0f6a6ee1"}
,"C:\\Users\\Erick Daniel\\Desktop\\Platzi_Master\\Proyecto_Final_C2\\frontend\\src\\components\\Footer\\NavBar\\styles.js": {"path":"C:\\Users\\Erick Daniel\\Desktop\\Platzi_Master\\Proyecto_Final_C2\\frontend\\src\\components\\Footer\\NavBar\\styles.js","statementMap":{"0":{"start":{"line":4,"column":19},"end":{"line":17,"column":1}},"1":{"start":{"line":19,"column":20},"end":{"line":58,"column":1}},"2":{"start":{"line":60,"column":17},"end":{"line":84,"column":1}}},"fnMap":{},"branchMap":{},"s":{"0":1,"1":1,"2":1},"f":{},"b":{},"_coverageSchema":"1a1c01bbd47fc00a2c39e90264f33305004495a9","hash":"5be3fa282eccac688b209b62ba519d88c9d6549f"}
,"C:\\Users\\Erick Daniel\\Desktop\\Platzi_Master\\Proyecto_Final_C2\\frontend\\src\\components\\Footer\\Social\\index.js": {"path":"C:\\Users\\Erick Daniel\\Desktop\\Platzi_Master\\Proyecto_Final_C2\\frontend\\src\\components\\Footer\\Social\\index.js","statementMap":{"0":{"start":{"line":9,"column":22},"end":{"line":21,"column":1}},"1":{"start":{"line":10,"column":2},"end":{"line":20,"column":7}}},"fnMap":{"0":{"name":"(anonymous_0)","decl":{"start":{"line":9,"column":22},"end":{"line":9,"column":23}},"loc":{"start":{"line":10,"column":2},"end":{"line":20,"column":7}},"line":10}},"branchMap":{},"s":{"0":1,"1":1},"f":{"0":1},"b":{},"_coverageSchema":"1a1c01bbd47fc00a2c39e90264f33305004495a9","hash":"260fe783301e4ce7b11bfeb09cad74f2d4bc4bc2"}
,"C:\\Users\\Erick Daniel\\Desktop\\Platzi_Master\\Proyecto_Final_C2\\frontend\\src\\components\\Footer\\Social\\styles.js": {"path":"C:\\Users\\Erick Daniel\\Desktop\\Platzi_Master\\Proyecto_Final_C2\\frontend\\src\\components\\Footer\\Social\\styles.js","statementMap":{"0":{"start":{"line":3,"column":18},"end":{"line":14,"column":1}},"1":{"start":{"line":16,"column":18},"end":{"line":23,"column":1}},"2":{"start":{"line":25,"column":22},"end":{"line":32,"column":1}}},"fnMap":{},"branchMap":{},"s":{"0":1,"1":1,"2":1},"f":{},"b":{},"_coverageSchema":"1a1c01bbd47fc00a2c39e90264f33305004495a9","hash":"ed58bccf1c5fe09ccec30b47467c8d486513e784"}
,"C:\\Users\\Erick Daniel\\Desktop\\Platzi_Master\\Proyecto_Final_C2\\frontend\\src\\components\\Header\\index.js": {"path":"C:\\Users\\Erick Daniel\\Desktop\\Platzi_Master\\Proyecto_Final_C2\\frontend\\src\\components\\Header\\index.js","statementMap":{"0":{"start":{"line":15,"column":22},"end":{"line":43,"column":1}},"1":{"start":{"line":16,"column":2},"end":{"line":42,"column":21}},"2":{"start":{"line":19,"column":6},"end":{"line":19,"column":42}},"3":{"start":{"line":19,"column":33},"end":{"line":19,"column":42}},"4":{"start":{"line":20,"column":6},"end":{"line":20,"column":46}},"5":{"start":{"line":20,"column":32},"end":{"line":20,"column":46}},"6":{"start":{"line":21,"column":6},"end":{"line":21,"column":48}},"7":{"start":{"line":21,"column":33},"end":{"line":21,"column":48}},"8":{"start":{"line":22,"column":6},"end":{"line":22,"column":56}},"9":{"start":{"line":22,"column":37},"end":{"line":22,"column":56}},"10":{"start":{"line":23,"column":17},"end":{"line":23,"column":57}},"11":{"start":{"line":25,"column":6},"end":{"line":27,"column":7}},"12":{"start":{"line":26,"column":8},"end":{"line":26,"column":54}},"13":{"start":{"line":28,"column":6},"end":{"line":30,"column":7}},"14":{"start":{"line":29,"column":8},"end":{"line":29,"column":54}},"15":{"start":{"line":31,"column":6},"end":{"line":40,"column":8}}},"fnMap":{"0":{"name":"(anonymous_0)","decl":{"start":{"line":15,"column":22},"end":{"line":15,"column":23}},"loc":{"start":{"line":16,"column":2},"end":{"line":42,"column":21}},"line":16},"1":{"name":"(anonymous_1)","decl":{"start":{"line":17,"column":5},"end":{"line":17,"column":6}},"loc":{"start":{"line":17,"column":23},"end":{"line":41,"column":5}},"line":17}},"branchMap":{"0":{"loc":{"start":{"line":19,"column":6},"end":{"line":19,"column":42}},"type":"if","locations":[{"start":{"line":19,"column":6},"end":{"line":19,"column":42}},{"start":{"line":19,"column":6},"end":{"line":19,"column":42}}],"line":19},"1":{"loc":{"start":{"line":20,"column":6},"end":{"line":20,"column":46}},"type":"if","locations":[{"start":{"line":20,"column":6},"end":{"line":20,"column":46}},{"start":{"line":20,"column":6},"end":{"line":20,"column":46}}],"line":20},"2":{"loc":{"start":{"line":21,"column":6},"end":{"line":21,"column":48}},"type":"if","locations":[{"start":{"line":21,"column":6},"end":{"line":21,"column":48}},{"start":{"line":21,"column":6},"end":{"line":21,"column":48}}],"line":21},"3":{"loc":{"start":{"line":22,"column":6},"end":{"line":22,"column":56}},"type":"if","locations":[{"start":{"line":22,"column":6},"end":{"line":22,"column":56}},{"start":{"line":22,"column":6},"end":{"line":22,"column":56}}],"line":22},"4":{"loc":{"start":{"line":25,"column":6},"end":{"line":27,"column":7}},"type":"if","locations":[{"start":{"line":25,"column":6},"end":{"line":27,"column":7}},{"start":{"line":25,"column":6},"end":{"line":27,"column":7}}],"line":25},"5":{"loc":{"start":{"line":28,"column":6},"end":{"line":30,"column":7}},"type":"if","locations":[{"start":{"line":28,"column":6},"end":{"line":30,"column":7}},{"start":{"line":28,"column":6},"end":{"line":30,"column":7}}],"line":28}},"s":{"0":1,"1":2,"2":2,"3":2,"4":2,"5":0,"6":2,"7":0,"8":2,"9":0,"10":2,"11":2,"12":2,"13":2,"14":2,"15":2},"f":{"0":2,"1":2},"b":{"0":[2,0],"1":[0,2],"2":[0,2],"3":[0,2],"4":[2,0],"5":[2,0]},"_coverageSchema":"1a1c01bbd47fc00a2c39e90264f33305004495a9","hash":"5cf159a6d2290006daca86572795066892b54f6b"}
,"C:\\Users\\Erick Daniel\\Desktop\\Platzi_Master\\Proyecto_Final_C2\\frontend\\src\\components\\Header\\styles.js": {"path":"C:\\Users\\Erick Daniel\\Desktop\\Platzi_Master\\Proyecto_Final_C2\\frontend\\src\\components\\Header\\styles.js","statementMap":{"0":{"start":{"line":3,"column":27},"end":{"line":32,"column":1}},"1":{"start":{"line":34,"column":20},"end":{"line":59,"column":1}}},"fnMap":{},"branchMap":{},"s":{"0":1,"1":1},"f":{},"b":{},"_coverageSchema":"1a1c01bbd47fc00a2c39e90264f33305004495a9","hash":"15236a8473ebae7273c52b9f0cade827ddb82109"}
,"C:\\Users\\Erick Daniel\\Desktop\\Platzi_Master\\Proyecto_Final_C2\\frontend\\src\\components\\Header\\NavBar\\index.js": {"path":"C:\\Users\\Erick Daniel\\Desktop\\Platzi_Master\\Proyecto_Final_C2\\frontend\\src\\components\\Header\\NavBar\\index.js","statementMap":{"0":{"start":{"line":11,"column":22},"end":{"line":104,"column":1}},"1":{"start":{"line":12,"column":2},"end":{"line":103,"column":21}},"2":{"start":{"line":14,"column":6},"end":{"line":101,"column":7}},"3":{"start":{"line":16,"column":10},"end":{"line":24,"column":11}},"4":{"start":{"line":17,"column":12},"end":{"line":23,"column":14}},"5":{"start":{"line":25,"column":10},"end":{"line":32,"column":12}},"6":{"start":{"line":35,"column":10},"end":{"line":46,"column":11}},"7":{"start":{"line":36,"column":12},"end":{"line":45,"column":14}},"8":{"start":{"line":47,"column":10},"end":{"line":57,"column":12}},"9":{"start":{"line":60,"column":10},"end":{"line":71,"column":11}},"10":{"start":{"line":61,"column":12},"end":{"line":70,"column":14}},"11":{"start":{"line":72,"column":10},"end":{"line":82,"column":12}},"12":{"start":{"line":85,"column":10},"end":{"line":93,"column":11}},"13":{"start":{"line":86,"column":12},"end":{"line":92,"column":14}},"14":{"start":{"line":94,"column":10},"end":{"line":100,"column":12}}},"fnMap":{"0":{"name":"(anonymous_0)","decl":{"start":{"line":11,"column":22},"end":{"line":11,"column":23}},"loc":{"start":{"line":12,"column":2},"end":{"line":103,"column":21}},"line":12},"1":{"name":"(anonymous_1)","decl":{"start":{"line":13,"column":5},"end":{"line":13,"column":6}},"loc":{"start":{"line":13,"column":23},"end":{"line":102,"column":5}},"line":13}},"branchMap":{"0":{"loc":{"start":{"line":14,"column":6},"end":{"line":101,"column":7}},"type":"switch","locations":[{"start":{"line":15,"column":8},"end":{"line":32,"column":12}},{"start":{"line":34,"column":8},"end":{"line":57,"column":12}},{"start":{"line":59,"column":8},"end":{"line":82,"column":12}},{"start":{"line":84,"column":8},"end":{"line":100,"column":12}}],"line":14},"1":{"loc":{"start":{"line":16,"column":10},"end":{"line":24,"column":11}},"type":"if","locations":[{"start":{"line":16,"column":10},"end":{"line":24,"column":11}},{"start":{"line":16,"column":10},"end":{"line":24,"column":11}}],"line":16},"2":{"loc":{"start":{"line":35,"column":10},"end":{"line":46,"column":11}},"type":"if","locations":[{"start":{"line":35,"column":10},"end":{"line":46,"column":11}},{"start":{"line":35,"column":10},"end":{"line":46,"column":11}}],"line":35},"3":{"loc":{"start":{"line":60,"column":10},"end":{"line":71,"column":11}},"type":"if","locations":[{"start":{"line":60,"column":10},"end":{"line":71,"column":11}},{"start":{"line":60,"column":10},"end":{"line":71,"column":11}}],"line":60},"4":{"loc":{"start":{"line":85,"column":10},"end":{"line":93,"column":11}},"type":"if","locations":[{"start":{"line":85,"column":10},"end":{"line":93,"column":11}},{"start":{"line":85,"column":10},"end":{"line":93,"column":11}}],"line":85}},"s":{"0":1,"1":2,"2":2,"3":2,"4":2,"5":0,"6":0,"7":0,"8":0,"9":0,"10":0,"11":0,"12":0,"13":0,"14":0},"f":{"0":2,"1":2},"b":{"0":[2,0,0,0],"1":[2,0],"2":[0,0],"3":[0,0],"4":[0,0]},"_coverageSchema":"1a1c01bbd47fc00a2c39e90264f33305004495a9","hash":"0d72b3ed38c0e310e68758ad5887cb93027a07e3"}
,"C:\\Users\\Erick Daniel\\Desktop\\Platzi_Master\\Proyecto_Final_C2\\frontend\\src\\components\\Header\\NavBar\\styles.js": {"path":"C:\\Users\\Erick Daniel\\Desktop\\Platzi_Master\\Proyecto_Final_C2\\frontend\\src\\components\\Header\\NavBar\\styles.js","statementMap":{"0":{"start":{"line":4,"column":19},"end":{"line":22,"column":1}},"1":{"start":{"line":24,"column":20},"end":{"line":94,"column":1}},"2":{"start":{"line":96,"column":23},"end":{"line":104,"column":1}},"3":{"start":{"line":106,"column":25},"end":{"line":115,"column":1}}},"fnMap":{},"branchMap":{},"s":{"0":1,"1":1,"2":1,"3":1},"f":{},"b":{},"_coverageSchema":"1a1c01bbd47fc00a2c39e90264f33305004495a9","hash":"3a4c1c5c8d96ff1afb434d3093a95aad1856032f"}
,"C:\\Users\\Erick Daniel\\Desktop\\Platzi_Master\\Proyecto_Final_C2\\frontend\\src\\components\\HeaderImages\\index.js": {"path":"C:\\Users\\Erick Daniel\\Desktop\\Platzi_Master\\Proyecto_Final_C2\\frontend\\src\\components\\HeaderImages\\index.js","statementMap":{"0":{"start":{"line":6,"column":28},"end":{"line":8,"column":1}},"1":{"start":{"line":7,"column":2},"end":{"line":7,"column":67}}},"fnMap":{"0":{"name":"(anonymous_0)","decl":{"start":{"line":6,"column":28},"end":{"line":6,"column":29}},"loc":{"start":{"line":6,"column":47},"end":{"line":8,"column":1}},"line":6}},"branchMap":{},"s":{"0":1,"1":1},"f":{"0":1},"b":{},"_coverageSchema":"1a1c01bbd47fc00a2c39e90264f33305004495a9","hash":"3de55ffd24352ed2f262314dff5175360cbd255a"}
,"C:\\Users\\Erick Daniel\\Desktop\\Platzi_Master\\Proyecto_Final_C2\\frontend\\src\\components\\HeaderImages\\styles.js": {"path":"C:\\Users\\Erick Daniel\\Desktop\\Platzi_Master\\Proyecto_Final_C2\\frontend\\src\\components\\HeaderImages\\styles.js","statementMap":{"0":{"start":{"line":8,"column":31},"end":{"line":41,"column":1}},"1":{"start":{"line":16,"column":4},"end":{"line":19,"column":48}}},"fnMap":{"0":{"name":"(anonymous_0)","decl":{"start":{"line":15,"column":16},"end":{"line":15,"column":17}},"loc":{"start":{"line":16,"column":4},"end":{"line":19,"column":48}},"line":16}},"branchMap":{"0":{"loc":{"start":{"line":16,"column":4},"end":{"line":19,"column":48}},"type":"binary-expr","locations":[{"start":{"line":16,"column":5},"end":{"line":16,"column":25}},{"start":{"line":16,"column":29},"end":{"line":16,"column":47}},{"start":{"line":17,"column":5},"end":{"line":17,"column":25}},{"start":{"line":17,"column":29},"end":{"line":17,"column":47}},{"start":{"line":18,"column":5},"end":{"line":18,"column":25}},{"start":{"line":18,"column":29},"end":{"line":18,"column":47}},{"start":{"line":19,"column":5},"end":{"line":19,"column":25}},{"start":{"line":19,"column":29},"end":{"line":19,"column":47}}],"line":16}},"s":{"0":1,"1":1},"f":{"0":1},"b":{"0":[1,0,1,0,1,0,1,0]},"_coverageSchema":"1a1c01bbd47fc00a2c39e90264f33305004495a9","hash":"d5f363e4f58b4c80d56776ece703274786bfce9f"}
,"C:\\Users\\Erick Daniel\\Desktop\\Platzi_Master\\Proyecto_Final_C2\\frontend\\src\\components\\ImagesWithProcess\\index.js": {"path":"C:\\Users\\Erick Daniel\\Desktop\\Platzi_Master\\Proyecto_Final_C2\\frontend\\src\\components\\ImagesWithProcess\\index.js","statementMap":{"0":{"start":{"line":13,"column":33},"end":{"line":48,"column":1}},"1":{"start":{"line":25,"column":2},"end":{"line":25,"column":45}},"2":{"start":{"line":26,"column":2},"end":{"line":26,"column":45}},"3":{"start":{"line":27,"column":2},"end":{"line":27,"column":45}},"4":{"start":{"line":28,"column":2},"end":{"line":28,"column":45}},"5":{"start":{"line":29,"column":2},"end":{"line":29,"column":43}},"6":{"start":{"line":30,"column":2},"end":{"line":47,"column":4}}},"fnMap":{"0":{"name":"(anonymous_0)","decl":{"start":{"line":13,"column":33},"end":{"line":13,"column":34}},"loc":{"start":{"line":22,"column":6},"end":{"line":48,"column":1}},"line":22}},"branchMap":{"0":{"loc":{"start":{"line":25,"column":2},"end":{"line":25,"column":44}},"type":"cond-expr","locations":[{"start":{"line":25,"column":20},"end":{"line":25,"column":38}},{"start":{"line":25,"column":42},"end":{"line":25,"column":44}}],"line":25},"1":{"loc":{"start":{"line":26,"column":2},"end":{"line":26,"column":44}},"type":"cond-expr","locations":[{"start":{"line":26,"column":20},"end":{"line":26,"column":38}},{"start":{"line":26,"column":42},"end":{"line":26,"column":44}}],"line":26},"2":{"loc":{"start":{"line":27,"column":2},"end":{"line":27,"column":44}},"type":"cond-expr","locations":[{"start":{"line":27,"column":20},"end":{"line":27,"column":38}},{"start":{"line":27,"column":42},"end":{"line":27,"column":44}}],"line":27},"3":{"loc":{"start":{"line":28,"column":2},"end":{"line":28,"column":44}},"type":"cond-expr","locations":[{"start":{"line":28,"column":20},"end":{"line":28,"column":38}},{"start":{"line":28,"column":42},"end":{"line":28,"column":44}}],"line":28},"4":{"loc":{"start":{"line":29,"column":2},"end":{"line":29,"column":42}},"type":"cond-expr","locations":[{"start":{"line":29,"column":20},"end":{"line":29,"column":36}},{"start":{"line":29,"column":40},"end":{"line":29,"column":42}}],"line":29}},"s":{"0":1,"1":1,"2":1,"3":1,"4":1,"5":1,"6":1},"f":{"0":1},"b":{"0":[0,1],"1":[0,1],"2":[0,1],"3":[0,1],"4":[0,1]},"_coverageSchema":"1a1c01bbd47fc00a2c39e90264f33305004495a9","hash":"a392e59ca606f2ab8865d8591cc7a2b2f70ad704"}
,"C:\\Users\\Erick Daniel\\Desktop\\Platzi_Master\\Proyecto_Final_C2\\frontend\\src\\components\\ImagesWithProcess\\styles.js": {"path":"C:\\Users\\Erick Daniel\\Desktop\\Platzi_Master\\Proyecto_Final_C2\\frontend\\src\\components\\ImagesWithProcess\\styles.js","statementMap":{"0":{"start":{"line":4,"column":20},"end":{"line":58,"column":1}},"1":{"start":{"line":11,"column":22},"end":{"line":11,"column":44}},"2":{"start":{"line":12,"column":23},"end":{"line":12,"column":46}},"3":{"start":{"line":17,"column":38},"end":{"line":17,"column":49}},"4":{"start":{"line":32,"column":25},"end":{"line":32,"column":47}},"5":{"start":{"line":42,"column":24},"end":{"line":42,"column":51}},"6":{"start":{"line":43,"column":25},"end":{"line":43,"column":53}},"7":{"start":{"line":60,"column":23},"end":{"line":71,"column":1}},"8":{"start":{"line":73,"column":23},"end":{"line":85,"column":1}},"9":{"start":{"line":87,"column":18},"end":{"line":106,"column":1}}},"fnMap":{"0":{"name":"(anonymous_0)","decl":{"start":{"line":11,"column":11},"end":{"line":11,"column":12}},"loc":{"start":{"line":11,"column":22},"end":{"line":11,"column":44}},"line":11},"1":{"name":"(anonymous_1)","decl":{"start":{"line":12,"column":12},"end":{"line":12,"column":13}},"loc":{"start":{"line":12,"column":23},"end":{"line":12,"column":46}},"line":12},"2":{"name":"(anonymous_2)","decl":{"start":{"line":17,"column":27},"end":{"line":17,"column":28}},"loc":{"start":{"line":17,"column":38},"end":{"line":17,"column":49}},"line":17},"3":{"name":"(anonymous_3)","decl":{"start":{"line":32,"column":14},"end":{"line":32,"column":15}},"loc":{"start":{"line":32,"column":25},"end":{"line":32,"column":47}},"line":32},"4":{"name":"(anonymous_4)","decl":{"start":{"line":42,"column":13},"end":{"line":42,"column":14}},"loc":{"start":{"line":42,"column":24},"end":{"line":42,"column":51}},"line":42},"5":{"name":"(anonymous_5)","decl":{"start":{"line":43,"column":14},"end":{"line":43,"column":15}},"loc":{"start":{"line":43,"column":25},"end":{"line":43,"column":53}},"line":43}},"branchMap":{"0":{"loc":{"start":{"line":11,"column":22},"end":{"line":11,"column":44}},"type":"binary-expr","locations":[{"start":{"line":11,"column":22},"end":{"line":11,"column":33}},{"start":{"line":11,"column":37},"end":{"line":11,"column":44}}],"line":11},"1":{"loc":{"start":{"line":12,"column":23},"end":{"line":12,"column":46}},"type":"binary-expr","locations":[{"start":{"line":12,"column":23},"end":{"line":12,"column":35}},{"start":{"line":12,"column":39},"end":{"line":12,"column":46}}],"line":12}},"s":{"0":1,"1":1,"2":1,"3":1,"4":1,"5":1,"6":1,"7":1,"8":1,"9":1},"f":{"0":1,"1":1,"2":1,"3":1,"4":1,"5":1},"b":{"0":[1,0],"1":[1,0]},"_coverageSchema":"1a1c01bbd47fc00a2c39e90264f33305004495a9","hash":"033090a1724ffe16e1a549dbd8234e84041f1fa9"}
,"C:\\Users\\Erick Daniel\\Desktop\\Platzi_Master\\Proyecto_Final_C2\\frontend\\src\\components\\List\\index.js": {"path":"C:\\Users\\Erick Daniel\\Desktop\\Platzi_Master\\Proyecto_Final_C2\\frontend\\src\\components\\List\\index.js","statementMap":{"0":{"start":{"line":9,"column":20},"end":{"line":21,"column":1}},"1":{"start":{"line":10,"column":2},"end":{"line":20,"column":4}},"2":{"start":{"line":13,"column":8},"end":{"line":16,"column":29}}},"fnMap":{"0":{"name":"(anonymous_0)","decl":{"start":{"line":9,"column":20},"end":{"line":9,"column":21}},"loc":{"start":{"line":9,"column":54},"end":{"line":21,"column":1}},"line":9},"1":{"name":"(anonymous_1)","decl":{"start":{"line":12,"column":16},"end":{"line":12,"column":17}},"loc":{"start":{"line":13,"column":8},"end":{"line":16,"column":29}},"line":13}},"branchMap":{},"s":{"0":1,"1":1,"2":3},"f":{"0":1,"1":3},"b":{},"_coverageSchema":"1a1c01bbd47fc00a2c39e90264f33305004495a9","hash":"d31f17c212cd850479b8856e248158c3879516de"}
,"C:\\Users\\Erick Daniel\\Desktop\\Platzi_Master\\Proyecto_Final_C2\\frontend\\src\\components\\List\\styles.js": {"path":"C:\\Users\\Erick Daniel\\Desktop\\Platzi_Master\\Proyecto_Final_C2\\frontend\\src\\components\\List\\styles.js","statementMap":{"0":{"start":{"line":3,"column":25},"end":{"line":35,"column":1}},"1":{"start":{"line":37,"column":34},"end":{"line":56,"column":1}},"2":{"start":{"line":43,"column":23},"end":{"line":43,"column":52}},"3":{"start":{"line":58,"column":17},"end":{"line":66,"column":1}},"4":{"start":{"line":68,"column":21},"end":{"line":79,"column":1}}},"fnMap":{"0":{"name":"(anonymous_0)","decl":{"start":{"line":43,"column":11},"end":{"line":43,"column":12}},"loc":{"start":{"line":43,"column":23},"end":{"line":43,"column":52}},"line":43}},"branchMap":{"0":{"loc":{"start":{"line":43,"column":23},"end":{"line":43,"column":52}},"type":"cond-expr","locations":[{"start":{"line":43,"column":36},"end":{"line":43,"column":42}},{"start":{"line":43,"column":45},"end":{"line":43,"column":52}}],"line":43}},"s":{"0":1,"1":1,"2":3,"3":1,"4":1},"f":{"0":3},"b":{"0":[3,0]},"_coverageSchema":"1a1c01bbd47fc00a2c39e90264f33305004495a9","hash":"e0990d3da349b7bceec4c8f63dab2e9997ef5361"}
,"C:\\Users\\Erick Daniel\\Desktop\\Platzi_Master\\Proyecto_Final_C2\\frontend\\src\\components\\Logout\\index.js": {"path":"C:\\Users\\Erick Daniel\\Desktop\\Platzi_Master\\Proyecto_Final_C2\\frontend\\src\\components\\Logout\\index.js","statementMap":{"0":{"start":{"line":6,"column":22},"end":{"line":21,"column":1}},"1":{"start":{"line":7,"column":2},"end":{"line":20,"column":21}},"2":{"start":{"line":9,"column":6},"end":{"line":9,"column":27}},"3":{"start":{"line":10,"column":6},"end":{"line":10,"column":22}},"4":{"start":{"line":11,"column":6},"end":{"line":18,"column":9}},"5":{"start":{"line":17,"column":8},"end":{"line":17,"column":29}}},"fnMap":{"0":{"name":"(anonymous_0)","decl":{"start":{"line":6,"column":22},"end":{"line":6,"column":23}},"loc":{"start":{"line":7,"column":2},"end":{"line":20,"column":21}},"line":7},"1":{"name":"(anonymous_1)","decl":{"start":{"line":8,"column":5},"end":{"line":8,"column":6}},"loc":{"start":{"line":8,"column":38},"end":{"line":19,"column":5}},"line":8},"2":{"name":"(anonymous_2)","decl":{"start":{"line":16,"column":14},"end":{"line":16,"column":15}},"loc":{"start":{"line":16,"column":20},"end":{"line":18,"column":7}},"line":16}},"branchMap":{},"s":{"0":1,"1":1,"2":1,"3":1,"4":1,"5":0},"f":{"0":1,"1":1,"2":0},"b":{},"_coverageSchema":"1a1c01bbd47fc00a2c39e90264f33305004495a9","hash":"950daa36e6ef5b2403224fab65c4e7677528eb20"}
,"C:\\Users\\Erick Daniel\\Desktop\\Platzi_Master\\Proyecto_Final_C2\\frontend\\src\\components\\MenuMobile\\index.js": {"path":"C:\\Users\\Erick Daniel\\Desktop\\Platzi_Master\\Proyecto_Final_C2\\frontend\\src\\components\\MenuMobile\\index.js","statementMap":{"0":{"start":{"line":7,"column":26},"end":{"line":50,"column":1}},"1":{"start":{"line":8,"column":2},"end":{"line":49,"column":21}},"2":{"start":{"line":11,"column":6},"end":{"line":47,"column":7}},"3":{"start":{"line":13,"column":10},"end":{"line":20,"column":12}},"4":{"start":{"line":22,"column":10},"end":{"line":29,"column":12}},"5":{"start":{"line":31,"column":10},"end":{"line":38,"column":12}},"6":{"start":{"line":40,"column":10},"end":{"line":46,"column":12}}},"fnMap":{"0":{"name":"(anonymous_0)","decl":{"start":{"line":7,"column":26},"end":{"line":7,"column":27}},"loc":{"start":{"line":8,"column":2},"end":{"line":49,"column":21}},"line":8},"1":{"name":"(anonymous_1)","decl":{"start":{"line":10,"column":5},"end":{"line":10,"column":6}},"loc":{"start":{"line":10,"column":23},"end":{"line":48,"column":5}},"line":10}},"branchMap":{"0":{"loc":{"start":{"line":11,"column":6},"end":{"line":47,"column":7}},"type":"switch","locations":[{"start":{"line":12,"column":8},"end":{"line":20,"column":12}},{"start":{"line":21,"column":8},"end":{"line":29,"column":12}},{"start":{"line":30,"column":8},"end":{"line":38,"column":12}},{"start":{"line":39,"column":8},"end":{"line":46,"column":12}}],"line":11}},"s":{"0":1,"1":5,"2":5,"3":5,"4":0,"5":0,"6":0},"f":{"0":5,"1":5},"b":{"0":[5,0,0,0]},"_coverageSchema":"1a1c01bbd47fc00a2c39e90264f33305004495a9","hash":"ab134efb0830754e78e0ea2c9a73a56a35bea6f2"}
,"C:\\Users\\Erick Daniel\\Desktop\\Platzi_Master\\Proyecto_Final_C2\\frontend\\src\\components\\MenuMobile\\styles.js": {"path":"C:\\Users\\Erick Daniel\\Desktop\\Platzi_Master\\Proyecto_Final_C2\\frontend\\src\\components\\MenuMobile\\styles.js","statementMap":{"0":{"start":{"line":4,"column":20},"end":{"line":17,"column":1}},"1":{"start":{"line":19,"column":20},"end":{"line":44,"column":1}}},"fnMap":{},"branchMap":{},"s":{"0":1,"1":1},"f":{},"b":{},"_coverageSchema":"1a1c01bbd47fc00a2c39e90264f33305004495a9","hash":"2dbe304da708ab0a550849ebabd3318f6d399699"}
,"C:\\Users\\Erick Daniel\\Desktop\\Platzi_Master\\Proyecto_Final_C2\\frontend\\src\\components\\MobileDiary\\index.js": {"path":"C:\\Users\\Erick Daniel\\Desktop\\Platzi_Master\\Proyecto_Final_C2\\frontend\\src\\components\\MobileDiary\\index.js","statementMap":{"0":{"start":{"line":14,"column":27},"end":{"line":34,"column":1}},"1":{"start":{"line":15,"column":2},"end":{"line":33,"column":4}}},"fnMap":{"0":{"name":"(anonymous_0)","decl":{"start":{"line":14,"column":27},"end":{"line":14,"column":28}},"loc":{"start":{"line":14,"column":59},"end":{"line":34,"column":1}},"line":14}},"branchMap":{},"s":{"0":1,"1":1},"f":{"0":1},"b":{},"_coverageSchema":"1a1c01bbd47fc00a2c39e90264f33305004495a9","hash":"8e7fa336d1afd7a12737688e83fd00e929d00484"}
,"C:\\Users\\Erick Daniel\\Desktop\\Platzi_Master\\Proyecto_Final_C2\\frontend\\src\\components\\MobileDiary\\styles.js": {"path":"C:\\Users\\Erick Daniel\\Desktop\\Platzi_Master\\Proyecto_Final_C2\\frontend\\src\\components\\MobileDiary\\styles.js","statementMap":{"0":{"start":{"line":3,"column":25},"end":{"line":15,"column":1}},"1":{"start":{"line":17,"column":35},"end":{"line":26,"column":1}},"2":{"start":{"line":28,"column":33},"end":{"line":37,"column":1}},"3":{"start":{"line":39,"column":31},"end":{"line":48,"column":1}}},"fnMap":{},"branchMap":{},"s":{"0":1,"1":1,"2":1,"3":1},"f":{},"b":{},"_coverageSchema":"1a1c01bbd47fc00a2c39e90264f33305004495a9","hash":"ca5c8306753de6cef46ce35bf1465f827986aef9"}
,"C:\\Users\\Erick Daniel\\Desktop\\Platzi_Master\\Proyecto_Final_C2\\frontend\\src\\components\\MobileProcedure\\index.js": {"path":"C:\\Users\\Erick Daniel\\Desktop\\Platzi_Master\\Proyecto_Final_C2\\frontend\\src\\components\\MobileProcedure\\index.js","statementMap":{"0":{"start":{"line":9,"column":31},"end":{"line":16,"column":1}},"1":{"start":{"line":10,"column":2},"end":{"line":15,"column":4}}},"fnMap":{"0":{"name":"(anonymous_0)","decl":{"start":{"line":9,"column":31},"end":{"line":9,"column":32}},"loc":{"start":{"line":9,"column":46},"end":{"line":16,"column":1}},"line":9}},"branchMap":{},"s":{"0":1,"1":1},"f":{"0":1},"b":{},"_coverageSchema":"1a1c01bbd47fc00a2c39e90264f33305004495a9","hash":"4b87c70739ad7972f7ed0ca084d0ddbde0183a70"}
,"C:\\Users\\Erick Daniel\\Desktop\\Platzi_Master\\Proyecto_Final_C2\\frontend\\src\\components\\MobileProcedure\\styles.js": {"path":"C:\\Users\\Erick Daniel\\Desktop\\Platzi_Master\\Proyecto_Final_C2\\frontend\\src\\components\\MobileProcedure\\styles.js","statementMap":{"0":{"start":{"line":3,"column":25},"end":{"line":16,"column":1}}},"fnMap":{},"branchMap":{},"s":{"0":1},"f":{},"b":{},"_coverageSchema":"1a1c01bbd47fc00a2c39e90264f33305004495a9","hash":"ad045abb8833f8874917d9020f0c3c1c42ea739f"}
,"C:\\Users\\Erick Daniel\\Desktop\\Platzi_Master\\Proyecto_Final_C2\\frontend\\src\\components\\NameStatus\\index.js": {"path":"C:\\Users\\Erick Daniel\\Desktop\\Platzi_Master\\Proyecto_Final_C2\\frontend\\src\\components\\NameStatus\\index.js","statementMap":{"0":{"start":{"line":9,"column":26},"end":{"line":19,"column":1}},"1":{"start":{"line":10,"column":2},"end":{"line":18,"column":4}}},"fnMap":{"0":{"name":"(anonymous_0)","decl":{"start":{"line":9,"column":26},"end":{"line":9,"column":27}},"loc":{"start":{"line":9,"column":45},"end":{"line":19,"column":1}},"line":9}},"branchMap":{},"s":{"0":1,"1":1},"f":{"0":1},"b":{},"_coverageSchema":"1a1c01bbd47fc00a2c39e90264f33305004495a9","hash":"49fcc71ab6a543e8cc7be0930ce9e7e923ca0d89"}
,"C:\\Users\\Erick Daniel\\Desktop\\Platzi_Master\\Proyecto_Final_C2\\frontend\\src\\components\\NameStatus\\styles.js": {"path":"C:\\Users\\Erick Daniel\\Desktop\\Platzi_Master\\Proyecto_Final_C2\\frontend\\src\\components\\NameStatus\\styles.js","statementMap":{"0":{"start":{"line":4,"column":22},"end":{"line":44,"column":1}},"1":{"start":{"line":46,"column":20},"end":{"line":53,"column":1}}},"fnMap":{},"branchMap":{},"s":{"0":1,"1":1},"f":{},"b":{},"_coverageSchema":"1a1c01bbd47fc00a2c39e90264f33305004495a9","hash":"a3ace0c2d2a091c44f08225398926ff5a2ec51a2"}
,"C:\\Users\\Erick Daniel\\Desktop\\Platzi_Master\\Proyecto_Final_C2\\frontend\\src\\components\\Schedule\\index.js": {"path":"C:\\Users\\Erick Daniel\\Desktop\\Platzi_Master\\Proyecto_Final_C2\\frontend\\src\\components\\Schedule\\index.js","statementMap":{"0":{"start":{"line":17,"column":35},"end":{"line":34,"column":1}},"1":{"start":{"line":18,"column":2},"end":{"line":33,"column":3}},"2":{"start":{"line":20,"column":6},"end":{"line":20,"column":50}},"3":{"start":{"line":22,"column":6},"end":{"line":22,"column":48}},"4":{"start":{"line":24,"column":6},"end":{"line":24,"column":49}},"5":{"start":{"line":26,"column":6},"end":{"line":26,"column":52}},"6":{"start":{"line":28,"column":6},"end":{"line":28,"column":49}},"7":{"start":{"line":30,"column":6},"end":{"line":30,"column":50}},"8":{"start":{"line":32,"column":6},"end":{"line":32,"column":49}},"9":{"start":{"line":37,"column":31},"end":{"line":64,"column":1}},"10":{"start":{"line":38,"column":2},"end":{"line":63,"column":3}},"11":{"start":{"line":40,"column":6},"end":{"line":40,"column":21}},"12":{"start":{"line":42,"column":6},"end":{"line":42,"column":23}},"13":{"start":{"line":44,"column":6},"end":{"line":44,"column":21}},"14":{"start":{"line":46,"column":6},"end":{"line":46,"column":21}},"15":{"start":{"line":48,"column":6},"end":{"line":48,"column":20}},"16":{"start":{"line":50,"column":6},"end":{"line":50,"column":21}},"17":{"start":{"line":52,"column":6},"end":{"line":52,"column":21}},"18":{"start":{"line":54,"column":6},"end":{"line":54,"column":22}},"19":{"start":{"line":56,"column":6},"end":{"line":56,"column":26}},"20":{"start":{"line":58,"column":6},"end":{"line":58,"column":23}},"21":{"start":{"line":60,"column":6},"end":{"line":60,"column":25}},"22":{"start":{"line":62,"column":6},"end":{"line":62,"column":25}},"23":{"start":{"line":66,"column":24},"end":{"line":166,"column":1}},"24":{"start":{"line":74,"column":16},"end":{"line":74,"column":26}},"25":{"start":{"line":75,"column":14},"end":{"line":75,"column":29}},"26":{"start":{"line":76,"column":16},"end":{"line":76,"column":32}},"27":{"start":{"line":77,"column":15},"end":{"line":77,"column":34}},"28":{"start":{"line":78,"column":29},"end":{"line":78,"column":43}},"29":{"start":{"line":81,"column":33},"end":{"line":81,"column":37}},"30":{"start":{"line":84,"column":16},"end":{"line":86,"column":60}},"31":{"start":{"line":87,"column":10},"end":{"line":87,"column":11}},"32":{"start":{"line":88,"column":10},"end":{"line":88,"column":53}},"33":{"start":{"line":89,"column":24},"end":{"line":89,"column":28}},"34":{"start":{"line":93,"column":4},"end":{"line":95,"column":30}},"35":{"start":{"line":97,"column":2},"end":{"line":105,"column":27}},"36":{"start":{"line":98,"column":4},"end":{"line":98,"column":32}},"37":{"start":{"line":99,"column":4},"end":{"line":99,"column":75}},"38":{"start":{"line":101,"column":4},"end":{"line":101,"column":31}},"39":{"start":{"line":103,"column":4},"end":{"line":103,"column":8}},"40":{"start":{"line":104,"column":4},"end":{"line":104,"column":56}},"41":{"start":{"line":108,"column":16},"end":{"line":108,"column":49}},"42":{"start":{"line":109,"column":14},"end":{"line":109,"column":45}},"43":{"start":{"line":110,"column":38},"end":{"line":110,"column":40}},"44":{"start":{"line":111,"column":2},"end":{"line":113,"column":3}},"45":{"start":{"line":112,"column":4},"end":{"line":112,"column":48}},"46":{"start":{"line":115,"column":25},"end":{"line":115,"column":27}},"47":{"start":{"line":116,"column":2},"end":{"line":118,"column":3}},"48":{"start":{"line":117,"column":4},"end":{"line":117,"column":27}},"49":{"start":{"line":121,"column":23},"end":{"line":121,"column":38}},"50":{"start":{"line":122,"column":2},"end":{"line":165,"column":4}},"51":{"start":{"line":127,"column":10},"end":{"line":127,"column":50}},"52":{"start":{"line":130,"column":10},"end":{"line":136,"column":11}},"53":{"start":{"line":139,"column":10},"end":{"line":146,"column":12}},"54":{"start":{"line":143,"column":16},"end":{"line":143,"column":70}}},"fnMap":{"0":{"name":"(anonymous_0)","decl":{"start":{"line":17,"column":35},"end":{"line":17,"column":36}},"loc":{"start":{"line":17,"column":59},"end":{"line":34,"column":1}},"line":17},"1":{"name":"(anonymous_1)","decl":{"start":{"line":37,"column":31},"end":{"line":37,"column":32}},"loc":{"start":{"line":37,"column":43},"end":{"line":64,"column":1}},"line":37},"2":{"name":"(anonymous_2)","decl":{"start":{"line":66,"column":24},"end":{"line":66,"column":25}},"loc":{"start":{"line":72,"column":6},"end":{"line":166,"column":1}},"line":72},"3":{"name":"(anonymous_3)","decl":{"start":{"line":126,"column":36},"end":{"line":126,"column":37}},"loc":{"start":{"line":127,"column":10},"end":{"line":127,"column":50}},"line":127},"4":{"name":"(anonymous_4)","decl":{"start":{"line":129,"column":27},"end":{"line":129,"column":28}},"loc":{"start":{"line":130,"column":10},"end":{"line":136,"column":11}},"line":130},"5":{"name":"(anonymous_5)","decl":{"start":{"line":138,"column":41},"end":{"line":138,"column":42}},"loc":{"start":{"line":138,"column":58},"end":{"line":147,"column":9}},"line":138},"6":{"name":"(anonymous_6)","decl":{"start":{"line":142,"column":34},"end":{"line":142,"column":35}},"loc":{"start":{"line":143,"column":16},"end":{"line":143,"column":70}},"line":143}},"branchMap":{"0":{"loc":{"start":{"line":18,"column":2},"end":{"line":33,"column":3}},"type":"switch","locations":[{"start":{"line":19,"column":4},"end":{"line":20,"column":50}},{"start":{"line":21,"column":4},"end":{"line":22,"column":48}},{"start":{"line":23,"column":4},"end":{"line":24,"column":49}},{"start":{"line":25,"column":4},"end":{"line":26,"column":52}},{"start":{"line":27,"column":4},"end":{"line":28,"column":49}},{"start":{"line":29,"column":4},"end":{"line":30,"column":50}},{"start":{"line":31,"column":4},"end":{"line":32,"column":49}}],"line":18},"1":{"loc":{"start":{"line":20,"column":13},"end":{"line":20,"column":49}},"type":"cond-expr","locations":[{"start":{"line":20,"column":32},"end":{"line":20,"column":41}},{"start":{"line":20,"column":44},"end":{"line":20,"column":49}}],"line":20},"2":{"loc":{"start":{"line":22,"column":13},"end":{"line":22,"column":47}},"type":"cond-expr","locations":[{"start":{"line":22,"column":32},"end":{"line":22,"column":39}},{"start":{"line":22,"column":42},"end":{"line":22,"column":47}}],"line":22},"3":{"loc":{"start":{"line":24,"column":13},"end":{"line":24,"column":48}},"type":"cond-expr","locations":[{"start":{"line":24,"column":32},"end":{"line":24,"column":40}},{"start":{"line":24,"column":43},"end":{"line":24,"column":48}}],"line":24},"4":{"loc":{"start":{"line":26,"column":13},"end":{"line":26,"column":51}},"type":"cond-expr","locations":[{"start":{"line":26,"column":32},"end":{"line":26,"column":43}},{"start":{"line":26,"column":46},"end":{"line":26,"column":51}}],"line":26},"5":{"loc":{"start":{"line":28,"column":13},"end":{"line":28,"column":48}},"type":"cond-expr","locations":[{"start":{"line":28,"column":32},"end":{"line":28,"column":40}},{"start":{"line":28,"column":43},"end":{"line":28,"column":48}}],"line":28},"6":{"loc":{"start":{"line":30,"column":13},"end":{"line":30,"column":49}},"type":"cond-expr","locations":[{"start":{"line":30,"column":32},"end":{"line":30,"column":41}},{"start":{"line":30,"column":44},"end":{"line":30,"column":49}}],"line":30},"7":{"loc":{"start":{"line":32,"column":13},"end":{"line":32,"column":48}},"type":"cond-expr","locations":[{"start":{"line":32,"column":32},"end":{"line":32,"column":40}},{"start":{"line":32,"column":43},"end":{"line":32,"column":48}}],"line":32},"8":{"loc":{"start":{"line":38,"column":2},"end":{"line":63,"column":3}},"type":"switch","locations":[{"start":{"line":39,"column":4},"end":{"line":40,"column":21}},{"start":{"line":41,"column":4},"end":{"line":42,"column":23}},{"start":{"line":43,"column":4},"end":{"line":44,"column":21}},{"start":{"line":45,"column":4},"end":{"line":46,"column":21}},{"start":{"line":47,"column":4},"end":{"line":48,"column":20}},{"start":{"line":49,"column":4},"end":{"line":50,"column":21}},{"start":{"line":51,"column":4},"end":{"line":52,"column":21}},{"start":{"line":53,"column":4},"end":{"line":54,"column":22}},{"start":{"line":55,"column":4},"end":{"line":56,"column":26}},{"start":{"line":57,"column":4},"end":{"line":58,"column":23}},{"start":{"line":59,"column":4},"end":{"line":60,"column":25}},{"start":{"line":61,"column":4},"end":{"line":62,"column":25}}],"line":38},"9":{"loc":{"start":{"line":68,"column":2},"end":{"line":68,"column":23}},"type":"default-arg","locations":[{"start":{"line":68,"column":14},"end":{"line":68,"column":23}}],"line":68},"10":{"loc":{"start":{"line":69,"column":2},"end":{"line":69,"column":22}},"type":"default-arg","locations":[{"start":{"line":69,"column":12},"end":{"line":69,"column":22}}],"line":69},"11":{"loc":{"start":{"line":70,"column":2},"end":{"line":70,"column":16}},"type":"default-arg","locations":[{"start":{"line":70,"column":15},"end":{"line":70,"column":16}}],"line":70},"12":{"loc":{"start":{"line":71,"column":2},"end":{"line":71,"column":27}},"type":"default-arg","locations":[{"start":{"line":71,"column":23},"end":{"line":71,"column":27}}],"line":71},"13":{"loc":{"start":{"line":84,"column":16},"end":{"line":86,"column":60}},"type":"cond-expr","locations":[{"start":{"line":85,"column":6},"end":{"line":85,"column":39}},{"start":{"line":86,"column":6},"end":{"line":86,"column":60}}],"line":84},"14":{"loc":{"start":{"line":88,"column":10},"end":{"line":88,"column":53}},"type":"cond-expr","locations":[{"start":{"line":88,"column":31},"end":{"line":88,"column":49}},{"start":{"line":88,"column":52},"end":{"line":88,"column":53}}],"line":88},"15":{"loc":{"start":{"line":93,"column":4},"end":{"line":95,"column":30}},"type":"cond-expr","locations":[{"start":{"line":94,"column":8},"end":{"line":94,"column":18}},{"start":{"line":95,"column":8},"end":{"line":95,"column":30}}],"line":93},"16":{"loc":{"start":{"line":93,"column":4},"end":{"line":93,"column":57}},"type":"binary-expr","locations":[{"start":{"line":93,"column":4},"end":{"line":93,"column":35}},{"start":{"line":93,"column":39},"end":{"line":93,"column":57}}],"line":93},"17":{"loc":{"start":{"line":101,"column":4},"end":{"line":101,"column":30}},"type":"cond-expr","locations":[{"start":{"line":101,"column":13},"end":{"line":101,"column":19}},{"start":{"line":101,"column":24},"end":{"line":101,"column":29}}],"line":101},"18":{"loc":{"start":{"line":130,"column":10},"end":{"line":136,"column":11}},"type":"cond-expr","locations":[{"start":{"line":131,"column":12},"end":{"line":131,"column":59}},{"start":{"line":132,"column":14},"end":{"line":136,"column":11}}],"line":130},"19":{"loc":{"start":{"line":130,"column":10},"end":{"line":130,"column":43}},"type":"binary-expr","locations":[{"start":{"line":130,"column":10},"end":{"line":130,"column":28}},{"start":{"line":130,"column":32},"end":{"line":130,"column":43}}],"line":130},"20":{"loc":{"start":{"line":132,"column":14},"end":{"line":136,"column":11}},"type":"cond-expr","locations":[{"start":{"line":133,"column":12},"end":{"line":133,"column":59}},{"start":{"line":135,"column":12},"end":{"line":135,"column":51}}],"line":132},"21":{"loc":{"start":{"line":132,"column":14},"end":{"line":132,"column":69}},"type":"binary-expr","locations":[{"start":{"line":132,"column":14},"end":{"line":132,"column":46}},{"start":{"line":132,"column":50},"end":{"line":132,"column":69}}],"line":132}},"s":{"0":1,"1":7,"2":1,"3":1,"4":1,"5":1,"6":1,"7":1,"8":1,"9":1,"10":1,"11":0,"12":0,"13":0,"14":0,"15":0,"16":0,"17":1,"18":0,"19":0,"20":0,"21":0,"22":0,"23":1,"24":1,"25":1,"26":1,"27":1,"28":1,"29":1,"30":1,"31":1,"32":1,"33":1,"34":1,"35":1,"36":7,"37":7,"38":7,"39":7,"40":7,"41":1,"42":1,"43":1,"44":1,"45":12,"46":1,"47":1,"48":7,"49":1,"50":1,"51":8,"52":8,"53":12,"54":84},"f":{"0":7,"1":1,"2":1,"3":8,"4":8,"5":12,"6":84},"b":{"0":[1,1,1,1,1,1,1],"1":[0,1],"2":[0,1],"3":[0,1],"4":[0,1],"5":[0,1],"6":[0,1],"7":[0,1],"8":[0,0,0,0,0,0,1,0,0,0,0,0],"9":[0],"10":[0],"11":[0],"12":[0],"13":[1,0],"14":[1,0],"15":[1,0],"16":[1,0],"17":[6,1],"18":[1,7],"19":[8,8],"20":[0,7],"21":[7,0]},"_coverageSchema":"1a1c01bbd47fc00a2c39e90264f33305004495a9","hash":"4f9ccf4caa64320d27f37c58db0a3273a73d5a70"}
,"C:\\Users\\Erick Daniel\\Desktop\\Platzi_Master\\Proyecto_Final_C2\\frontend\\src\\components\\Schedule\\styles.js": {"path":"C:\\Users\\Erick Daniel\\Desktop\\Platzi_Master\\Proyecto_Final_C2\\frontend\\src\\components\\Schedule\\styles.js","statementMap":{"0":{"start":{"line":3,"column":20},"end":{"line":37,"column":1}},"1":{"start":{"line":7,"column":45},"end":{"line":7,"column":49}},"2":{"start":{"line":8,"column":57},"end":{"line":8,"column":64}},"3":{"start":{"line":39,"column":21},"end":{"line":47,"column":1}},"4":{"start":{"line":49,"column":30},"end":{"line":75,"column":1}}},"fnMap":{"0":{"name":"(anonymous_0)","decl":{"start":{"line":7,"column":31},"end":{"line":7,"column":32}},"loc":{"start":{"line":7,"column":45},"end":{"line":7,"column":49}},"line":7},"1":{"name":"(anonymous_1)","decl":{"start":{"line":8,"column":40},"end":{"line":8,"column":41}},"loc":{"start":{"line":8,"column":57},"end":{"line":8,"column":64}},"line":8}},"branchMap":{},"s":{"0":1,"1":1,"2":1,"3":1,"4":1},"f":{"0":1,"1":1},"b":{},"_coverageSchema":"1a1c01bbd47fc00a2c39e90264f33305004495a9","hash":"69ccf199f85336d346af1625f21f82989568c7d6"}
,"C:\\Users\\Erick Daniel\\Desktop\\Platzi_Master\\Proyecto_Final_C2\\frontend\\src\\components\\Schedule\\Components\\index.js": {"path":"C:\\Users\\Erick Daniel\\Desktop\\Platzi_Master\\Proyecto_Final_C2\\frontend\\src\\components\\Schedule\\Components\\index.js","statementMap":{"0":{"start":{"line":18,"column":28},"end":{"line":20,"column":1}},"1":{"start":{"line":19,"column":2},"end":{"line":19,"column":47}},"2":{"start":{"line":23,"column":25},"end":{"line":25,"column":1}},"3":{"start":{"line":24,"column":2},"end":{"line":24,"column":43}},"4":{"start":{"line":28,"column":33},"end":{"line":30,"column":1}},"5":{"start":{"line":29,"column":2},"end":{"line":29,"column":59}},"6":{"start":{"line":33,"column":25},"end":{"line":33,"column":78}},"7":{"start":{"line":33,"column":39},"end":{"line":33,"column":78}},"8":{"start":{"line":36,"column":39},"end":{"line":41,"column":1}},"9":{"start":{"line":37,"column":2},"end":{"line":40,"column":33}},"10":{"start":{"line":44,"column":28},"end":{"line":48,"column":1}},"11":{"start":{"line":45,"column":2},"end":{"line":47,"column":22}}},"fnMap":{"0":{"name":"(anonymous_0)","decl":{"start":{"line":18,"column":28},"end":{"line":18,"column":29}},"loc":{"start":{"line":19,"column":2},"end":{"line":19,"column":47}},"line":19},"1":{"name":"(anonymous_1)","decl":{"start":{"line":23,"column":25},"end":{"line":23,"column":26}},"loc":{"start":{"line":24,"column":2},"end":{"line":24,"column":43}},"line":24},"2":{"name":"(anonymous_2)","decl":{"start":{"line":28,"column":33},"end":{"line":28,"column":34}},"loc":{"start":{"line":29,"column":2},"end":{"line":29,"column":59}},"line":29},"3":{"name":"(anonymous_3)","decl":{"start":{"line":33,"column":25},"end":{"line":33,"column":26}},"loc":{"start":{"line":33,"column":39},"end":{"line":33,"column":78}},"line":33},"4":{"name":"(anonymous_4)","decl":{"start":{"line":36,"column":39},"end":{"line":36,"column":40}},"loc":{"start":{"line":37,"column":2},"end":{"line":40,"column":33}},"line":37},"5":{"name":"(anonymous_5)","decl":{"start":{"line":44,"column":28},"end":{"line":44,"column":29}},"loc":{"start":{"line":45,"column":2},"end":{"line":47,"column":22}},"line":45}},"branchMap":{},"s":{"0":1,"1":8,"2":1,"3":7,"4":1,"5":1,"6":1,"7":12,"8":1,"9":84,"10":1,"11":1},"f":{"0":8,"1":7,"2":1,"3":12,"4":84,"5":1},"b":{},"_coverageSchema":"1a1c01bbd47fc00a2c39e90264f33305004495a9","hash":"fc0118bfe84d7fcb02ce1df5773ece134e054d83"}
,"C:\\Users\\Erick Daniel\\Desktop\\Platzi_Master\\Proyecto_Final_C2\\frontend\\src\\components\\Schedule\\Components\\styles.js": {"path":"C:\\Users\\Erick Daniel\\Desktop\\Platzi_Master\\Proyecto_Final_C2\\frontend\\src\\components\\Schedule\\Components\\styles.js","statementMap":{"0":{"start":{"line":3,"column":33},"end":{"line":15,"column":1}},"1":{"start":{"line":17,"column":30},"end":{"line":31,"column":1}},"2":{"start":{"line":33,"column":38},"end":{"line":50,"column":1}},"3":{"start":{"line":52,"column":30},"end":{"line":65,"column":1}},"4":{"start":{"line":67,"column":44},"end":{"line":93,"column":1}},"5":{"start":{"line":95,"column":20},"end":{"line":113,"column":1}},"6":{"start":{"line":115,"column":33},"end":{"line":129,"column":1}},"7":{"start":{"line":121,"column":38},"end":{"line":121,"column":49}}},"fnMap":{"0":{"name":"(anonymous_0)","decl":{"start":{"line":121,"column":21},"end":{"line":121,"column":22}},"loc":{"start":{"line":121,"column":38},"end":{"line":121,"column":49}},"line":121}},"branchMap":{},"s":{"0":1,"1":1,"2":1,"3":1,"4":1,"5":1,"6":1,"7":1},"f":{"0":1},"b":{},"_coverageSchema":"1a1c01bbd47fc00a2c39e90264f33305004495a9","hash":"31bec4957610648192aab44276d9953ed9a49e34"}
,"C:\\Users\\Erick Daniel\\Desktop\\Platzi_Master\\Proyecto_Final_C2\\frontend\\src\\components\\ShowAppointmentHistory\\index.js": {"path":"C:\\Users\\Erick Daniel\\Desktop\\Platzi_Master\\Proyecto_Final_C2\\frontend\\src\\components\\ShowAppointmentHistory\\index.js","statementMap":{"0":{"start":{"line":9,"column":38},"end":{"line":49,"column":1}},"1":{"start":{"line":16,"column":2},"end":{"line":48,"column":4}}},"fnMap":{"0":{"name":"(anonymous_0)","decl":{"start":{"line":9,"column":38},"end":{"line":9,"column":39}},"loc":{"start":{"line":15,"column":6},"end":{"line":49,"column":1}},"line":15}},"branchMap":{},"s":{"0":1,"1":1},"f":{"0":1},"b":{},"_coverageSchema":"1a1c01bbd47fc00a2c39e90264f33305004495a9","hash":"647f0cd4919d18570981b1207ee4eec69c84f6a4"}
,"C:\\Users\\Erick Daniel\\Desktop\\Platzi_Master\\Proyecto_Final_C2\\frontend\\src\\components\\ShowAppointmentHistory\\styles.js": {"path":"C:\\Users\\Erick Daniel\\Desktop\\Platzi_Master\\Proyecto_Final_C2\\frontend\\src\\components\\ShowAppointmentHistory\\styles.js","statementMap":{"0":{"start":{"line":3,"column":25},"end":{"line":32,"column":1}},"1":{"start":{"line":34,"column":23},"end":{"line":54,"column":1}},"2":{"start":{"line":56,"column":31},"end":{"line":103,"column":1}}},"fnMap":{},"branchMap":{},"s":{"0":1,"1":1,"2":1},"f":{},"b":{},"_coverageSchema":"1a1c01bbd47fc00a2c39e90264f33305004495a9","hash":"f4555bcbae850c64206c0c9eca57f043b3ee9ee0"}
,"C:\\Users\\Erick Daniel\\Desktop\\Platzi_Master\\Proyecto_Final_C2\\frontend\\src\\components\\ShowMyProfile\\index.js": {"path":"C:\\Users\\Erick Daniel\\Desktop\\Platzi_Master\\Proyecto_Final_C2\\frontend\\src\\components\\ShowMyProfile\\index.js","statementMap":{"0":{"start":{"line":9,"column":29},"end":{"line":38,"column":1}},"1":{"start":{"line":10,"column":2},"end":{"line":37,"column":4}}},"fnMap":{"0":{"name":"(anonymous_0)","decl":{"start":{"line":9,"column":29},"end":{"line":9,"column":30}},"loc":{"start":{"line":9,"column":47},"end":{"line":38,"column":1}},"line":9}},"branchMap":{},"s":{"0":1,"1":1},"f":{"0":1},"b":{},"_coverageSchema":"1a1c01bbd47fc00a2c39e90264f33305004495a9","hash":"4426b626dc08c258e6f5a10cbbc6231e3b33e14d"}
,"C:\\Users\\Erick Daniel\\Desktop\\Platzi_Master\\Proyecto_Final_C2\\frontend\\src\\components\\ShowMyProfile\\styles.js": {"path":"C:\\Users\\Erick Daniel\\Desktop\\Platzi_Master\\Proyecto_Final_C2\\frontend\\src\\components\\ShowMyProfile\\styles.js","statementMap":{"0":{"start":{"line":3,"column":25},"end":{"line":34,"column":1}},"1":{"start":{"line":36,"column":23},"end":{"line":65,"column":1}},"2":{"start":{"line":67,"column":31},"end":{"line":127,"column":1}},"3":{"start":{"line":129,"column":26},"end":{"line":138,"column":1}}},"fnMap":{},"branchMap":{},"s":{"0":1,"1":1,"2":1,"3":1},"f":{},"b":{},"_coverageSchema":"1a1c01bbd47fc00a2c39e90264f33305004495a9","hash":"4fd34763740e19f49a08cc1909e600b5c4534e69"}
,"C:\\Users\\Erick Daniel\\Desktop\\Platzi_Master\\Proyecto_Final_C2\\frontend\\src\\components\\Table\\index.js": {"path":"C:\\Users\\Erick Daniel\\Desktop\\Platzi_Master\\Proyecto_Final_C2\\frontend\\src\\components\\Table\\index.js","statementMap":{"0":{"start":{"line":8,"column":21},"end":{"line":74,"column":1}},"1":{"start":{"line":20,"column":6},"end":{"line":20,"column":11}},"2":{"start":{"line":21,"column":19},"end":{"line":21,"column":21}},"3":{"start":{"line":24,"column":2},"end":{"line":26,"column":5}},"4":{"start":{"line":25,"column":4},"end":{"line":25,"column":17}},"5":{"start":{"line":29,"column":22},"end":{"line":48,"column":3}},"6":{"start":{"line":30,"column":16},"end":{"line":30,"column":18}},"7":{"start":{"line":32,"column":4},"end":{"line":46,"column":5}},"8":{"start":{"line":32,"column":17},"end":{"line":32,"column":18}},"9":{"start":{"line":33,"column":21},"end":{"line":33,"column":23}},"10":{"start":{"line":34,"column":6},"end":{"line":34,"column":67}},"11":{"start":{"line":35,"column":6},"end":{"line":35,"column":72}},"12":{"start":{"line":36,"column":6},"end":{"line":36,"column":74}},"13":{"start":{"line":37,"column":6},"end":{"line":37,"column":72}},"14":{"start":{"line":38,"column":6},"end":{"line":44,"column":8}},"15":{"start":{"line":45,"column":6},"end":{"line":45,"column":55}},"16":{"start":{"line":47,"column":4},"end":{"line":47,"column":17}},"17":{"start":{"line":50,"column":2},"end":{"line":73,"column":4}}},"fnMap":{"0":{"name":"(anonymous_0)","decl":{"start":{"line":8,"column":21},"end":{"line":8,"column":22}},"loc":{"start":{"line":8,"column":32},"end":{"line":74,"column":1}},"line":8},"1":{"name":"(anonymous_1)","decl":{"start":{"line":24,"column":29},"end":{"line":24,"column":30}},"loc":{"start":{"line":24,"column":38},"end":{"line":26,"column":3}},"line":24},"2":{"name":"(anonymous_2)","decl":{"start":{"line":29,"column":22},"end":{"line":29,"column":23}},"loc":{"start":{"line":29,"column":38},"end":{"line":48,"column":3}},"line":29}},"branchMap":{"0":{"loc":{"start":{"line":19,"column":4},"end":{"line":19,"column":13}},"type":"default-arg","locations":[{"start":{"line":19,"column":11},"end":{"line":19,"column":13}}],"line":19},"1":{"loc":{"start":{"line":55,"column":11},"end":{"line":55,"column":36}},"type":"binary-expr","locations":[{"start":{"line":55,"column":11},"end":{"line":55,"column":15}},{"start":{"line":55,"column":19},"end":{"line":55,"column":36}}],"line":55},"2":{"loc":{"start":{"line":56,"column":11},"end":{"line":56,"column":36}},"type":"binary-expr","locations":[{"start":{"line":56,"column":11},"end":{"line":56,"column":15}},{"start":{"line":56,"column":19},"end":{"line":56,"column":36}}],"line":56},"3":{"loc":{"start":{"line":57,"column":11},"end":{"line":57,"column":36}},"type":"binary-expr","locations":[{"start":{"line":57,"column":11},"end":{"line":57,"column":15}},{"start":{"line":57,"column":19},"end":{"line":57,"column":36}}],"line":57},"4":{"loc":{"start":{"line":58,"column":11},"end":{"line":58,"column":36}},"type":"binary-expr","locations":[{"start":{"line":58,"column":11},"end":{"line":58,"column":15}},{"start":{"line":58,"column":19},"end":{"line":58,"column":36}}],"line":58},"5":{"loc":{"start":{"line":59,"column":11},"end":{"line":59,"column":36}},"type":"binary-expr","locations":[{"start":{"line":59,"column":11},"end":{"line":59,"column":15}},{"start":{"line":59,"column":19},"end":{"line":59,"column":36}}],"line":59},"6":{"loc":{"start":{"line":60,"column":11},"end":{"line":60,"column":36}},"type":"binary-expr","locations":[{"start":{"line":60,"column":11},"end":{"line":60,"column":15}},{"start":{"line":60,"column":19},"end":{"line":60,"column":36}}],"line":60},"7":{"loc":{"start":{"line":61,"column":11},"end":{"line":61,"column":36}},"type":"binary-expr","locations":[{"start":{"line":61,"column":11},"end":{"line":61,"column":15}},{"start":{"line":61,"column":19},"end":{"line":61,"column":36}}],"line":61},"8":{"loc":{"start":{"line":62,"column":11},"end":{"line":62,"column":36}},"type":"binary-expr","locations":[{"start":{"line":62,"column":11},"end":{"line":62,"column":15}},{"start":{"line":62,"column":19},"end":{"line":62,"column":36}}],"line":62}},"s":{"0":1,"1":1,"2":1,"3":1,"4":1,"5":1,"6":1,"7":1,"8":1,"9":0,"10":0,"11":0,"12":0,"13":0,"14":0,"15":0,"16":1,"17":1},"f":{"0":1,"1":1,"2":1},"b":{"0":[1],"1":[1,0],"2":[1,0],"3":[1,0],"4":[1,0],"5":[1,0],"6":[1,0],"7":[1,0],"8":[1,0]},"_coverageSchema":"1a1c01bbd47fc00a2c39e90264f33305004495a9","hash":"d182b9bde19caa6a7a284c8f1c470fe429a15fd3"}
,"C:\\Users\\Erick Daniel\\Desktop\\Platzi_Master\\Proyecto_Final_C2\\frontend\\src\\components\\Table\\styles.js": {"path":"C:\\Users\\Erick Daniel\\Desktop\\Platzi_Master\\Proyecto_Final_C2\\frontend\\src\\components\\Table\\styles.js","statementMap":{"0":{"start":{"line":3,"column":21},"end":{"line":68,"column":1}}},"fnMap":{},"branchMap":{},"s":{"0":1},"f":{},"b":{},"_coverageSchema":"1a1c01bbd47fc00a2c39e90264f33305004495a9","hash":"ee3d983d54a297d30b4e80c596f9962a317d7f45"}
}
