{"D:\\Cursos\\Platzi\\Platzi Master\\Cursos\\Git_GitHub\\ProyectoC2\\frontend\\src\\Context.js": {"path":"D:\\Cursos\\Platzi\\Platzi Master\\Cursos\\Git_GitHub\\ProyectoC2\\frontend\\src\\Context.js","statementMap":{"0":{"start":{"line":2,"column":16},"end":{"line":2,"column":31}},"1":{"start":{"line":4,"column":17},"end":{"line":14,"column":1}},"2":{"start":{"line":5,"column":34},"end":{"line":5,"column":52}},"3":{"start":{"line":6,"column":16},"end":{"line":11,"column":3}},"4":{"start":{"line":9,"column":6},"end":{"line":9,"column":24}},"5":{"start":{"line":13,"column":2},"end":{"line":13,"column":71}}},"fnMap":{"0":{"name":"(anonymous_0)","decl":{"start":{"line":4,"column":17},"end":{"line":4,"column":18}},"loc":{"start":{"line":4,"column":35},"end":{"line":14,"column":1}},"line":4},"1":{"name":"(anonymous_1)","decl":{"start":{"line":8,"column":16},"end":{"line":8,"column":17}},"loc":{"start":{"line":8,"column":26},"end":{"line":10,"column":5}},"line":8}},"branchMap":{},"s":{"0":1,"1":1,"2":1,"3":1,"4":0,"5":1},"f":{"0":1,"1":0},"b":{},"_coverageSchema":"1a1c01bbd47fc00a2c39e90264f33305004495a9","hash":"c6f213ec53d03ef7b5b1a5556fe61e6537c18647"}
,"D:\\Cursos\\Platzi\\Platzi Master\\Cursos\\Git_GitHub\\ProyectoC2\\frontend\\src\\assets\\static\\icon-accountCircle.js": {"path":"D:\\Cursos\\Platzi\\Platzi Master\\Cursos\\Git_GitHub\\ProyectoC2\\frontend\\src\\assets\\static\\icon-accountCircle.js","statementMap":{"0":{"start":{"line":3,"column":33},"end":{"line":8,"column":1}},"1":{"start":{"line":4,"column":2},"end":{"line":7,"column":8}}},"fnMap":{"0":{"name":"(anonymous_0)","decl":{"start":{"line":3,"column":33},"end":{"line":3,"column":34}},"loc":{"start":{"line":4,"column":2},"end":{"line":7,"column":8}},"line":4}},"branchMap":{},"s":{"0":3,"1":4},"f":{"0":4},"b":{},"_coverageSchema":"1a1c01bbd47fc00a2c39e90264f33305004495a9","hash":"26184702356f173b87e34a8a0468caa5cc41eed8"}
,"D:\\Cursos\\Platzi\\Platzi Master\\Cursos\\Git_GitHub\\ProyectoC2\\frontend\\src\\assets\\static\\icon-add.js": {"path":"D:\\Cursos\\Platzi\\Platzi Master\\Cursos\\Git_GitHub\\ProyectoC2\\frontend\\src\\assets\\static\\icon-add.js","statementMap":{"0":{"start":{"line":3,"column":23},"end":{"line":14,"column":1}},"1":{"start":{"line":4,"column":2},"end":{"line":13,"column":8}}},"fnMap":{"0":{"name":"(anonymous_0)","decl":{"start":{"line":3,"column":23},"end":{"line":3,"column":24}},"loc":{"start":{"line":4,"column":2},"end":{"line":13,"column":8}},"line":4}},"branchMap":{},"s":{"0":1,"1":1},"f":{"0":1},"b":{},"_coverageSchema":"1a1c01bbd47fc00a2c39e90264f33305004495a9","hash":"2be718665e0e46279e3104dfe24eb2bd69a8fa45"}
,"D:\\Cursos\\Platzi\\Platzi Master\\Cursos\\Git_GitHub\\ProyectoC2\\frontend\\src\\assets\\static\\icon-avatar.js": {"path":"D:\\Cursos\\Platzi\\Platzi Master\\Cursos\\Git_GitHub\\ProyectoC2\\frontend\\src\\assets\\static\\icon-avatar.js","statementMap":{"0":{"start":{"line":3,"column":26},"end":{"line":8,"column":1}},"1":{"start":{"line":4,"column":2},"end":{"line":7,"column":8}}},"fnMap":{"0":{"name":"(anonymous_0)","decl":{"start":{"line":3,"column":26},"end":{"line":3,"column":27}},"loc":{"start":{"line":4,"column":2},"end":{"line":7,"column":8}},"line":4}},"branchMap":{},"s":{"0":1,"1":0},"f":{"0":0},"b":{},"_coverageSchema":"1a1c01bbd47fc00a2c39e90264f33305004495a9","hash":"48805cb8f284e0c687c353b5e89e59b72fa78c3a"}
,"D:\\Cursos\\Platzi\\Platzi Master\\Cursos\\Git_GitHub\\ProyectoC2\\frontend\\src\\assets\\static\\icon-checkbox-false.js": {"path":"D:\\Cursos\\Platzi\\Platzi Master\\Cursos\\Git_GitHub\\ProyectoC2\\frontend\\src\\assets\\static\\icon-checkbox-false.js","statementMap":{"0":{"start":{"line":3,"column":33},"end":{"line":13,"column":1}},"1":{"start":{"line":4,"column":2},"end":{"line":12,"column":8}}},"fnMap":{"0":{"name":"(anonymous_0)","decl":{"start":{"line":3,"column":33},"end":{"line":3,"column":34}},"loc":{"start":{"line":4,"column":2},"end":{"line":12,"column":8}},"line":4}},"branchMap":{},"s":{"0":1,"1":3},"f":{"0":3},"b":{},"_coverageSchema":"1a1c01bbd47fc00a2c39e90264f33305004495a9","hash":"0fceed290b956e506e8226abfd4d276aa515c3df"}
,"D:\\Cursos\\Platzi\\Platzi Master\\Cursos\\Git_GitHub\\ProyectoC2\\frontend\\src\\assets\\static\\icon-duration.js": {"path":"D:\\Cursos\\Platzi\\Platzi Master\\Cursos\\Git_GitHub\\ProyectoC2\\frontend\\src\\assets\\static\\icon-duration.js","statementMap":{"0":{"start":{"line":3,"column":28},"end":{"line":14,"column":1}},"1":{"start":{"line":4,"column":2},"end":{"line":13,"column":8}}},"fnMap":{"0":{"name":"(anonymous_0)","decl":{"start":{"line":3,"column":28},"end":{"line":3,"column":29}},"loc":{"start":{"line":4,"column":2},"end":{"line":13,"column":8}},"line":4}},"branchMap":{},"s":{"0":1,"1":2},"f":{"0":2},"b":{},"_coverageSchema":"1a1c01bbd47fc00a2c39e90264f33305004495a9","hash":"4be0f76871d4c6028fdd1d766f97487b6632540f"}
,"D:\\Cursos\\Platzi\\Platzi Master\\Cursos\\Git_GitHub\\ProyectoC2\\frontend\\src\\assets\\static\\icon-edit.js": {"path":"D:\\Cursos\\Platzi\\Platzi Master\\Cursos\\Git_GitHub\\ProyectoC2\\frontend\\src\\assets\\static\\icon-edit.js","statementMap":{"0":{"start":{"line":3,"column":24},"end":{"line":14,"column":1}},"1":{"start":{"line":4,"column":2},"end":{"line":13,"column":8}}},"fnMap":{"0":{"name":"(anonymous_0)","decl":{"start":{"line":3,"column":24},"end":{"line":3,"column":25}},"loc":{"start":{"line":4,"column":2},"end":{"line":13,"column":8}},"line":4}},"branchMap":{},"s":{"0":1,"1":2},"f":{"0":2},"b":{},"_coverageSchema":"1a1c01bbd47fc00a2c39e90264f33305004495a9","hash":"eb20ee68adc517812f4d6e757ca14aa1af615b58"}
,"D:\\Cursos\\Platzi\\Platzi Master\\Cursos\\Git_GitHub\\ProyectoC2\\frontend\\src\\assets\\static\\icon-email.js": {"path":"D:\\Cursos\\Platzi\\Platzi Master\\Cursos\\Git_GitHub\\ProyectoC2\\frontend\\src\\assets\\static\\icon-email.js","statementMap":{"0":{"start":{"line":3,"column":25},"end":{"line":8,"column":1}},"1":{"start":{"line":4,"column":2},"end":{"line":7,"column":8}}},"fnMap":{"0":{"name":"(anonymous_0)","decl":{"start":{"line":3,"column":25},"end":{"line":3,"column":26}},"loc":{"start":{"line":4,"column":2},"end":{"line":7,"column":8}},"line":4}},"branchMap":{},"s":{"0":1,"1":1},"f":{"0":1},"b":{},"_coverageSchema":"1a1c01bbd47fc00a2c39e90264f33305004495a9","hash":"493f837126629306f987ed3f9e1540df42a043e1"}
,"D:\\Cursos\\Platzi\\Platzi Master\\Cursos\\Git_GitHub\\ProyectoC2\\frontend\\src\\assets\\static\\icon-github.js": {"path":"D:\\Cursos\\Platzi\\Platzi Master\\Cursos\\Git_GitHub\\ProyectoC2\\frontend\\src\\assets\\static\\icon-github.js","statementMap":{"0":{"start":{"line":3,"column":26},"end":{"line":7,"column":1}},"1":{"start":{"line":4,"column":2},"end":{"line":6,"column":8}}},"fnMap":{"0":{"name":"(anonymous_0)","decl":{"start":{"line":3,"column":26},"end":{"line":3,"column":27}},"loc":{"start":{"line":4,"column":2},"end":{"line":6,"column":8}},"line":4}},"branchMap":{},"s":{"0":2,"1":2},"f":{"0":2},"b":{},"_coverageSchema":"1a1c01bbd47fc00a2c39e90264f33305004495a9","hash":"de9c91e69b7a42b830e671103d9c60b1d01eec44"}
,"D:\\Cursos\\Platzi\\Platzi Master\\Cursos\\Git_GitHub\\ProyectoC2\\frontend\\src\\assets\\static\\icon-linkedin.js": {"path":"D:\\Cursos\\Platzi\\Platzi Master\\Cursos\\Git_GitHub\\ProyectoC2\\frontend\\src\\assets\\static\\icon-linkedin.js","statementMap":{"0":{"start":{"line":3,"column":28},"end":{"line":20,"column":1}},"1":{"start":{"line":4,"column":2},"end":{"line":19,"column":8}}},"fnMap":{"0":{"name":"(anonymous_0)","decl":{"start":{"line":3,"column":28},"end":{"line":3,"column":29}},"loc":{"start":{"line":4,"column":2},"end":{"line":19,"column":8}},"line":4}},"branchMap":{},"s":{"0":1,"1":1},"f":{"0":1},"b":{},"_coverageSchema":"1a1c01bbd47fc00a2c39e90264f33305004495a9","hash":"0fbc188f98812a53b70d6bf2b9522668e41fe3d8"}
,"D:\\Cursos\\Platzi\\Platzi Master\\Cursos\\Git_GitHub\\ProyectoC2\\frontend\\src\\assets\\static\\icon-menu.js": {"path":"D:\\Cursos\\Platzi\\Platzi Master\\Cursos\\Git_GitHub\\ProyectoC2\\frontend\\src\\assets\\static\\icon-menu.js","statementMap":{"0":{"start":{"line":3,"column":24},"end":{"line":14,"column":1}},"1":{"start":{"line":4,"column":2},"end":{"line":13,"column":8}}},"fnMap":{"0":{"name":"(anonymous_0)","decl":{"start":{"line":3,"column":24},"end":{"line":3,"column":25}},"loc":{"start":{"line":4,"column":2},"end":{"line":13,"column":8}},"line":4}},"branchMap":{},"s":{"0":1,"1":1},"f":{"0":1},"b":{},"_coverageSchema":"1a1c01bbd47fc00a2c39e90264f33305004495a9","hash":"c5221fb08f645c570ac70611a597ff60d3095ae6"}
,"D:\\Cursos\\Platzi\\Platzi Master\\Cursos\\Git_GitHub\\ProyectoC2\\frontend\\src\\assets\\static\\icon-password.js": {"path":"D:\\Cursos\\Platzi\\Platzi Master\\Cursos\\Git_GitHub\\ProyectoC2\\frontend\\src\\assets\\static\\icon-password.js","statementMap":{"0":{"start":{"line":3,"column":28},"end":{"line":8,"column":1}},"1":{"start":{"line":4,"column":2},"end":{"line":7,"column":8}}},"fnMap":{"0":{"name":"(anonymous_0)","decl":{"start":{"line":3,"column":28},"end":{"line":3,"column":29}},"loc":{"start":{"line":4,"column":2},"end":{"line":7,"column":8}},"line":4}},"branchMap":{},"s":{"0":1,"1":1},"f":{"0":1},"b":{},"_coverageSchema":"1a1c01bbd47fc00a2c39e90264f33305004495a9","hash":"96306b6725da3303d3e5c21ba0f40c7045bf68af"}
,"D:\\Cursos\\Platzi\\Platzi Master\\Cursos\\Git_GitHub\\ProyectoC2\\frontend\\src\\assets\\static\\icon-price.js": {"path":"D:\\Cursos\\Platzi\\Platzi Master\\Cursos\\Git_GitHub\\ProyectoC2\\frontend\\src\\assets\\static\\icon-price.js","statementMap":{"0":{"start":{"line":3,"column":25},"end":{"line":14,"column":1}},"1":{"start":{"line":4,"column":2},"end":{"line":13,"column":8}}},"fnMap":{"0":{"name":"(anonymous_0)","decl":{"start":{"line":3,"column":25},"end":{"line":3,"column":26}},"loc":{"start":{"line":4,"column":2},"end":{"line":13,"column":8}},"line":4}},"branchMap":{},"s":{"0":1,"1":2},"f":{"0":2},"b":{},"_coverageSchema":"1a1c01bbd47fc00a2c39e90264f33305004495a9","hash":"0a39d7051f21931a1859bc9ba590098acb7696e0"}
,"D:\\Cursos\\Platzi\\Platzi Master\\Cursos\\Git_GitHub\\ProyectoC2\\frontend\\src\\assets\\static\\icon-twitter.js": {"path":"D:\\Cursos\\Platzi\\Platzi Master\\Cursos\\Git_GitHub\\ProyectoC2\\frontend\\src\\assets\\static\\icon-twitter.js","statementMap":{"0":{"start":{"line":3,"column":27},"end":{"line":20,"column":1}},"1":{"start":{"line":4,"column":2},"end":{"line":19,"column":8}}},"fnMap":{"0":{"name":"(anonymous_0)","decl":{"start":{"line":3,"column":27},"end":{"line":3,"column":28}},"loc":{"start":{"line":4,"column":2},"end":{"line":19,"column":8}},"line":4}},"branchMap":{},"s":{"0":1,"1":1},"f":{"0":1},"b":{},"_coverageSchema":"1a1c01bbd47fc00a2c39e90264f33305004495a9","hash":"8d14febd85a1a67592b9dcec781062f5d1248062"}
,"D:\\Cursos\\Platzi\\Platzi Master\\Cursos\\Git_GitHub\\ProyectoC2\\frontend\\src\\assets\\static\\icon-type.js": {"path":"D:\\Cursos\\Platzi\\Platzi Master\\Cursos\\Git_GitHub\\ProyectoC2\\frontend\\src\\assets\\static\\icon-type.js","statementMap":{"0":{"start":{"line":3,"column":24},"end":{"line":14,"column":1}},"1":{"start":{"line":4,"column":2},"end":{"line":13,"column":8}}},"fnMap":{"0":{"name":"(anonymous_0)","decl":{"start":{"line":3,"column":24},"end":{"line":3,"column":25}},"loc":{"start":{"line":4,"column":2},"end":{"line":13,"column":8}},"line":4}},"branchMap":{},"s":{"0":1,"1":1},"f":{"0":1},"b":{},"_coverageSchema":"1a1c01bbd47fc00a2c39e90264f33305004495a9","hash":"f9e1d1cd3f7bf0c295459ccaacd63a87303ead8e"}
,"D:\\Cursos\\Platzi\\Platzi Master\\Cursos\\Git_GitHub\\ProyectoC2\\frontend\\src\\assets\\static\\logo-ocs-f.js": {"path":"D:\\Cursos\\Platzi\\Platzi Master\\Cursos\\Git_GitHub\\ProyectoC2\\frontend\\src\\assets\\static\\logo-ocs-f.js","statementMap":{"0":{"start":{"line":3,"column":24},"end":{"line":69,"column":1}},"1":{"start":{"line":4,"column":2},"end":{"line":68,"column":8}}},"fnMap":{"0":{"name":"(anonymous_0)","decl":{"start":{"line":3,"column":24},"end":{"line":3,"column":25}},"loc":{"start":{"line":4,"column":2},"end":{"line":68,"column":8}},"line":4}},"branchMap":{},"s":{"0":1,"1":0},"f":{"0":0},"b":{},"_coverageSchema":"1a1c01bbd47fc00a2c39e90264f33305004495a9","hash":"a85dcc144b41176e5cd6f2693e3b976280b0c0ac"}
,"D:\\Cursos\\Platzi\\Platzi Master\\Cursos\\Git_GitHub\\ProyectoC2\\frontend\\src\\assets\\static\\logo-ocs.js": {"path":"D:\\Cursos\\Platzi\\Platzi Master\\Cursos\\Git_GitHub\\ProyectoC2\\frontend\\src\\assets\\static\\logo-ocs.js","statementMap":{"0":{"start":{"line":3,"column":23},"end":{"line":34,"column":1}},"1":{"start":{"line":4,"column":2},"end":{"line":33,"column":8}}},"fnMap":{"0":{"name":"(anonymous_0)","decl":{"start":{"line":3,"column":23},"end":{"line":3,"column":24}},"loc":{"start":{"line":4,"column":2},"end":{"line":33,"column":8}},"line":4}},"branchMap":{},"s":{"0":1,"1":1},"f":{"0":1},"b":{},"_coverageSchema":"1a1c01bbd47fc00a2c39e90264f33305004495a9","hash":"f1544e2d3687afc818b183bd93f6d314bb91fc49"}
,"D:\\Cursos\\Platzi\\Platzi Master\\Cursos\\Git_GitHub\\ProyectoC2\\frontend\\src\\components\\AdminForms\\index.js": {"path":"D:\\Cursos\\Platzi\\Platzi Master\\Cursos\\Git_GitHub\\ProyectoC2\\frontend\\src\\components\\AdminForms\\index.js","statementMap":{"0":{"start":{"line":19,"column":26},"end":{"line":127,"column":1}},"1":{"start":{"line":20,"column":2},"end":{"line":22,"column":5}},"2":{"start":{"line":21,"column":4},"end":{"line":21,"column":24}},"3":{"start":{"line":25,"column":4},"end":{"line":84,"column":5}},"4":{"start":{"line":85,"column":2},"end":{"line":111,"column":3}},"5":{"start":{"line":86,"column":4},"end":{"line":110,"column":6}},"6":{"start":{"line":113,"column":2},"end":{"line":126,"column":4}}},"fnMap":{"0":{"name":"(anonymous_0)","decl":{"start":{"line":19,"column":26},"end":{"line":19,"column":27}},"loc":{"start":{"line":19,"column":66},"end":{"line":127,"column":1}},"line":19},"1":{"name":"(anonymous_1)","decl":{"start":{"line":20,"column":12},"end":{"line":20,"column":13}},"loc":{"start":{"line":20,"column":18},"end":{"line":22,"column":3}},"line":20}},"branchMap":{"0":{"loc":{"start":{"line":25,"column":4},"end":{"line":84,"column":5}},"type":"cond-expr","locations":[{"start":{"line":26,"column":6},"end":{"line":59,"column":23}},{"start":{"line":61,"column":6},"end":{"line":83,"column":23}}],"line":25},"1":{"loc":{"start":{"line":85,"column":2},"end":{"line":111,"column":3}},"type":"if","locations":[{"start":{"line":85,"column":2},"end":{"line":111,"column":3}},{"start":{"line":85,"column":2},"end":{"line":111,"column":3}}],"line":85}},"s":{"0":1,"1":1,"2":1,"3":1,"4":1,"5":0,"6":1},"f":{"0":1,"1":1},"b":{"0":[0,1],"1":[0,1]},"_coverageSchema":"1a1c01bbd47fc00a2c39e90264f33305004495a9","hash":"8c6252ee684f220ea70d045006946a480903ba96"}
,"D:\\Cursos\\Platzi\\Platzi Master\\Cursos\\Git_GitHub\\ProyectoC2\\frontend\\src\\components\\AdminForms\\styles.js": {"path":"D:\\Cursos\\Platzi\\Platzi Master\\Cursos\\Git_GitHub\\ProyectoC2\\frontend\\src\\components\\AdminForms\\styles.js","statementMap":{"0":{"start":{"line":3,"column":20},"end":{"line":15,"column":1}},"1":{"start":{"line":16,"column":20},"end":{"line":22,"column":1}},"2":{"start":{"line":23,"column":27},"end":{"line":84,"column":1}},"3":{"start":{"line":86,"column":30},"end":{"line":89,"column":1}},"4":{"start":{"line":91,"column":21},"end":{"line":106,"column":1}},"5":{"start":{"line":108,"column":28},"end":{"line":111,"column":1}},"6":{"start":{"line":112,"column":28},"end":{"line":115,"column":1}}},"fnMap":{},"branchMap":{},"s":{"0":1,"1":1,"2":1,"3":1,"4":1,"5":1,"6":1},"f":{},"b":{},"_coverageSchema":"1a1c01bbd47fc00a2c39e90264f33305004495a9","hash":"47a2f9e446eb1d06d2c47945237e22f1da37a572"}
,"D:\\Cursos\\Platzi\\Platzi Master\\Cursos\\Git_GitHub\\ProyectoC2\\frontend\\src\\components\\Buttons\\index.js": {"path":"D:\\Cursos\\Platzi\\Platzi Master\\Cursos\\Git_GitHub\\ProyectoC2\\frontend\\src\\components\\Buttons\\index.js","statementMap":{"0":{"start":{"line":5,"column":23},"end":{"line":14,"column":1}},"1":{"start":{"line":6,"column":2},"end":{"line":6,"column":53}},"2":{"start":{"line":6,"column":27},"end":{"line":6,"column":53}},"3":{"start":{"line":8,"column":2},"end":{"line":13,"column":4}}},"fnMap":{"0":{"name":"(anonymous_0)","decl":{"start":{"line":5,"column":23},"end":{"line":5,"column":24}},"loc":{"start":{"line":5,"column":63},"end":{"line":14,"column":1}},"line":5}},"branchMap":{"0":{"loc":{"start":{"line":6,"column":2},"end":{"line":6,"column":53}},"type":"if","locations":[{"start":{"line":6,"column":2},"end":{"line":6,"column":53}},{"start":{"line":6,"column":2},"end":{"line":6,"column":53}}],"line":6}},"s":{"0":3,"1":5,"2":5,"3":5},"f":{"0":5},"b":{"0":[5,0]},"_coverageSchema":"1a1c01bbd47fc00a2c39e90264f33305004495a9","hash":"dff84c0153953092023f004a1f112291e7b6a442"}
,"D:\\Cursos\\Platzi\\Platzi Master\\Cursos\\Git_GitHub\\ProyectoC2\\frontend\\src\\components\\Buttons\\styles.js": {"path":"D:\\Cursos\\Platzi\\Platzi Master\\Cursos\\Git_GitHub\\ProyectoC2\\frontend\\src\\components\\Buttons\\styles.js","statementMap":{"0":{"start":{"line":3,"column":22},"end":{"line":25,"column":1}},"1":{"start":{"line":8,"column":33},"end":{"line":8,"column":44}},"2":{"start":{"line":16,"column":35},"end":{"line":16,"column":73}},"3":{"start":{"line":17,"column":29},"end":{"line":17,"column":64}}},"fnMap":{"0":{"name":"(anonymous_0)","decl":{"start":{"line":8,"column":22},"end":{"line":8,"column":23}},"loc":{"start":{"line":8,"column":33},"end":{"line":8,"column":44}},"line":8},"1":{"name":"(anonymous_1)","decl":{"start":{"line":16,"column":23},"end":{"line":16,"column":24}},"loc":{"start":{"line":16,"column":35},"end":{"line":16,"column":73}},"line":16},"2":{"name":"(anonymous_2)","decl":{"start":{"line":17,"column":17},"end":{"line":17,"column":18}},"loc":{"start":{"line":17,"column":29},"end":{"line":17,"column":64}},"line":17}},"branchMap":{"0":{"loc":{"start":{"line":16,"column":35},"end":{"line":16,"column":73}},"type":"cond-expr","locations":[{"start":{"line":16,"column":60},"end":{"line":16,"column":68}},{"start":{"line":16,"column":71},"end":{"line":16,"column":73}}],"line":16},"1":{"loc":{"start":{"line":17,"column":29},"end":{"line":17,"column":64}},"type":"cond-expr","locations":[{"start":{"line":17,"column":54},"end":{"line":17,"column":59}},{"start":{"line":17,"column":62},"end":{"line":17,"column":64}}],"line":17}},"s":{"0":3,"1":5,"2":5,"3":5},"f":{"0":5,"1":5,"2":5},"b":{"0":[5,0],"1":[5,0]},"_coverageSchema":"1a1c01bbd47fc00a2c39e90264f33305004495a9","hash":"4ca634b6dbd523a8284c2f45c31366ee65ea8eef"}
,"D:\\Cursos\\Platzi\\Platzi Master\\Cursos\\Git_GitHub\\ProyectoC2\\frontend\\src\\components\\CardInformation\\index.js": {"path":"D:\\Cursos\\Platzi\\Platzi Master\\Cursos\\Git_GitHub\\ProyectoC2\\frontend\\src\\components\\CardInformation\\index.js","statementMap":{"0":{"start":{"line":4,"column":31},"end":{"line":14,"column":1}},"1":{"start":{"line":5,"column":2},"end":{"line":13,"column":4}}},"fnMap":{"0":{"name":"(anonymous_0)","decl":{"start":{"line":4,"column":31},"end":{"line":4,"column":32}},"loc":{"start":{"line":4,"column":45},"end":{"line":14,"column":1}},"line":4}},"branchMap":{},"s":{"0":1,"1":1},"f":{"0":1},"b":{},"_coverageSchema":"1a1c01bbd47fc00a2c39e90264f33305004495a9","hash":"6e0e3be01c2c3e1e6ed541dae3b414340e363739"}
,"D:\\Cursos\\Platzi\\Platzi Master\\Cursos\\Git_GitHub\\ProyectoC2\\frontend\\src\\components\\CardInformation\\styles.js": {"path":"D:\\Cursos\\Platzi\\Platzi Master\\Cursos\\Git_GitHub\\ProyectoC2\\frontend\\src\\components\\CardInformation\\styles.js","statementMap":{"0":{"start":{"line":3,"column":25},"end":{"line":10,"column":1}}},"fnMap":{},"branchMap":{},"s":{"0":1},"f":{},"b":{},"_coverageSchema":"1a1c01bbd47fc00a2c39e90264f33305004495a9","hash":"b1c686bc817a3080b62f0ebf95a32e04cb1e2ca7"}
,"D:\\Cursos\\Platzi\\Platzi Master\\Cursos\\Git_GitHub\\ProyectoC2\\frontend\\src\\components\\CardMembers\\index.js": {"path":"D:\\Cursos\\Platzi\\Platzi Master\\Cursos\\Git_GitHub\\ProyectoC2\\frontend\\src\\components\\CardMembers\\index.js","statementMap":{"0":{"start":{"line":8,"column":27},"end":{"line":55,"column":1}},"1":{"start":{"line":16,"column":2},"end":{"line":54,"column":4}}},"fnMap":{"0":{"name":"(anonymous_0)","decl":{"start":{"line":8,"column":27},"end":{"line":8,"column":28}},"loc":{"start":{"line":15,"column":6},"end":{"line":55,"column":1}},"line":15}},"branchMap":{"0":{"loc":{"start":{"line":21,"column":11},"end":{"line":25,"column":11}},"type":"cond-expr","locations":[{"start":{"line":22,"column":12},"end":{"line":22,"column":31}},{"start":{"line":24,"column":12},"end":{"line":24,"column":77}}],"line":21},"1":{"loc":{"start":{"line":29,"column":11},"end":{"line":35,"column":11}},"type":"cond-expr","locations":[{"start":{"line":30,"column":12},"end":{"line":32,"column":16}},{"start":{"line":34,"column":12},"end":{"line":34,"column":14}}],"line":29},"2":{"loc":{"start":{"line":36,"column":11},"end":{"line":42,"column":11}},"type":"cond-expr","locations":[{"start":{"line":37,"column":12},"end":{"line":39,"column":16}},{"start":{"line":41,"column":12},"end":{"line":41,"column":14}}],"line":36},"3":{"loc":{"start":{"line":43,"column":11},"end":{"line":49,"column":11}},"type":"cond-expr","locations":[{"start":{"line":44,"column":12},"end":{"line":46,"column":16}},{"start":{"line":48,"column":12},"end":{"line":48,"column":14}}],"line":43}},"s":{"0":1,"1":1},"f":{"0":1},"b":{"0":[0,1],"1":[0,1],"2":[0,1],"3":[0,1]},"_coverageSchema":"1a1c01bbd47fc00a2c39e90264f33305004495a9","hash":"c42c7187e1cdcf602905a66e051574109c2e33b5"}
,"D:\\Cursos\\Platzi\\Platzi Master\\Cursos\\Git_GitHub\\ProyectoC2\\frontend\\src\\components\\CardMembers\\styles.js": {"path":"D:\\Cursos\\Platzi\\Platzi Master\\Cursos\\Git_GitHub\\ProyectoC2\\frontend\\src\\components\\CardMembers\\styles.js","statementMap":{"0":{"start":{"line":3,"column":23},"end":{"line":30,"column":1}},"1":{"start":{"line":32,"column":21},"end":{"line":38,"column":1}}},"fnMap":{},"branchMap":{},"s":{"0":1,"1":1},"f":{},"b":{},"_coverageSchema":"1a1c01bbd47fc00a2c39e90264f33305004495a9","hash":"8357bee0de654e7a1cb80346f6829f50d8a0818b"}
,"D:\\Cursos\\Platzi\\Platzi Master\\Cursos\\Git_GitHub\\ProyectoC2\\frontend\\src\\components\\CardPerson\\index.js": {"path":"D:\\Cursos\\Platzi\\Platzi Master\\Cursos\\Git_GitHub\\ProyectoC2\\frontend\\src\\components\\CardPerson\\index.js","statementMap":{"0":{"start":{"line":8,"column":26},"end":{"line":39,"column":1}},"1":{"start":{"line":9,"column":2},"end":{"line":38,"column":4}}},"fnMap":{"0":{"name":"(anonymous_0)","decl":{"start":{"line":8,"column":26},"end":{"line":8,"column":27}},"loc":{"start":{"line":8,"column":67},"end":{"line":39,"column":1}},"line":8}},"branchMap":{"0":{"loc":{"start":{"line":15,"column":11},"end":{"line":15,"column":36}},"type":"cond-expr","locations":[{"start":{"line":15,"column":18},"end":{"line":15,"column":31}},{"start":{"line":15,"column":34},"end":{"line":15,"column":36}}],"line":15},"1":{"loc":{"start":{"line":27,"column":9},"end":{"line":35,"column":9}},"type":"cond-expr","locations":[{"start":{"line":28,"column":10},"end":{"line":32,"column":11}},{"start":{"line":34,"column":10},"end":{"line":34,"column":56}}],"line":27},"2":{"loc":{"start":{"line":28,"column":10},"end":{"line":32,"column":11}},"type":"cond-expr","locations":[{"start":{"line":29,"column":12},"end":{"line":29,"column":66}},{"start":{"line":31,"column":12},"end":{"line":31,"column":65}}],"line":28}},"s":{"0":1,"1":1},"f":{"0":1},"b":{"0":[1,0],"1":[1,0],"2":[1,0]},"_coverageSchema":"1a1c01bbd47fc00a2c39e90264f33305004495a9","hash":"cdfad2970374e751534fedee8f2ed741168b24b0"}
,"D:\\Cursos\\Platzi\\Platzi Master\\Cursos\\Git_GitHub\\ProyectoC2\\frontend\\src\\components\\CardPerson\\styles.js": {"path":"D:\\Cursos\\Platzi\\Platzi Master\\Cursos\\Git_GitHub\\ProyectoC2\\frontend\\src\\components\\CardPerson\\styles.js","statementMap":{"0":{"start":{"line":4,"column":22},"end":{"line":23,"column":1}},"1":{"start":{"line":25,"column":26},"end":{"line":55,"column":1}},"2":{"start":{"line":57,"column":27},"end":{"line":96,"column":1}},"3":{"start":{"line":98,"column":20},"end":{"line":107,"column":1}}},"fnMap":{},"branchMap":{},"s":{"0":1,"1":1,"2":1,"3":1},"f":{},"b":{},"_coverageSchema":"1a1c01bbd47fc00a2c39e90264f33305004495a9","hash":"8aa1ac49a7f963c9c14205249a0ac2fa059b970a"}
,"D:\\Cursos\\Platzi\\Platzi Master\\Cursos\\Git_GitHub\\ProyectoC2\\frontend\\src\\components\\Footer\\index.js": {"path":"D:\\Cursos\\Platzi\\Platzi Master\\Cursos\\Git_GitHub\\ProyectoC2\\frontend\\src\\components\\Footer\\index.js","statementMap":{"0":{"start":{"line":5,"column":22},"end":{"line":11,"column":1}},"1":{"start":{"line":6,"column":2},"end":{"line":10,"column":16}}},"fnMap":{"0":{"name":"(anonymous_0)","decl":{"start":{"line":5,"column":22},"end":{"line":5,"column":23}},"loc":{"start":{"line":6,"column":2},"end":{"line":10,"column":16}},"line":6}},"branchMap":{},"s":{"0":1,"1":1},"f":{"0":1},"b":{},"_coverageSchema":"1a1c01bbd47fc00a2c39e90264f33305004495a9","hash":"0f97a01183cc6f8203fd6db65648fc485122b6a3"}
,"D:\\Cursos\\Platzi\\Platzi Master\\Cursos\\Git_GitHub\\ProyectoC2\\frontend\\src\\components\\Footer\\styles.js": {"path":"D:\\Cursos\\Platzi\\Platzi Master\\Cursos\\Git_GitHub\\ProyectoC2\\frontend\\src\\components\\Footer\\styles.js","statementMap":{"0":{"start":{"line":3,"column":27},"end":{"line":17,"column":1}},"1":{"start":{"line":19,"column":20},"end":{"line":43,"column":1}}},"fnMap":{},"branchMap":{},"s":{"0":1,"1":1},"f":{},"b":{},"_coverageSchema":"1a1c01bbd47fc00a2c39e90264f33305004495a9","hash":"4cf3a0b69d63ea9b50d542f23ea3b4fe2cea360f"}
,"D:\\Cursos\\Platzi\\Platzi Master\\Cursos\\Git_GitHub\\ProyectoC2\\frontend\\src\\components\\Footer\\NavBar\\index.js": {"path":"D:\\Cursos\\Platzi\\Platzi Master\\Cursos\\Git_GitHub\\ProyectoC2\\frontend\\src\\components\\Footer\\NavBar\\index.js","statementMap":{"0":{"start":{"line":4,"column":28},"end":{"line":12,"column":1}},"1":{"start":{"line":5,"column":2},"end":{"line":11,"column":4}}},"fnMap":{"0":{"name":"(anonymous_0)","decl":{"start":{"line":4,"column":28},"end":{"line":4,"column":29}},"loc":{"start":{"line":4,"column":34},"end":{"line":12,"column":1}},"line":4}},"branchMap":{},"s":{"0":1,"1":2},"f":{"0":2},"b":{},"_coverageSchema":"1a1c01bbd47fc00a2c39e90264f33305004495a9","hash":"99f61e4f2daf041b6a99f6a715f7dd498cb76fe2"}
,"D:\\Cursos\\Platzi\\Platzi Master\\Cursos\\Git_GitHub\\ProyectoC2\\frontend\\src\\components\\Footer\\NavBar\\styles.js": {"path":"D:\\Cursos\\Platzi\\Platzi Master\\Cursos\\Git_GitHub\\ProyectoC2\\frontend\\src\\components\\Footer\\NavBar\\styles.js","statementMap":{"0":{"start":{"line":4,"column":19},"end":{"line":17,"column":1}},"1":{"start":{"line":19,"column":20},"end":{"line":52,"column":1}},"2":{"start":{"line":54,"column":17},"end":{"line":68,"column":1}}},"fnMap":{},"branchMap":{},"s":{"0":1,"1":1,"2":1},"f":{},"b":{},"_coverageSchema":"1a1c01bbd47fc00a2c39e90264f33305004495a9","hash":"82118f30e668c630d8860781d59b197ea233c143"}
,"D:\\Cursos\\Platzi\\Platzi Master\\Cursos\\Git_GitHub\\ProyectoC2\\frontend\\src\\components\\Footer\\Social\\index.js": {"path":"D:\\Cursos\\Platzi\\Platzi Master\\Cursos\\Git_GitHub\\ProyectoC2\\frontend\\src\\components\\Footer\\Social\\index.js","statementMap":{"0":{"start":{"line":5,"column":22},"end":{"line":17,"column":1}},"1":{"start":{"line":6,"column":2},"end":{"line":16,"column":7}}},"fnMap":{"0":{"name":"(anonymous_0)","decl":{"start":{"line":5,"column":22},"end":{"line":5,"column":23}},"loc":{"start":{"line":6,"column":2},"end":{"line":16,"column":7}},"line":6}},"branchMap":{},"s":{"0":1,"1":1},"f":{"0":1},"b":{},"_coverageSchema":"1a1c01bbd47fc00a2c39e90264f33305004495a9","hash":"4e53fb392c0c6869f9cc1aee479d78340396f49f"}
,"D:\\Cursos\\Platzi\\Platzi Master\\Cursos\\Git_GitHub\\ProyectoC2\\frontend\\src\\components\\Footer\\Social\\styles.js": {"path":"D:\\Cursos\\Platzi\\Platzi Master\\Cursos\\Git_GitHub\\ProyectoC2\\frontend\\src\\components\\Footer\\Social\\styles.js","statementMap":{"0":{"start":{"line":3,"column":18},"end":{"line":14,"column":1}},"1":{"start":{"line":16,"column":18},"end":{"line":22,"column":1}},"2":{"start":{"line":24,"column":22},"end":{"line":30,"column":1}}},"fnMap":{},"branchMap":{},"s":{"0":1,"1":1,"2":1},"f":{},"b":{},"_coverageSchema":"1a1c01bbd47fc00a2c39e90264f33305004495a9","hash":"89bc56c8ba72426abbe52c6081c0bf134729cdec"}
,"D:\\Cursos\\Platzi\\Platzi Master\\Cursos\\Git_GitHub\\ProyectoC2\\frontend\\src\\components\\Header\\index.js": {"path":"D:\\Cursos\\Platzi\\Platzi Master\\Cursos\\Git_GitHub\\ProyectoC2\\frontend\\src\\components\\Header\\index.js","statementMap":{"0":{"start":{"line":8,"column":22},"end":{"line":26,"column":1}},"1":{"start":{"line":9,"column":13},"end":{"line":9,"column":53}},"2":{"start":{"line":10,"column":2},"end":{"line":12,"column":3}},"3":{"start":{"line":11,"column":4},"end":{"line":11,"column":50}},"4":{"start":{"line":13,"column":2},"end":{"line":15,"column":3}},"5":{"start":{"line":14,"column":4},"end":{"line":14,"column":50}},"6":{"start":{"line":16,"column":2},"end":{"line":25,"column":4}}},"fnMap":{"0":{"name":"(anonymous_0)","decl":{"start":{"line":8,"column":22},"end":{"line":8,"column":23}},"loc":{"start":{"line":8,"column":28},"end":{"line":26,"column":1}},"line":8}},"branchMap":{"0":{"loc":{"start":{"line":10,"column":2},"end":{"line":12,"column":3}},"type":"if","locations":[{"start":{"line":10,"column":2},"end":{"line":12,"column":3}},{"start":{"line":10,"column":2},"end":{"line":12,"column":3}}],"line":10},"1":{"loc":{"start":{"line":13,"column":2},"end":{"line":15,"column":3}},"type":"if","locations":[{"start":{"line":13,"column":2},"end":{"line":15,"column":3}},{"start":{"line":13,"column":2},"end":{"line":15,"column":3}}],"line":13}},"s":{"0":1,"1":1,"2":1,"3":1,"4":1,"5":1,"6":1},"f":{"0":1},"b":{"0":[1,0],"1":[1,0]},"_coverageSchema":"1a1c01bbd47fc00a2c39e90264f33305004495a9","hash":"14c226c989d4c86f5d332269ef6bfac8709c917c"}
,"D:\\Cursos\\Platzi\\Platzi Master\\Cursos\\Git_GitHub\\ProyectoC2\\frontend\\src\\components\\Header\\styles.js": {"path":"D:\\Cursos\\Platzi\\Platzi Master\\Cursos\\Git_GitHub\\ProyectoC2\\frontend\\src\\components\\Header\\styles.js","statementMap":{"0":{"start":{"line":3,"column":27},"end":{"line":22,"column":1}},"1":{"start":{"line":24,"column":20},"end":{"line":44,"column":1}}},"fnMap":{},"branchMap":{},"s":{"0":1,"1":1},"f":{},"b":{},"_coverageSchema":"1a1c01bbd47fc00a2c39e90264f33305004495a9","hash":"d25f521af3567b56e228d6f30263407fcb5bd704"}
,"D:\\Cursos\\Platzi\\Platzi Master\\Cursos\\Git_GitHub\\ProyectoC2\\frontend\\src\\components\\Header\\NavBar\\index.js": {"path":"D:\\Cursos\\Platzi\\Platzi Master\\Cursos\\Git_GitHub\\ProyectoC2\\frontend\\src\\components\\Header\\NavBar\\index.js","statementMap":{"0":{"start":{"line":7,"column":22},"end":{"line":99,"column":1}},"1":{"start":{"line":8,"column":2},"end":{"line":98,"column":21}},"2":{"start":{"line":10,"column":6},"end":{"line":28,"column":7}},"3":{"start":{"line":11,"column":8},"end":{"line":19,"column":9}},"4":{"start":{"line":12,"column":10},"end":{"line":18,"column":12}},"5":{"start":{"line":20,"column":8},"end":{"line":27,"column":10}},"6":{"start":{"line":29,"column":6},"end":{"line":46,"column":7}},"7":{"start":{"line":30,"column":8},"end":{"line":38,"column":9}},"8":{"start":{"line":31,"column":10},"end":{"line":37,"column":12}},"9":{"start":{"line":39,"column":8},"end":{"line":45,"column":10}},"10":{"start":{"line":47,"column":6},"end":{"line":71,"column":7}},"11":{"start":{"line":48,"column":8},"end":{"line":59,"column":9}},"12":{"start":{"line":49,"column":10},"end":{"line":58,"column":12}},"13":{"start":{"line":60,"column":8},"end":{"line":70,"column":10}},"14":{"start":{"line":72,"column":6},"end":{"line":96,"column":7}},"15":{"start":{"line":73,"column":8},"end":{"line":84,"column":9}},"16":{"start":{"line":74,"column":10},"end":{"line":83,"column":12}},"17":{"start":{"line":85,"column":8},"end":{"line":95,"column":10}}},"fnMap":{"0":{"name":"(anonymous_0)","decl":{"start":{"line":7,"column":22},"end":{"line":7,"column":23}},"loc":{"start":{"line":8,"column":2},"end":{"line":98,"column":21}},"line":8},"1":{"name":"(anonymous_1)","decl":{"start":{"line":9,"column":5},"end":{"line":9,"column":6}},"loc":{"start":{"line":9,"column":23},"end":{"line":97,"column":5}},"line":9}},"branchMap":{"0":{"loc":{"start":{"line":10,"column":6},"end":{"line":28,"column":7}},"type":"if","locations":[{"start":{"line":10,"column":6},"end":{"line":28,"column":7}},{"start":{"line":10,"column":6},"end":{"line":28,"column":7}}],"line":10},"1":{"loc":{"start":{"line":11,"column":8},"end":{"line":19,"column":9}},"type":"if","locations":[{"start":{"line":11,"column":8},"end":{"line":19,"column":9}},{"start":{"line":11,"column":8},"end":{"line":19,"column":9}}],"line":11},"2":{"loc":{"start":{"line":29,"column":6},"end":{"line":46,"column":7}},"type":"if","locations":[{"start":{"line":29,"column":6},"end":{"line":46,"column":7}},{"start":{"line":29,"column":6},"end":{"line":46,"column":7}}],"line":29},"3":{"loc":{"start":{"line":30,"column":8},"end":{"line":38,"column":9}},"type":"if","locations":[{"start":{"line":30,"column":8},"end":{"line":38,"column":9}},{"start":{"line":30,"column":8},"end":{"line":38,"column":9}}],"line":30},"4":{"loc":{"start":{"line":47,"column":6},"end":{"line":71,"column":7}},"type":"if","locations":[{"start":{"line":47,"column":6},"end":{"line":71,"column":7}},{"start":{"line":47,"column":6},"end":{"line":71,"column":7}}],"line":47},"5":{"loc":{"start":{"line":48,"column":8},"end":{"line":59,"column":9}},"type":"if","locations":[{"start":{"line":48,"column":8},"end":{"line":59,"column":9}},{"start":{"line":48,"column":8},"end":{"line":59,"column":9}}],"line":48},"6":{"loc":{"start":{"line":72,"column":6},"end":{"line":96,"column":7}},"type":"if","locations":[{"start":{"line":72,"column":6},"end":{"line":96,"column":7}},{"start":{"line":72,"column":6},"end":{"line":96,"column":7}}],"line":72},"7":{"loc":{"start":{"line":73,"column":8},"end":{"line":84,"column":9}},"type":"if","locations":[{"start":{"line":73,"column":8},"end":{"line":84,"column":9}},{"start":{"line":73,"column":8},"end":{"line":84,"column":9}}],"line":73}},"s":{"0":1,"1":1,"2":1,"3":1,"4":1,"5":0,"6":0,"7":0,"8":0,"9":0,"10":0,"11":0,"12":0,"13":0,"14":0,"15":0,"16":0,"17":0},"f":{"0":1,"1":1},"b":{"0":[1,0],"1":[1,0],"2":[0,0],"3":[0,0],"4":[0,0],"5":[0,0],"6":[0,0],"7":[0,0]},"_coverageSchema":"1a1c01bbd47fc00a2c39e90264f33305004495a9","hash":"3a81501b7420d1aa9c44bc26bb300df71f9b58f0"}
,"D:\\Cursos\\Platzi\\Platzi Master\\Cursos\\Git_GitHub\\ProyectoC2\\frontend\\src\\components\\Header\\NavBar\\styles.js": {"path":"D:\\Cursos\\Platzi\\Platzi Master\\Cursos\\Git_GitHub\\ProyectoC2\\frontend\\src\\components\\Header\\NavBar\\styles.js","statementMap":{"0":{"start":{"line":4,"column":19},"end":{"line":17,"column":1}},"1":{"start":{"line":19,"column":20},"end":{"line":74,"column":1}},"2":{"start":{"line":76,"column":23},"end":{"line":78,"column":1}},"3":{"start":{"line":80,"column":25},"end":{"line":83,"column":1}}},"fnMap":{},"branchMap":{},"s":{"0":1,"1":1,"2":1,"3":1},"f":{},"b":{},"_coverageSchema":"1a1c01bbd47fc00a2c39e90264f33305004495a9","hash":"ca2b890e123f7f1a915191a803c7b26723136b76"}
,"D:\\Cursos\\Platzi\\Platzi Master\\Cursos\\Git_GitHub\\ProyectoC2\\frontend\\src\\components\\HeaderImages\\index.js": {"path":"D:\\Cursos\\Platzi\\Platzi Master\\Cursos\\Git_GitHub\\ProyectoC2\\frontend\\src\\components\\HeaderImages\\index.js","statementMap":{"0":{"start":{"line":5,"column":28},"end":{"line":7,"column":1}},"1":{"start":{"line":6,"column":2},"end":{"line":6,"column":67}}},"fnMap":{"0":{"name":"(anonymous_0)","decl":{"start":{"line":5,"column":28},"end":{"line":5,"column":29}},"loc":{"start":{"line":5,"column":47},"end":{"line":7,"column":1}},"line":5}},"branchMap":{},"s":{"0":1,"1":1},"f":{"0":1},"b":{},"_coverageSchema":"1a1c01bbd47fc00a2c39e90264f33305004495a9","hash":"41c264809e2740ed92cea8ad1d9e16645d87be1a"}
,"D:\\Cursos\\Platzi\\Platzi Master\\Cursos\\Git_GitHub\\ProyectoC2\\frontend\\src\\components\\HeaderImages\\styles.js": {"path":"D:\\Cursos\\Platzi\\Platzi Master\\Cursos\\Git_GitHub\\ProyectoC2\\frontend\\src\\components\\HeaderImages\\styles.js","statementMap":{"0":{"start":{"line":8,"column":31},"end":{"line":29,"column":1}},"1":{"start":{"line":13,"column":6},"end":{"line":13,"column":55}},"2":{"start":{"line":15,"column":6},"end":{"line":18,"column":50}}},"fnMap":{"0":{"name":"(anonymous_0)","decl":{"start":{"line":12,"column":21},"end":{"line":12,"column":22}},"loc":{"start":{"line":13,"column":6},"end":{"line":13,"column":55}},"line":13},"1":{"name":"(anonymous_1)","decl":{"start":{"line":14,"column":18},"end":{"line":14,"column":19}},"loc":{"start":{"line":15,"column":6},"end":{"line":18,"column":50}},"line":15}},"branchMap":{"0":{"loc":{"start":{"line":13,"column":6},"end":{"line":13,"column":55}},"type":"cond-expr","locations":[{"start":{"line":13,"column":29},"end":{"line":13,"column":34}},{"start":{"line":13,"column":37},"end":{"line":13,"column":55}}],"line":13},"1":{"loc":{"start":{"line":15,"column":6},"end":{"line":18,"column":50}},"type":"binary-expr","locations":[{"start":{"line":15,"column":7},"end":{"line":15,"column":27}},{"start":{"line":15,"column":31},"end":{"line":15,"column":49}},{"start":{"line":16,"column":7},"end":{"line":16,"column":27}},{"start":{"line":16,"column":31},"end":{"line":16,"column":49}},{"start":{"line":17,"column":7},"end":{"line":17,"column":27}},{"start":{"line":17,"column":31},"end":{"line":17,"column":49}},{"start":{"line":18,"column":7},"end":{"line":18,"column":27}},{"start":{"line":18,"column":31},"end":{"line":18,"column":49}}],"line":15}},"s":{"0":1,"1":1,"2":1},"f":{"0":1,"1":1},"b":{"0":[0,1],"1":[1,0,1,0,1,0,1,0]},"_coverageSchema":"1a1c01bbd47fc00a2c39e90264f33305004495a9","hash":"44cadf2827c1e1decb22b3d787306787e9e8927e"}
,"D:\\Cursos\\Platzi\\Platzi Master\\Cursos\\Git_GitHub\\ProyectoC2\\frontend\\src\\components\\ImagesWithProcess\\index.js": {"path":"D:\\Cursos\\Platzi\\Platzi Master\\Cursos\\Git_GitHub\\ProyectoC2\\frontend\\src\\components\\ImagesWithProcess\\index.js","statementMap":{"0":{"start":{"line":11,"column":33},"end":{"line":43,"column":1}},"1":{"start":{"line":21,"column":2},"end":{"line":21,"column":45}},"2":{"start":{"line":22,"column":2},"end":{"line":22,"column":45}},"3":{"start":{"line":23,"column":2},"end":{"line":23,"column":45}},"4":{"start":{"line":24,"column":2},"end":{"line":24,"column":45}},"5":{"start":{"line":25,"column":2},"end":{"line":25,"column":43}},"6":{"start":{"line":26,"column":2},"end":{"line":42,"column":4}}},"fnMap":{"0":{"name":"(anonymous_0)","decl":{"start":{"line":11,"column":33},"end":{"line":11,"column":34}},"loc":{"start":{"line":19,"column":6},"end":{"line":43,"column":1}},"line":19}},"branchMap":{"0":{"loc":{"start":{"line":21,"column":2},"end":{"line":21,"column":44}},"type":"cond-expr","locations":[{"start":{"line":21,"column":20},"end":{"line":21,"column":38}},{"start":{"line":21,"column":42},"end":{"line":21,"column":44}}],"line":21},"1":{"loc":{"start":{"line":22,"column":2},"end":{"line":22,"column":44}},"type":"cond-expr","locations":[{"start":{"line":22,"column":20},"end":{"line":22,"column":38}},{"start":{"line":22,"column":42},"end":{"line":22,"column":44}}],"line":22},"2":{"loc":{"start":{"line":23,"column":2},"end":{"line":23,"column":44}},"type":"cond-expr","locations":[{"start":{"line":23,"column":20},"end":{"line":23,"column":38}},{"start":{"line":23,"column":42},"end":{"line":23,"column":44}}],"line":23},"3":{"loc":{"start":{"line":24,"column":2},"end":{"line":24,"column":44}},"type":"cond-expr","locations":[{"start":{"line":24,"column":20},"end":{"line":24,"column":38}},{"start":{"line":24,"column":42},"end":{"line":24,"column":44}}],"line":24},"4":{"loc":{"start":{"line":25,"column":2},"end":{"line":25,"column":42}},"type":"cond-expr","locations":[{"start":{"line":25,"column":20},"end":{"line":25,"column":36}},{"start":{"line":25,"column":40},"end":{"line":25,"column":42}}],"line":25}},"s":{"0":1,"1":1,"2":1,"3":1,"4":1,"5":1,"6":1},"f":{"0":1},"b":{"0":[0,1],"1":[0,1],"2":[0,1],"3":[0,1],"4":[0,1]},"_coverageSchema":"1a1c01bbd47fc00a2c39e90264f33305004495a9","hash":"6673d76220b8cf6a74b741e015f25adbfca54506"}
,"D:\\Cursos\\Platzi\\Platzi Master\\Cursos\\Git_GitHub\\ProyectoC2\\frontend\\src\\components\\ImagesWithProcess\\styles.js": {"path":"D:\\Cursos\\Platzi\\Platzi Master\\Cursos\\Git_GitHub\\ProyectoC2\\frontend\\src\\components\\ImagesWithProcess\\styles.js","statementMap":{"0":{"start":{"line":4,"column":20},"end":{"line":43,"column":1}},"1":{"start":{"line":7,"column":22},"end":{"line":7,"column":44}},"2":{"start":{"line":8,"column":23},"end":{"line":8,"column":46}},"3":{"start":{"line":12,"column":38},"end":{"line":12,"column":49}},"4":{"start":{"line":32,"column":26},"end":{"line":32,"column":63}},"5":{"start":{"line":37,"column":26},"end":{"line":37,"column":63}},"6":{"start":{"line":38,"column":25},"end":{"line":38,"column":62}},"7":{"start":{"line":45,"column":23},"end":{"line":56,"column":1}},"8":{"start":{"line":58,"column":23},"end":{"line":70,"column":1}},"9":{"start":{"line":72,"column":18},"end":{"line":86,"column":1}}},"fnMap":{"0":{"name":"(anonymous_0)","decl":{"start":{"line":7,"column":11},"end":{"line":7,"column":12}},"loc":{"start":{"line":7,"column":22},"end":{"line":7,"column":44}},"line":7},"1":{"name":"(anonymous_1)","decl":{"start":{"line":8,"column":12},"end":{"line":8,"column":13}},"loc":{"start":{"line":8,"column":23},"end":{"line":8,"column":46}},"line":8},"2":{"name":"(anonymous_2)","decl":{"start":{"line":12,"column":27},"end":{"line":12,"column":28}},"loc":{"start":{"line":12,"column":38},"end":{"line":12,"column":49}},"line":12},"3":{"name":"(anonymous_3)","decl":{"start":{"line":32,"column":14},"end":{"line":32,"column":15}},"loc":{"start":{"line":32,"column":26},"end":{"line":32,"column":63}},"line":32},"4":{"name":"(anonymous_4)","decl":{"start":{"line":37,"column":14},"end":{"line":37,"column":15}},"loc":{"start":{"line":37,"column":26},"end":{"line":37,"column":63}},"line":37},"5":{"name":"(anonymous_5)","decl":{"start":{"line":38,"column":13},"end":{"line":38,"column":14}},"loc":{"start":{"line":38,"column":25},"end":{"line":38,"column":62}},"line":38}},"branchMap":{"0":{"loc":{"start":{"line":7,"column":22},"end":{"line":7,"column":44}},"type":"binary-expr","locations":[{"start":{"line":7,"column":22},"end":{"line":7,"column":33}},{"start":{"line":7,"column":37},"end":{"line":7,"column":44}}],"line":7},"1":{"loc":{"start":{"line":8,"column":23},"end":{"line":8,"column":46}},"type":"binary-expr","locations":[{"start":{"line":8,"column":23},"end":{"line":8,"column":35}},{"start":{"line":8,"column":39},"end":{"line":8,"column":46}}],"line":8},"2":{"loc":{"start":{"line":32,"column":26},"end":{"line":32,"column":63}},"type":"cond-expr","locations":[{"start":{"line":32,"column":51},"end":{"line":32,"column":58}},{"start":{"line":32,"column":61},"end":{"line":32,"column":63}}],"line":32},"3":{"loc":{"start":{"line":37,"column":26},"end":{"line":37,"column":63}},"type":"cond-expr","locations":[{"start":{"line":37,"column":51},"end":{"line":37,"column":58}},{"start":{"line":37,"column":61},"end":{"line":37,"column":63}}],"line":37},"4":{"loc":{"start":{"line":38,"column":25},"end":{"line":38,"column":62}},"type":"cond-expr","locations":[{"start":{"line":38,"column":50},"end":{"line":38,"column":57}},{"start":{"line":38,"column":60},"end":{"line":38,"column":62}}],"line":38}},"s":{"0":1,"1":1,"2":1,"3":1,"4":1,"5":1,"6":1,"7":1,"8":1,"9":1},"f":{"0":1,"1":1,"2":1,"3":1,"4":1,"5":1},"b":{"0":[1,0],"1":[1,0],"2":[1,0],"3":[1,0],"4":[1,0]},"_coverageSchema":"1a1c01bbd47fc00a2c39e90264f33305004495a9","hash":"2cde64e47db4b4dc097328a73c88e8c41dbf8fa6"}
,"D:\\Cursos\\Platzi\\Platzi Master\\Cursos\\Git_GitHub\\ProyectoC2\\frontend\\src\\components\\List\\index.js": {"path":"D:\\Cursos\\Platzi\\Platzi Master\\Cursos\\Git_GitHub\\ProyectoC2\\frontend\\src\\components\\List\\index.js","statementMap":{"0":{"start":{"line":6,"column":20},"end":{"line":18,"column":1}},"1":{"start":{"line":7,"column":2},"end":{"line":17,"column":4}},"2":{"start":{"line":10,"column":8},"end":{"line":13,"column":29}}},"fnMap":{"0":{"name":"(anonymous_0)","decl":{"start":{"line":6,"column":20},"end":{"line":6,"column":21}},"loc":{"start":{"line":6,"column":54},"end":{"line":18,"column":1}},"line":6},"1":{"name":"(anonymous_1)","decl":{"start":{"line":9,"column":16},"end":{"line":9,"column":17}},"loc":{"start":{"line":10,"column":8},"end":{"line":13,"column":29}},"line":10}},"branchMap":{},"s":{"0":1,"1":1,"2":3},"f":{"0":1,"1":3},"b":{},"_coverageSchema":"1a1c01bbd47fc00a2c39e90264f33305004495a9","hash":"d4ad0c99c6db863c174b541d2ecc821d1374a69f"}
,"D:\\Cursos\\Platzi\\Platzi Master\\Cursos\\Git_GitHub\\ProyectoC2\\frontend\\src\\components\\List\\styles.js": {"path":"D:\\Cursos\\Platzi\\Platzi Master\\Cursos\\Git_GitHub\\ProyectoC2\\frontend\\src\\components\\List\\styles.js","statementMap":{"0":{"start":{"line":3,"column":25},"end":{"line":20,"column":1}},"1":{"start":{"line":22,"column":34},"end":{"line":31,"column":1}},"2":{"start":{"line":23,"column":23},"end":{"line":23,"column":52}},"3":{"start":{"line":33,"column":17},"end":{"line":35,"column":1}},"4":{"start":{"line":37,"column":21},"end":{"line":42,"column":1}}},"fnMap":{"0":{"name":"(anonymous_0)","decl":{"start":{"line":23,"column":11},"end":{"line":23,"column":12}},"loc":{"start":{"line":23,"column":23},"end":{"line":23,"column":52}},"line":23}},"branchMap":{"0":{"loc":{"start":{"line":23,"column":23},"end":{"line":23,"column":52}},"type":"cond-expr","locations":[{"start":{"line":23,"column":36},"end":{"line":23,"column":42}},{"start":{"line":23,"column":45},"end":{"line":23,"column":52}}],"line":23}},"s":{"0":1,"1":1,"2":3,"3":1,"4":1},"f":{"0":3},"b":{"0":[3,0]},"_coverageSchema":"1a1c01bbd47fc00a2c39e90264f33305004495a9","hash":"9526d9e02428aea24c8630800a48408d526e57bb"}
,"D:\\Cursos\\Platzi\\Platzi Master\\Cursos\\Git_GitHub\\ProyectoC2\\frontend\\src\\components\\Table\\index.js": {"path":"D:\\Cursos\\Platzi\\Platzi Master\\Cursos\\Git_GitHub\\ProyectoC2\\frontend\\src\\components\\Table\\index.js","statementMap":{"0":{"start":{"line":4,"column":21},"end":{"line":47,"column":1}},"1":{"start":{"line":5,"column":68},"end":{"line":5,"column":73}},"2":{"start":{"line":6,"column":19},"end":{"line":6,"column":21}},"3":{"start":{"line":8,"column":2},"end":{"line":10,"column":5}},"4":{"start":{"line":9,"column":4},"end":{"line":9,"column":17}},"5":{"start":{"line":12,"column":22},"end":{"line":23,"column":3}},"6":{"start":{"line":13,"column":16},"end":{"line":13,"column":18}},"7":{"start":{"line":15,"column":4},"end":{"line":21,"column":5}},"8":{"start":{"line":15,"column":17},"end":{"line":15,"column":18}},"9":{"start":{"line":16,"column":21},"end":{"line":16,"column":23}},"10":{"start":{"line":17,"column":6},"end":{"line":19,"column":7}},"11":{"start":{"line":17,"column":19},"end":{"line":17,"column":20}},"12":{"start":{"line":18,"column":8},"end":{"line":18,"column":47}},"13":{"start":{"line":20,"column":6},"end":{"line":20,"column":46}},"14":{"start":{"line":22,"column":4},"end":{"line":22,"column":17}},"15":{"start":{"line":25,"column":2},"end":{"line":46,"column":4}}},"fnMap":{"0":{"name":"(anonymous_0)","decl":{"start":{"line":4,"column":21},"end":{"line":4,"column":22}},"loc":{"start":{"line":4,"column":32},"end":{"line":47,"column":1}},"line":4},"1":{"name":"(anonymous_1)","decl":{"start":{"line":8,"column":29},"end":{"line":8,"column":30}},"loc":{"start":{"line":8,"column":38},"end":{"line":10,"column":3}},"line":8},"2":{"name":"(anonymous_2)","decl":{"start":{"line":12,"column":22},"end":{"line":12,"column":23}},"loc":{"start":{"line":12,"column":38},"end":{"line":23,"column":3}},"line":12}},"branchMap":{"0":{"loc":{"start":{"line":29,"column":11},"end":{"line":29,"column":36}},"type":"binary-expr","locations":[{"start":{"line":29,"column":11},"end":{"line":29,"column":15}},{"start":{"line":29,"column":19},"end":{"line":29,"column":36}}],"line":29},"1":{"loc":{"start":{"line":30,"column":11},"end":{"line":30,"column":36}},"type":"binary-expr","locations":[{"start":{"line":30,"column":11},"end":{"line":30,"column":15}},{"start":{"line":30,"column":19},"end":{"line":30,"column":36}}],"line":30},"2":{"loc":{"start":{"line":31,"column":11},"end":{"line":31,"column":36}},"type":"binary-expr","locations":[{"start":{"line":31,"column":11},"end":{"line":31,"column":15}},{"start":{"line":31,"column":19},"end":{"line":31,"column":36}}],"line":31},"3":{"loc":{"start":{"line":32,"column":11},"end":{"line":32,"column":36}},"type":"binary-expr","locations":[{"start":{"line":32,"column":11},"end":{"line":32,"column":15}},{"start":{"line":32,"column":19},"end":{"line":32,"column":36}}],"line":32},"4":{"loc":{"start":{"line":33,"column":11},"end":{"line":33,"column":36}},"type":"binary-expr","locations":[{"start":{"line":33,"column":11},"end":{"line":33,"column":15}},{"start":{"line":33,"column":19},"end":{"line":33,"column":36}}],"line":33},"5":{"loc":{"start":{"line":34,"column":11},"end":{"line":34,"column":36}},"type":"binary-expr","locations":[{"start":{"line":34,"column":11},"end":{"line":34,"column":15}},{"start":{"line":34,"column":19},"end":{"line":34,"column":36}}],"line":34},"6":{"loc":{"start":{"line":35,"column":11},"end":{"line":35,"column":36}},"type":"binary-expr","locations":[{"start":{"line":35,"column":11},"end":{"line":35,"column":15}},{"start":{"line":35,"column":19},"end":{"line":35,"column":36}}],"line":35},"7":{"loc":{"start":{"line":36,"column":11},"end":{"line":36,"column":36}},"type":"binary-expr","locations":[{"start":{"line":36,"column":11},"end":{"line":36,"column":15}},{"start":{"line":36,"column":19},"end":{"line":36,"column":36}}],"line":36}},"s":{"0":1,"1":1,"2":1,"3":1,"4":1,"5":1,"6":1,"7":1,"8":1,"9":6,"10":6,"11":6,"12":0,"13":6,"14":1,"15":1},"f":{"0":1,"1":1,"2":1},"b":{"0":[1,0],"1":[1,0],"2":[1,0],"3":[1,0],"4":[1,0],"5":[1,0],"6":[1,0],"7":[1,0]},"_coverageSchema":"1a1c01bbd47fc00a2c39e90264f33305004495a9","hash":"6be9fe7aa3b8adc111a980a6ac128b71be47036d"}
,"D:\\Cursos\\Platzi\\Platzi Master\\Cursos\\Git_GitHub\\ProyectoC2\\frontend\\src\\components\\Table\\styles.js": {"path":"D:\\Cursos\\Platzi\\Platzi Master\\Cursos\\Git_GitHub\\ProyectoC2\\frontend\\src\\components\\Table\\styles.js","statementMap":{"0":{"start":{"line":3,"column":21},"end":{"line":33,"column":1}}},"fnMap":{},"branchMap":{},"s":{"0":1},"f":{},"b":{},"_coverageSchema":"1a1c01bbd47fc00a2c39e90264f33305004495a9","hash":"0e67c1209c3c988ecff5cb2d3be79418751391da"}
}
