TN:
SF:src\Context.js
FN:4,(anonymous_0)
FN:8,(anonymous_1)
FNF:2
FNH:1
FNDA:1,(anonymous_0)
FNDA:0,(anonymous_1)
DA:2,1
DA:4,1
DA:5,1
DA:6,1
DA:9,0
DA:13,1
LF:6
LH:5
BRF:0
BRH:0
end_of_record
TN:
SF:src\assets\static\icon-accountCircle.js
FN:3,(anonymous_0)
FNF:1
FNH:1
FNDA:4,(anonymous_0)
DA:3,3
DA:4,4
LF:2
LH:2
BRF:0
BRH:0
end_of_record
TN:
SF:src\assets\static\icon-add.js
FN:3,(anonymous_0)
FNF:1
FNH:1
FNDA:1,(anonymous_0)
DA:3,1
DA:4,1
LF:2
LH:2
BRF:0
BRH:0
end_of_record
TN:
SF:src\assets\static\icon-avatar.js
FN:3,(anonymous_0)
FNF:1
FNH:0
FNDA:0,(anonymous_0)
DA:3,1
DA:4,0
LF:2
LH:1
BRF:0
BRH:0
end_of_record
TN:
SF:src\assets\static\icon-duration.js
FN:3,(anonymous_0)
FNF:1
FNH:1
FNDA:2,(anonymous_0)
DA:3,1
DA:4,2
LF:2
LH:2
BRF:0
BRH:0
end_of_record
TN:
SF:src\assets\static\icon-edit.js
FN:3,(anonymous_0)
FNF:1
FNH:1
FNDA:1,(anonymous_0)
DA:3,1
DA:4,1
LF:2
LH:2
BRF:0
BRH:0
end_of_record
TN:
SF:src\assets\static\icon-email.js
FN:3,(anonymous_0)
FNF:1
FNH:1
FNDA:1,(anonymous_0)
DA:3,1
DA:4,1
LF:2
LH:2
BRF:0
BRH:0
end_of_record
TN:
SF:src\assets\static\icon-github.js
FN:3,(anonymous_0)
FNF:1
FNH:1
FNDA:2,(anonymous_0)
DA:3,2
DA:4,2
LF:2
LH:2
BRF:0
BRH:0
end_of_record
TN:
SF:src\assets\static\icon-linkedin.js
FN:3,(anonymous_0)
FNF:1
FNH:1
FNDA:1,(anonymous_0)
DA:3,1
DA:4,1
LF:2
LH:2
BRF:0
BRH:0
end_of_record
TN:
SF:src\assets\static\icon-menu.js
FN:3,(anonymous_0)
FNF:1
FNH:1
FNDA:1,(anonymous_0)
DA:3,1
DA:4,1
LF:2
LH:2
BRF:0
BRH:0
end_of_record
TN:
SF:src\assets\static\icon-password.js
FN:3,(anonymous_0)
FNF:1
FNH:1
FNDA:1,(anonymous_0)
DA:3,1
DA:4,1
LF:2
LH:2
BRF:0
BRH:0
end_of_record
TN:
SF:src\assets\static\icon-price.js
FN:3,(anonymous_0)
FNF:1
FNH:1
FNDA:2,(anonymous_0)
DA:3,1
DA:4,2
LF:2
LH:2
BRF:0
BRH:0
end_of_record
TN:
SF:src\assets\static\icon-twitter.js
FN:3,(anonymous_0)
FNF:1
FNH:1
FNDA:1,(anonymous_0)
DA:3,1
DA:4,1
LF:2
LH:2
BRF:0
BRH:0
end_of_record
TN:
SF:src\assets\static\icon-type.js
FN:3,(anonymous_0)
FNF:1
FNH:1
FNDA:1,(anonymous_0)
DA:3,1
DA:4,1
LF:2
LH:2
BRF:0
BRH:0
end_of_record
TN:
SF:src\assets\static\logo-ocs-f.js
FN:3,(anonymous_0)
FNF:1
FNH:0
FNDA:0,(anonymous_0)
DA:3,1
DA:4,0
LF:2
LH:1
BRF:0
BRH:0
end_of_record
TN:
SF:src\assets\static\logo-ocs.js
FN:3,(anonymous_0)
FNF:1
FNH:1
FNDA:1,(anonymous_0)
DA:3,1
DA:4,1
LF:2
LH:2
BRF:0
BRH:0
end_of_record
TN:
SF:src\components\AdminForms\index.js
FN:19,(anonymous_0)
FN:20,(anonymous_1)
FNF:2
FNH:2
FNDA:1,(anonymous_0)
FNDA:1,(anonymous_1)
DA:19,1
DA:20,1
DA:21,1
DA:25,1
DA:85,1
DA:86,0
DA:113,1
LF:7
LH:6
BRDA:25,0,0,0
BRDA:25,0,1,1
BRDA:85,1,0,0
BRDA:85,1,1,1
BRF:4
BRH:2
end_of_record
TN:
SF:src\components\AdminForms\styles.js
FNF:0
FNH:0
DA:3,1
DA:16,1
DA:23,1
DA:86,1
DA:91,1
DA:108,1
DA:112,1
LF:7
LH:7
BRF:0
BRH:0
end_of_record
TN:
SF:src\components\Buttons\index.js
FN:5,(anonymous_0)
FNF:1
FNH:1
FNDA:5,(anonymous_0)
DA:5,3
DA:6,5
DA:8,5
LF:3
LH:3
BRDA:6,0,0,5
BRDA:6,0,1,0
BRF:2
BRH:1
end_of_record
TN:
SF:src\components\Buttons\styles.js
FN:8,(anonymous_0)
FN:16,(anonymous_1)
FN:17,(anonymous_2)
FNF:3
FNH:3
FNDA:5,(anonymous_0)
FNDA:5,(anonymous_1)
FNDA:5,(anonymous_2)
DA:3,3
DA:8,5
DA:16,5
DA:17,5
LF:4
LH:4
BRDA:16,0,0,5
BRDA:16,0,1,0
BRDA:17,1,0,5
BRDA:17,1,1,0
BRF:4
BRH:2
end_of_record
TN:
SF:src\components\CardInformation\index.js
FN:4,(anonymous_0)
FNF:1
FNH:1
FNDA:1,(anonymous_0)
DA:4,1
DA:5,1
LF:2
LH:2
BRF:0
BRH:0
end_of_record
TN:
SF:src\components\CardInformation\styles.js
FNF:0
FNH:0
DA:3,1
LF:1
LH:1
BRF:0
BRH:0
end_of_record
TN:
SF:src\components\CardMembers\index.js
FN:8,(anonymous_0)
FNF:1
FNH:1
FNDA:1,(anonymous_0)
DA:8,1
DA:16,1
LF:2
LH:2
BRDA:21,0,0,0
BRDA:21,0,1,1
BRDA:29,1,0,0
BRDA:29,1,1,1
BRDA:36,2,0,0
BRDA:36,2,1,1
BRDA:43,3,0,0
BRDA:43,3,1,1
BRF:8
BRH:4
end_of_record
TN:
SF:src\components\CardMembers\styles.js
FNF:0
FNH:0
DA:3,1
DA:32,1
LF:2
LH:2
BRF:0
BRH:0
end_of_record
TN:
SF:src\components\CardPerson\index.js
FN:8,(anonymous_0)
FNF:1
FNH:1
FNDA:1,(anonymous_0)
DA:8,1
DA:9,1
LF:2
LH:2
BRDA:15,0,0,0
BRDA:15,0,1,1
BRDA:27,1,0,1
BRDA:27,1,1,0
BRDA:28,2,0,0
BRDA:28,2,1,1
BRF:6
BRH:3
end_of_record
TN:
SF:src\components\CardPerson\styles.js
FNF:0
FNH:0
DA:4,1
DA:25,1
DA:57,1
DA:98,1
LF:4
LH:4
BRF:0
BRH:0
end_of_record
TN:
SF:src\components\Footer\index.js
FN:5,(anonymous_0)
FNF:1
FNH:1
FNDA:1,(anonymous_0)
DA:5,1
DA:6,1
LF:2
LH:2
BRF:0
BRH:0
end_of_record
TN:
SF:src\components\Footer\styles.js
FNF:0
FNH:0
DA:3,1
DA:19,1
LF:2
LH:2
BRF:0
BRH:0
end_of_record
TN:
SF:src\components\Footer\NavBar\index.js
FN:4,(anonymous_0)
FNF:1
FNH:1
FNDA:2,(anonymous_0)
DA:4,1
DA:5,2
LF:2
LH:2
BRF:0
BRH:0
end_of_record
TN:
SF:src\components\Footer\NavBar\styles.js
FNF:0
FNH:0
DA:4,1
DA:19,1
DA:54,1
LF:3
LH:3
BRF:0
BRH:0
end_of_record
TN:
SF:src\components\Footer\Social\index.js
FN:5,(anonymous_0)
FNF:1
FNH:1
FNDA:1,(anonymous_0)
DA:5,1
DA:6,1
LF:2
LH:2
BRF:0
BRH:0
end_of_record
TN:
SF:src\components\Footer\Social\styles.js
FNF:0
FNH:0
DA:3,1
DA:16,1
DA:24,1
LF:3
LH:3
BRF:0
BRH:0
end_of_record
TN:
SF:src\components\Header\index.js
FN:8,(anonymous_0)
FNF:1
FNH:1
FNDA:1,(anonymous_0)
DA:8,1
DA:9,1
DA:10,1
DA:11,1
DA:13,1
DA:14,1
DA:16,1
LF:7
LH:7
BRDA:10,0,0,1
BRDA:10,0,1,0
BRDA:13,1,0,1
BRDA:13,1,1,0
BRF:4
BRH:2
end_of_record
TN:
SF:src\components\Header\styles.js
FNF:0
FNH:0
DA:3,1
DA:24,1
LF:2
LH:2
BRF:0
BRH:0
end_of_record
TN:
SF:src\components\Header\NavBar\index.js
FN:7,(anonymous_0)
FN:9,(anonymous_1)
FNF:2
FNH:2
FNDA:1,(anonymous_0)
FNDA:1,(anonymous_1)
DA:7,1
DA:8,1
DA:10,1
DA:11,1
DA:12,1
DA:20,0
DA:29,0
DA:30,0
DA:31,0
DA:39,0
DA:47,0
DA:48,0
DA:49,0
DA:60,0
DA:72,0
DA:73,0
DA:74,0
DA:85,0
LF:18
LH:5
BRDA:10,0,0,1
BRDA:10,0,1,0
BRDA:11,1,0,1
BRDA:11,1,1,0
BRDA:29,2,0,0
BRDA:29,2,1,0
BRDA:30,3,0,0
BRDA:30,3,1,0
BRDA:47,4,0,0
BRDA:47,4,1,0
BRDA:48,5,0,0
BRDA:48,5,1,0
BRDA:72,6,0,0
BRDA:72,6,1,0
BRDA:73,7,0,0
BRDA:73,7,1,0
BRF:16
BRH:2
end_of_record
TN:
SF:src\components\Header\NavBar\styles.js
FNF:0
FNH:0
DA:4,1
DA:19,1
DA:76,1
DA:80,1
LF:4
LH:4
BRF:0
BRH:0
end_of_record
